2020-10-14T00:17:29+00:00 CRITICAL Uncaught Error: Call to undefined function vc_add_param() in /home/ganja/web/ganjaking.asia/public_html/wp-content/plugins/memberpress-wpbakery/MpWpBakery.php:50
Stack trace:
#0 /home/ganja/web/ganjaking.asia/public_html/wp-includes/class-wp-hook.php(287): MpWpBakery->settings()
#1 /home/ganja/web/ganjaking.asia/public_html/wp-includes/class-wp-hook.php(311): WP_Hook->apply_filters()
#2 /home/ganja/web/ganjaking.asia/public_html/wp-includes/plugin.php(478): WP_Hook->do_action()
#3 /home/ganja/web/ganjaking.asia/public_html/wp-settings.php(546): do_action()
#4 /home/ganja/web/ganjaking.asia/public_html/wp-config.php(92): require_once('/home/ganja/web...')
#5 /home/ganja/web/ganjaking.asia/public_html/wp-load.php(37): require_once('/home/ganja/web...')
#6 /home/ganja/web/ganjaking.asia/public_html/wp-admin/admin-ajax.php(22): require_once('/home/ganja/web...')
#7 {main}
  thrown in /home/ganja/web/ganjaking.asia/public_html/wp-content/plugins/memberpress-wpbakery/MpWpBakery.php on line 50

2020-10-14T00:17:41+00:00 CRITICAL Uncaught Error: Call to undefined function vc_add_param() in /home/ganja/web/ganjaking.asia/public_html/wp-content/plugins/memberpress-wpbakery/MpWpBakery.php:50
Stack trace:
#0 /home/ganja/web/ganjaking.asia/public_html/wp-includes/class-wp-hook.php(287): MpWpBakery->settings()
#1 /home/ganja/web/ganjaking.asia/public_html/wp-includes/class-wp-hook.php(311): WP_Hook->apply_filters()
#2 /home/ganja/web/ganjaking.asia/public_html/wp-includes/plugin.php(478): WP_Hook->do_action()
#3 /home/ganja/web/ganjaking.asia/public_html/wp-settings.php(546): do_action()
#4 /home/ganja/web/ganjaking.asia/public_html/wp-config.php(92): require_once('/home/ganja/web...')
#5 /home/ganja/web/ganjaking.asia/public_html/wp-load.php(37): require_once('/home/ganja/web...')
#6 /home/ganja/web/ganjaking.asia/public_html/wp-admin/admin.php(34): require_once('/home/ganja/web...')
#7 /home/ganja/web/ganjaking.asia/public_html/wp-admin/plugins.php(10): require_once('/home/ganja/web...')
#8 {main}
  thrown in /home/ganja/web/ganjaking.asia/public_html/wp-content/plugins/memberpress-wpbakery/MpWpBakery.php on line 50

2020-10-14T00:17:46+00:00 CRITICAL Uncaught Error: Call to undefined function vc_add_param() in /home/ganja/web/ganjaking.asia/public_html/wp-content/plugins/memberpress-wpbakery/MpWpBakery.php:50
Stack trace:
#0 /home/ganja/web/ganjaking.asia/public_html/wp-includes/class-wp-hook.php(287): MpWpBakery->settings()
#1 /home/ganja/web/ganjaking.asia/public_html/wp-includes/class-wp-hook.php(311): WP_Hook->apply_filters()
#2 /home/ganja/web/ganjaking.asia/public_html/wp-includes/plugin.php(478): WP_Hook->do_action()
#3 /home/ganja/web/ganjaking.asia/public_html/wp-settings.php(546): do_action()
#4 /home/ganja/web/ganjaking.asia/public_html/wp-config.php(92): require_once('/home/ganja/web...')
#5 /home/ganja/web/ganjaking.asia/public_html/wp-load.php(37): require_once('/home/ganja/web...')
#6 /home/ganja/web/ganjaking.asia/public_html/wp-admin/admin.php(34): require_once('/home/ganja/web...')
#7 /home/ganja/web/ganjaking.asia/public_html/wp-admin/plugins.php(10): require_once('/home/ganja/web...')
#8 {main}
  thrown in /home/ganja/web/ganjaking.asia/public_html/wp-content/plugins/memberpress-wpbakery/MpWpBakery.php on line 50

2020-10-14T00:17:53+00:00 CRITICAL Uncaught Error: Call to undefined function vc_add_param() in /home/ganja/web/ganjaking.asia/public_html/wp-content/plugins/memberpress-wpbakery/MpWpBakery.php:50
Stack trace:
#0 /home/ganja/web/ganjaking.asia/public_html/wp-includes/class-wp-hook.php(287): MpWpBakery->settings()
#1 /home/ganja/web/ganjaking.asia/public_html/wp-includes/class-wp-hook.php(311): WP_Hook->apply_filters()
#2 /home/ganja/web/ganjaking.asia/public_html/wp-includes/plugin.php(478): WP_Hook->do_action()
#3 /home/ganja/web/ganjaking.asia/public_html/wp-settings.php(546): do_action()
#4 /home/ganja/web/ganjaking.asia/public_html/wp-config.php(92): require_once('/home/ganja/web...')
#5 /home/ganja/web/ganjaking.asia/public_html/wp-load.php(37): require_once('/home/ganja/web...')
#6 /home/ganja/web/ganjaking.asia/public_html/wp-admin/admin.php(34): require_once('/home/ganja/web...')
#7 /home/ganja/web/ganjaking.asia/public_html/wp-admin/plugins.php(10): require_once('/home/ganja/web...')
#8 {main}
  thrown in /home/ganja/web/ganjaking.asia/public_html/wp-content/plugins/memberpress-wpbakery/MpWpBakery.php on line 50

2020-10-14T00:17:53+00:00 CRITICAL Uncaught Error: Call to undefined function vc_add_param() in /home/ganja/web/ganjaking.asia/public_html/wp-content/plugins/memberpress-wpbakery/MpWpBakery.php:50
Stack trace:
#0 /home/ganja/web/ganjaking.asia/public_html/wp-includes/class-wp-hook.php(287): MpWpBakery->settings()
#1 /home/ganja/web/ganjaking.asia/public_html/wp-includes/class-wp-hook.php(311): WP_Hook->apply_filters()
#2 /home/ganja/web/ganjaking.asia/public_html/wp-includes/plugin.php(478): WP_Hook->do_action()
#3 /home/ganja/web/ganjaking.asia/public_html/wp-settings.php(546): do_action()
#4 /home/ganja/web/ganjaking.asia/public_html/wp-config.php(92): require_once('/home/ganja/web...')
#5 /home/ganja/web/ganjaking.asia/public_html/wp-load.php(37): require_once('/home/ganja/web...')
#6 /home/ganja/web/ganjaking.asia/public_html/wp-cron.php(44): require_once('/home/ganja/web...')
#7 {main}
  thrown in /home/ganja/web/ganjaking.asia/public_html/wp-content/plugins/memberpress-wpbakery/MpWpBakery.php on line 50

2020-10-14T00:28:57+00:00 CRITICAL Uncaught Error: Call to undefined function Illuminate\Database\Query\array_wrap() in /home/ganja/web/ganjaking.asia/public_html/wp-content/plugins/wedevs-project-manager/vendor/illuminate/database/Query/Builder.php:1953
Stack trace:
#0 /home/ganja/web/ganjaking.asia/public_html/wp-content/plugins/wedevs-project-manager/vendor/illuminate/database/Eloquent/Builder.php(1251): Illuminate\Database\Query\Builder->count()
#1 /home/ganja/web/ganjaking.asia/public_html/wp-content/plugins/wedevs-project-manager/vendor/illuminate/database/Eloquent/Model.php(1374): Illuminate\Database\Eloquent\Builder->__call()
#2 /home/ganja/web/ganjaking.asia/public_html/wp-content/plugins/wedevs-project-manager/vendor/illuminate/database/Eloquent/Model.php(1386): Illuminate\Database\Eloquent\Model->__call()
#3 /home/ganja/web/ganjaking.asia/public_html/wp-content/plugins/wedevs-project-manager/db/seeds/RoleTableSeeder.php(20): Illuminate\Database\Eloquent\Model::__callStatic()
#4 /home/ganja/web/ganjaking.asia/public_html/wp-content/p in /home/ganja/web/ganjaking.asia/public_html/wp-content/plugins/wedevs-project-manager/vendor/illuminate/database/Query/Builder.php on line 1953

2020-10-14T00:48:57+00:00 CRITICAL Uncaught Error: Call to undefined function SWP() in /home/ganja/web/ganjaking.asia/public_html/wp-content/plugins/searchwp-fuzzy-matches/searchwp-fuzzy.php:236
Stack trace:
#0 /home/ganja/web/ganjaking.asia/public_html/wp-includes/class-wp-hook.php(289): SearchWPFuzzy->plugin_row()
#1 /home/ganja/web/ganjaking.asia/public_html/wp-includes/class-wp-hook.php(311): WP_Hook->apply_filters()
#2 /home/ganja/web/ganjaking.asia/public_html/wp-includes/plugin.php(478): WP_Hook->do_action()
#3 /home/ganja/web/ganjaking.asia/public_html/wp-admin/includes/class-wp-plugins-list-table.php(1220): do_action()
#4 /home/ganja/web/ganjaking.asia/public_html/wp-admin/includes/class-wp-plugins-list-table.php(698): WP_Plugins_List_Table->single_row()
#5 /home/ganja/web/ganjaking.asia/public_html/wp-admin/includes/class-wp-list-table.php(1322): WP_Plugins_List_Table->display_rows()
#6 /home/ganja/web/ganjaking.asia/public_html/wp-admin/includes/class-wp-list-table.php(1249): WP_List_Table->display_rows_or_placeholder()
#7 /home/gan in /home/ganja/web/ganjaking.asia/public_html/wp-content/plugins/searchwp-fuzzy-matches/searchwp-fuzzy.php on line 236

2020-10-14T00:48:58+00:00 CRITICAL Uncaught Error: Call to undefined function SWP() in /home/ganja/web/ganjaking.asia/public_html/wp-content/plugins/searchwp-fuzzy-matches/searchwp-fuzzy.php:236
Stack trace:
#0 /home/ganja/web/ganjaking.asia/public_html/wp-includes/class-wp-hook.php(289): SearchWPFuzzy->plugin_row()
#1 /home/ganja/web/ganjaking.asia/public_html/wp-includes/class-wp-hook.php(311): WP_Hook->apply_filters()
#2 /home/ganja/web/ganjaking.asia/public_html/wp-includes/plugin.php(478): WP_Hook->do_action()
#3 /home/ganja/web/ganjaking.asia/public_html/wp-admin/includes/class-wp-plugins-list-table.php(1220): do_action()
#4 /home/ganja/web/ganjaking.asia/public_html/wp-admin/includes/class-wp-plugins-list-table.php(698): WP_Plugins_List_Table->single_row()
#5 /home/ganja/web/ganjaking.asia/public_html/wp-admin/includes/class-wp-list-table.php(1322): WP_Plugins_List_Table->display_rows()
#6 /home/ganja/web/ganjaking.asia/public_html/wp-admin/includes/class-wp-list-table.php(1249): WP_List_Table->display_rows_or_placeholder()
#7 /home/gan in /home/ganja/web/ganjaking.asia/public_html/wp-content/plugins/searchwp-fuzzy-matches/searchwp-fuzzy.php on line 236

2020-10-14T00:48:59+00:00 CRITICAL Uncaught Error: Call to undefined function SWP() in /home/ganja/web/ganjaking.asia/public_html/wp-content/plugins/searchwp-fuzzy-matches/searchwp-fuzzy.php:236
Stack trace:
#0 /home/ganja/web/ganjaking.asia/public_html/wp-includes/class-wp-hook.php(289): SearchWPFuzzy->plugin_row()
#1 /home/ganja/web/ganjaking.asia/public_html/wp-includes/class-wp-hook.php(311): WP_Hook->apply_filters()
#2 /home/ganja/web/ganjaking.asia/public_html/wp-includes/plugin.php(478): WP_Hook->do_action()
#3 /home/ganja/web/ganjaking.asia/public_html/wp-admin/includes/class-wp-plugins-list-table.php(1220): do_action()
#4 /home/ganja/web/ganjaking.asia/public_html/wp-admin/includes/class-wp-plugins-list-table.php(698): WP_Plugins_List_Table->single_row()
#5 /home/ganja/web/ganjaking.asia/public_html/wp-admin/includes/class-wp-list-table.php(1322): WP_Plugins_List_Table->display_rows()
#6 /home/ganja/web/ganjaking.asia/public_html/wp-admin/includes/class-wp-list-table.php(1249): WP_List_Table->display_rows_or_placeholder()
#7 /home/gan in /home/ganja/web/ganjaking.asia/public_html/wp-content/plugins/searchwp-fuzzy-matches/searchwp-fuzzy.php on line 236

2020-10-14T00:49:11+00:00 CRITICAL Uncaught Error: Call to undefined function SWP() in /home/ganja/web/ganjaking.asia/public_html/wp-content/plugins/searchwp-fuzzy-matches/searchwp-fuzzy.php:236
Stack trace:
#0 /home/ganja/web/ganjaking.asia/public_html/wp-includes/class-wp-hook.php(289): SearchWPFuzzy->plugin_row()
#1 /home/ganja/web/ganjaking.asia/public_html/wp-includes/class-wp-hook.php(311): WP_Hook->apply_filters()
#2 /home/ganja/web/ganjaking.asia/public_html/wp-includes/plugin.php(478): WP_Hook->do_action()
#3 /home/ganja/web/ganjaking.asia/public_html/wp-admin/includes/class-wp-plugins-list-table.php(1220): do_action()
#4 /home/ganja/web/ganjaking.asia/public_html/wp-admin/includes/class-wp-plugins-list-table.php(698): WP_Plugins_List_Table->single_row()
#5 /home/ganja/web/ganjaking.asia/public_html/wp-admin/includes/class-wp-list-table.php(1322): WP_Plugins_List_Table->display_rows()
#6 /home/ganja/web/ganjaking.asia/public_html/wp-admin/includes/class-wp-list-table.php(1249): WP_List_Table->display_rows_or_placeholder()
#7 /home/gan in /home/ganja/web/ganjaking.asia/public_html/wp-content/plugins/searchwp-fuzzy-matches/searchwp-fuzzy.php on line 236

2020-10-14T00:49:31+00:00 CRITICAL Uncaught Error: Call to undefined function SWP() in /home/ganja/web/ganjaking.asia/public_html/wp-content/plugins/searchwp-fuzzy-matches/searchwp-fuzzy.php:236
Stack trace:
#0 /home/ganja/web/ganjaking.asia/public_html/wp-includes/class-wp-hook.php(289): SearchWPFuzzy->plugin_row()
#1 /home/ganja/web/ganjaking.asia/public_html/wp-includes/class-wp-hook.php(311): WP_Hook->apply_filters()
#2 /home/ganja/web/ganjaking.asia/public_html/wp-includes/plugin.php(478): WP_Hook->do_action()
#3 /home/ganja/web/ganjaking.asia/public_html/wp-admin/includes/class-wp-plugins-list-table.php(1220): do_action()
#4 /home/ganja/web/ganjaking.asia/public_html/wp-admin/includes/class-wp-plugins-list-table.php(698): WP_Plugins_List_Table->single_row()
#5 /home/ganja/web/ganjaking.asia/public_html/wp-admin/includes/class-wp-list-table.php(1322): WP_Plugins_List_Table->display_rows()
#6 /home/ganja/web/ganjaking.asia/public_html/wp-admin/includes/class-wp-list-table.php(1249): WP_List_Table->display_rows_or_placeholder()
#7 /home/gan in /home/ganja/web/ganjaking.asia/public_html/wp-content/plugins/searchwp-fuzzy-matches/searchwp-fuzzy.php on line 236

