2020-08-11T16:31:23+00:00 CRITICAL Uncaught Error: Class 'WeDevs\PM_Pro\User\Models\User' not found in /home/gerekper/web/ganjaking.asia/public_html/wp-content/plugins/wedevs-project-manager-business/core/Notifications/Emails/Daily_Digest.php:75
Stack trace:
#0 /home/gerekper/web/ganjaking.asia/public_html/wp-includes/class-wp-hook.php(287): WeDevs\PM_Pro\Core\Notifications\Emails\Daily_Digest->daily_digest()
#1 /home/gerekper/web/ganjaking.asia/public_html/wp-includes/class-wp-hook.php(311): WP_Hook->apply_filters()
#2 /home/gerekper/web/ganjaking.asia/public_html/wp-includes/plugin.php(544): WP_Hook->do_action()
#3 /home/gerekper/web/ganjaking.asia/public_html/wp-cron.php(138): do_action_ref_array()
#4 {main}
  thrown in /home/gerekper/web/ganjaking.asia/public_html/wp-content/plugins/wedevs-project-manager-business/core/Notifications/Emails/Daily_Digest.php on line 75

2020-08-11T22:39:10+00:00 CRITICAL Uncaught Exception: Percona-XtraDB-Cluster prohibits use of DML command on a table (gerekper_ganja.wp_pm_category_project) without an explicit primary key with pxc_strict_mode = ENFORCING or MASTER in /home/gerekper/web/ganjaking.asia/public_html/wp-content/plugins/wedevs-project-manager/vendor/tareq1988/wp-eloquent/src/Eloquent/Database.php:293
Stack trace:
#0 /home/gerekper/web/ganjaking.asia/public_html/wp-content/plugins/wedevs-project-manager/vendor/tareq1988/wp-eloquent/src/Eloquent/Database.php(260): WeDevs\ORM\Eloquent\Database->affectingStatement()
#1 /home/gerekper/web/ganjaking.asia/public_html/wp-content/plugins/wedevs-project-manager/vendor/illuminate/database/Query/Builder.php(2225): WeDevs\ORM\Eloquent\Database->delete()
#2 /home/gerekper/web/ganjaking.asia/public_html/wp-content/plugins/wedevs-project-manager/vendor/illuminate/database/Eloquent/Relations/Concerns/InteractsWithPivotTable.php(364): Illuminate\Database\Query\Builder->delete()
#3 /home/gerekper/web/ganjaking.asia/public_html/wp-co in /home/gerekper/web/ganjaking.asia/public_html/wp-content/plugins/wedevs-project-manager/vendor/tareq1988/wp-eloquent/src/Eloquent/Database.php on line 293

2020-08-11T22:39:12+00:00 CRITICAL Uncaught Exception: Percona-XtraDB-Cluster prohibits use of DML command on a table (gerekper_ganja.wp_pm_category_project) without an explicit primary key with pxc_strict_mode = ENFORCING or MASTER in /home/gerekper/web/ganjaking.asia/public_html/wp-content/plugins/wedevs-project-manager/vendor/tareq1988/wp-eloquent/src/Eloquent/Database.php:293
Stack trace:
#0 /home/gerekper/web/ganjaking.asia/public_html/wp-content/plugins/wedevs-project-manager/vendor/tareq1988/wp-eloquent/src/Eloquent/Database.php(260): WeDevs\ORM\Eloquent\Database->affectingStatement()
#1 /home/gerekper/web/ganjaking.asia/public_html/wp-content/plugins/wedevs-project-manager/vendor/illuminate/database/Query/Builder.php(2225): WeDevs\ORM\Eloquent\Database->delete()
#2 /home/gerekper/web/ganjaking.asia/public_html/wp-content/plugins/wedevs-project-manager/vendor/illuminate/database/Eloquent/Relations/Concerns/InteractsWithPivotTable.php(364): Illuminate\Database\Query\Builder->delete()
#3 /home/gerekper/web/ganjaking.asia/public_html/wp-co in /home/gerekper/web/ganjaking.asia/public_html/wp-content/plugins/wedevs-project-manager/vendor/tareq1988/wp-eloquent/src/Eloquent/Database.php on line 293

2020-08-11T22:39:15+00:00 CRITICAL Uncaught Exception: Percona-XtraDB-Cluster prohibits use of DML command on a table (gerekper_ganja.wp_pm_category_project) without an explicit primary key with pxc_strict_mode = ENFORCING or MASTER in /home/gerekper/web/ganjaking.asia/public_html/wp-content/plugins/wedevs-project-manager/vendor/tareq1988/wp-eloquent/src/Eloquent/Database.php:293
Stack trace:
#0 /home/gerekper/web/ganjaking.asia/public_html/wp-content/plugins/wedevs-project-manager/vendor/tareq1988/wp-eloquent/src/Eloquent/Database.php(260): WeDevs\ORM\Eloquent\Database->affectingStatement()
#1 /home/gerekper/web/ganjaking.asia/public_html/wp-content/plugins/wedevs-project-manager/vendor/illuminate/database/Query/Builder.php(2225): WeDevs\ORM\Eloquent\Database->delete()
#2 /home/gerekper/web/ganjaking.asia/public_html/wp-content/plugins/wedevs-project-manager/vendor/illuminate/database/Eloquent/Relations/Concerns/InteractsWithPivotTable.php(364): Illuminate\Database\Query\Builder->delete()
#3 /home/gerekper/web/ganjaking.asia/public_html/wp-co in /home/gerekper/web/ganjaking.asia/public_html/wp-content/plugins/wedevs-project-manager/vendor/tareq1988/wp-eloquent/src/Eloquent/Database.php on line 293

2020-08-11T22:39:26+00:00 CRITICAL Uncaught Exception: Percona-XtraDB-Cluster prohibits use of DML command on a table (gerekper_ganja.wp_pm_category_project) without an explicit primary key with pxc_strict_mode = ENFORCING or MASTER in /home/gerekper/web/ganjaking.asia/public_html/wp-content/plugins/wedevs-project-manager/vendor/tareq1988/wp-eloquent/src/Eloquent/Database.php:293
Stack trace:
#0 /home/gerekper/web/ganjaking.asia/public_html/wp-content/plugins/wedevs-project-manager/vendor/tareq1988/wp-eloquent/src/Eloquent/Database.php(260): WeDevs\ORM\Eloquent\Database->affectingStatement()
#1 /home/gerekper/web/ganjaking.asia/public_html/wp-content/plugins/wedevs-project-manager/vendor/illuminate/database/Query/Builder.php(2225): WeDevs\ORM\Eloquent\Database->delete()
#2 /home/gerekper/web/ganjaking.asia/public_html/wp-content/plugins/wedevs-project-manager/vendor/illuminate/database/Eloquent/Relations/Concerns/InteractsWithPivotTable.php(364): Illuminate\Database\Query\Builder->delete()
#3 /home/gerekper/web/ganjaking.asia/public_html/wp-co in /home/gerekper/web/ganjaking.asia/public_html/wp-content/plugins/wedevs-project-manager/vendor/tareq1988/wp-eloquent/src/Eloquent/Database.php on line 293

2020-08-11T22:39:35+00:00 CRITICAL Uncaught Exception: Percona-XtraDB-Cluster prohibits use of DML command on a table (gerekper_ganja.wp_pm_category_project) without an explicit primary key with pxc_strict_mode = ENFORCING or MASTER in /home/gerekper/web/ganjaking.asia/public_html/wp-content/plugins/wedevs-project-manager/vendor/tareq1988/wp-eloquent/src/Eloquent/Database.php:293
Stack trace:
#0 /home/gerekper/web/ganjaking.asia/public_html/wp-content/plugins/wedevs-project-manager/vendor/tareq1988/wp-eloquent/src/Eloquent/Database.php(260): WeDevs\ORM\Eloquent\Database->affectingStatement()
#1 /home/gerekper/web/ganjaking.asia/public_html/wp-content/plugins/wedevs-project-manager/vendor/illuminate/database/Query/Builder.php(2225): WeDevs\ORM\Eloquent\Database->delete()
#2 /home/gerekper/web/ganjaking.asia/public_html/wp-content/plugins/wedevs-project-manager/vendor/illuminate/database/Eloquent/Relations/Concerns/InteractsWithPivotTable.php(364): Illuminate\Database\Query\Builder->delete()
#3 /home/gerekper/web/ganjaking.asia/public_html/wp-co in /home/gerekper/web/ganjaking.asia/public_html/wp-content/plugins/wedevs-project-manager/vendor/tareq1988/wp-eloquent/src/Eloquent/Database.php on line 293

