2020-08-13T23:19:19+00:00 CRITICAL Uncaught Error: Call to a member function get_queried_object() on null in /home/gerekper/web/ganjaking.asia/public_html/wp-includes/query.php:44
Stack trace:
#0 /home/gerekper/web/ganjaking.asia/public_html/wp-content/plugins/yith-woocommerce-ajax-navigation/includes/class.yith-wcan-frontend.php(123): get_queried_object()
#1 /home/gerekper/web/ganjaking.asia/public_html/wp-includes/class-wp-hook.php(287): YITH_WCAN_Frontend->the_posts()
#2 /home/gerekper/web/ganjaking.asia/public_html/wp-includes/plugin.php(249): WP_Hook->apply_filters()
#3 /home/gerekper/web/ganjaking.asia/public_html/wp-includes/class-wp-query.php(3190): apply_filters_ref_array()
#4 /home/gerekper/web/ganjaking.asia/public_html/wp-includes/class-wp-query.php(3448): WP_Query->get_posts()
#5 /home/gerekper/web/ganjaking.asia/public_html/wp-includes/post.php(2053): WP_Query->query()
#6 /home/gerekper/web/ganjaking.asia/public_html/wp-content/plugins/woocommerce-order-status-manager/includes/wc-order-status-manager-functions.php(48): get_posts( in /home/gerekper/web/ganjaking.asia/public_html/wp-includes/query.php on line 44

2020-08-13T23:19:28+00:00 CRITICAL Uncaught Error: Call to a member function get_queried_object() on null in /home/gerekper/web/ganjaking.asia/public_html/wp-includes/query.php:44
Stack trace:
#0 /home/gerekper/web/ganjaking.asia/public_html/wp-content/plugins/yith-woocommerce-ajax-navigation/includes/class.yith-wcan-frontend.php(123): get_queried_object()
#1 /home/gerekper/web/ganjaking.asia/public_html/wp-includes/class-wp-hook.php(287): YITH_WCAN_Frontend->the_posts()
#2 /home/gerekper/web/ganjaking.asia/public_html/wp-includes/plugin.php(249): WP_Hook->apply_filters()
#3 /home/gerekper/web/ganjaking.asia/public_html/wp-includes/class-wp-query.php(3190): apply_filters_ref_array()
#4 /home/gerekper/web/ganjaking.asia/public_html/wp-includes/class-wp-query.php(3448): WP_Query->get_posts()
#5 /home/gerekper/web/ganjaking.asia/public_html/wp-includes/post.php(2053): WP_Query->query()
#6 /home/gerekper/web/ganjaking.asia/public_html/wp-content/plugins/woocommerce-order-status-manager/includes/wc-order-status-manager-functions.php(48): get_posts( in /home/gerekper/web/ganjaking.asia/public_html/wp-includes/query.php on line 44

2020-08-13T23:19:35+00:00 CRITICAL Uncaught Error: Call to a member function get_queried_object() on null in /home/gerekper/web/ganjaking.asia/public_html/wp-includes/query.php:44
Stack trace:
#0 /home/gerekper/web/ganjaking.asia/public_html/wp-content/plugins/yith-woocommerce-ajax-navigation/includes/class.yith-wcan-frontend.php(123): get_queried_object()
#1 /home/gerekper/web/ganjaking.asia/public_html/wp-includes/class-wp-hook.php(287): YITH_WCAN_Frontend->the_posts()
#2 /home/gerekper/web/ganjaking.asia/public_html/wp-includes/plugin.php(249): WP_Hook->apply_filters()
#3 /home/gerekper/web/ganjaking.asia/public_html/wp-includes/class-wp-query.php(3190): apply_filters_ref_array()
#4 /home/gerekper/web/ganjaking.asia/public_html/wp-includes/class-wp-query.php(3448): WP_Query->get_posts()
#5 /home/gerekper/web/ganjaking.asia/public_html/wp-includes/post.php(2053): WP_Query->query()
#6 /home/gerekper/web/ganjaking.asia/public_html/wp-content/plugins/woocommerce-order-status-manager/includes/wc-order-status-manager-functions.php(48): get_posts( in /home/gerekper/web/ganjaking.asia/public_html/wp-includes/query.php on line 44

