2021-01-16T03:35:54+00:00 INFO Queuing 2.0.0 - wc_am_update_200_create_master_api_key
2021-01-16T03:35:54+00:00 INFO Queuing 2.0.0 - wc_am_update_200_data_migrate_orders
2021-01-16T03:35:54+00:00 INFO Queuing 2.0.0 - wc_am_update_200_data_migrate_activations
2021-01-16T03:35:54+00:00 INFO Queuing 2.0.0 - wc_am_update_200_data_add_product_id_and_add_api_orders_processed_flag_to_api_products
2021-01-16T03:35:54+00:00 INFO Queuing 2.0.0 - wc_am_update_200_data_merge_software_title
2021-01-16T03:35:54+00:00 INFO Queuing 2.0.0 - wc_am_update_200_db_version
2021-01-16T03:35:54+00:00 INFO Queuing 2.0.1 - wc_am_update_201_data_migrate_access_granted_to_order_created_time
2021-01-16T03:35:54+00:00 INFO Queuing 2.0.1 - wc_am_update_201_db_version
2021-01-16T03:35:54+00:00 INFO Queuing 2.0.5 - wc_am_update_205_check_if_api_resources_table_is_empty
2021-01-16T03:35:54+00:00 INFO Queuing 2.0.5 - wc_am_update_205_db_version
2021-01-16T03:35:54+00:00 INFO Queuing 2.2.6 - wc_am_update_2_2_6_db_version
2021-01-16T03:35:59+00:00 INFO Running wc_am_update_200_create_master_api_key callback
2021-01-16T03:35:59+00:00 INFO Finished wc_am_update_200_create_master_api_key callback
2021-01-16T03:35:59+00:00 INFO Running wc_am_update_200_data_migrate_orders callback
2021-01-16T03:35:59+00:00 INFO Finished wc_am_update_200_data_migrate_orders callback
2021-01-16T03:35:59+00:00 INFO Running wc_am_update_200_data_migrate_activations callback
2021-01-16T03:35:59+00:00 INFO Finished wc_am_update_200_data_migrate_activations callback
2021-01-16T03:35:59+00:00 INFO Running wc_am_update_200_data_add_product_id_and_add_api_orders_processed_flag_to_api_products callback
2021-01-16T03:36:00+00:00 INFO Finished wc_am_update_200_data_add_product_id_and_add_api_orders_processed_flag_to_api_products callback
2021-01-16T03:36:00+00:00 INFO Running wc_am_update_200_data_merge_software_title callback
2021-01-16T03:36:00+00:00 INFO Finished wc_am_update_200_data_merge_software_title callback
2021-01-16T03:36:00+00:00 INFO Running wc_am_update_200_db_version callback
2021-01-16T03:36:00+00:00 INFO Finished wc_am_update_200_db_version callback
2021-01-16T03:36:00+00:00 INFO Running wc_am_update_201_data_migrate_access_granted_to_order_created_time callback
2021-01-16T03:36:00+00:00 INFO Finished wc_am_update_201_data_migrate_access_granted_to_order_created_time callback
2021-01-16T03:36:00+00:00 INFO Running wc_am_update_201_db_version callback
2021-01-16T03:36:00+00:00 INFO Finished wc_am_update_201_db_version callback
2021-01-16T03:36:00+00:00 INFO Running wc_am_update_205_check_if_api_resources_table_is_empty callback
2021-01-16T03:36:00+00:00 INFO Finished wc_am_update_205_check_if_api_resources_table_is_empty callback
2021-01-16T03:36:00+00:00 INFO Running wc_am_update_205_db_version callback
2021-01-16T03:36:00+00:00 INFO Finished wc_am_update_205_db_version callback
2021-01-16T03:36:00+00:00 INFO Running wc_am_update_2_2_6_db_version callback
2021-01-16T03:36:00+00:00 INFO Finished wc_am_update_2_2_6_db_version callback
2021-01-16T03:36:00+00:00 INFO Data update complete
