2021-02-03T19:36:22+00:00 INFO Updating to version 3.0.0.
2021-02-03T19:36:22+00:00 INFO - Queuing wc_pb_update_300 callback.
2021-02-03T19:36:22+00:00 INFO - Queuing wc_pb_update_300_db_version callback.
2021-02-03T19:36:22+00:00 INFO Updating to version 5.0.0.
2021-02-03T19:36:22+00:00 INFO - Queuing wc_pb_update_500_main callback.
2021-02-03T19:36:22+00:00 INFO - Queuing wc_pb_update_500_delete_unused_meta callback.
2021-02-03T19:36:22+00:00 INFO - Queuing wc_pb_update_500_db_version callback.
2021-02-03T19:36:22+00:00 INFO Updating to version 5.1.0.
2021-02-03T19:36:22+00:00 INFO - Queuing wc_pb_update_510_main callback.
2021-02-03T19:36:22+00:00 INFO - Queuing wc_pb_update_510_delete_unused_meta callback.
2021-02-03T19:36:22+00:00 INFO - Queuing wc_pb_update_510_db_version callback.
2021-02-03T19:36:26+00:00 INFO - Running wc_pb_update_300 callback...
2021-02-03T19:36:26+00:00 INFO - Finished wc_pb_update_300 callback.
2021-02-03T19:36:26+00:00 INFO - Running wc_pb_update_300_db_version callback...
2021-02-03T19:36:26+00:00 INFO Database version is 3.0.0.
2021-02-03T19:36:26+00:00 INFO - Finished wc_pb_update_300_db_version callback.
2021-02-03T19:36:26+00:00 INFO - Running wc_pb_update_500_main callback...
2021-02-03T19:36:26+00:00 INFO - Finished wc_pb_update_500_main callback.
2021-02-03T19:36:26+00:00 INFO - Running wc_pb_update_500_delete_unused_meta callback...
2021-02-03T19:36:26+00:00 INFO - Finished wc_pb_update_500_delete_unused_meta callback.
2021-02-03T19:36:26+00:00 INFO - Running wc_pb_update_500_db_version callback...
2021-02-03T19:36:26+00:00 INFO Database version is 5.0.0.
2021-02-03T19:36:26+00:00 INFO - Finished wc_pb_update_500_db_version callback.
2021-02-03T19:36:26+00:00 INFO - Running wc_pb_update_510_main callback...
2021-02-03T19:36:26+00:00 INFO - Finished wc_pb_update_510_main callback.
2021-02-03T19:36:26+00:00 INFO - Running wc_pb_update_510_delete_unused_meta callback...
2021-02-03T19:36:26+00:00 INFO - Finished wc_pb_update_510_delete_unused_meta callback.
2021-02-03T19:36:26+00:00 INFO - Running wc_pb_update_510_db_version callback...
2021-02-03T19:36:26+00:00 INFO Database version is 5.1.0.
2021-02-03T19:36:26+00:00 INFO - Finished wc_pb_update_510_db_version callback.
2021-02-03T19:36:26+00:00 INFO Data update complete.
2021-02-03T19:36:26+00:00 INFO Database version is 6.7.2.
