10-14-2020 @ 07:03:24 - 3.0.9 upgrade complete from Subscriptions v3.0.8 while WooCommerce WC_VERSION 4.5.2 and database version 4.5.2 was active.
10-14-2020 @ 07:03:24 - Environment info:
10-14-2020 @ 07:03:24 -     WordPress Version : 5.5.1
10-14-2020 @ 07:03:24 - Active Plugins:
10-14-2020 @ 07:03:24 -     Admin Columns Pro by AdminColumns.com – 5.3.2
10-14-2020 @ 07:03:24 -     Advanced WordPress Reset by Younes JFR. – 1.1.1
10-14-2020 @ 07:03:24 -     AliDropship Woo Plugin by Vitaly Kukin & Yaroslav Nevskiy & Pavel Shishkin & Denis Zharov – 1.6.11
10-14-2020 @ 07:03:24 -     BetterDocs Pro by WPDeveloper – 1.3.3
10-14-2020 @ 07:03:24 -     BetterDocs by WPDeveloper – 1.3.4
10-14-2020 @ 07:03:24 -     Contact Form 7 by Takayuki Miyoshi – 5.2.2
10-14-2020 @ 07:03:24 -     Dynamic Featured Image by Ankit Pokhrel – 3.7.0
10-14-2020 @ 07:03:24 -     Energy+ by EN.ER.GY – 1.2.2
10-14-2020 @ 07:03:24 -     Force Regenerate Thumbnails by Pedro Elsner – 2.0.6
10-14-2020 @ 07:03:24 -     Groovy Menu by Grooni – 2.3.5.1
10-14-2020 @ 07:03:24 -     Social Slider Widget by creativemotion – 1.7.13
10-14-2020 @ 07:03:24 -     WPBakery Page Builder by Michael M - WPBakery.com – 6.4.1
10-14-2020 @ 07:03:24 -     MailPoet 3 Premium (New) by MailPoet – 3.0.93
10-14-2020 @ 07:03:24 -     MailPoet 3 (New) by MailPoet – 3.52.0
10-14-2020 @ 07:03:24 -     MemberPress Active Campaign by Caseproof, LLC – 1.0.4
10-14-2020 @ 07:03:24 -     MemberPress AWeber by Caseproof, LLC – 1.1.0
10-14-2020 @ 07:03:24 -     MemberPress AWS by Caseproof, LLC – 1.3.4
10-14-2020 @ 07:03:24 -     MemberPress Beaver Builder Content Protection by Caseproof, LLC – 1.0.4
10-14-2020 @ 07:03:24 -     MemberPress + BuddyPress Integration by Caseproof, LLC – 1.1.7
10-14-2020 @ 07:03:24 -     MemberPress Campaign Monitor by Caseproof, LLC – 1.0.2
10-14-2020 @ 07:03:24 -     MemberPress Constant Contact by Caseproof, LLC – 1.1.1
10-14-2020 @ 07:03:24 -     MemberPress ConvertKit by Caseproof, LLC – 1.2.1
10-14-2020 @ 07:03:24 -     MemberPress Corporate Accounts by Caseproof, LLC – 1.5.11
10-14-2020 @ 07:03:24 -     MemberPress Courses by Caseproof LLC – 1.0.9
10-14-2020 @ 07:03:24 -     MemberPress Delightful Downloads by Caseproof, LLC – 1.0.2
10-14-2020 @ 07:03:24 -     MemberPress Developer Tools by Caseproof, LLC – 1.1.39
10-14-2020 @ 07:03:24 -     MemberPress Divi Content Protection by Caseproof, LLC – 1.0.5
10-14-2020 @ 07:03:24 -     MemberPress Downloads by Caseproof, LLC – 1.1.1
10-14-2020 @ 07:03:24 -     MemberPress Drip - Tags Version by Caseproof, LLC – 1.1.1
10-14-2020 @ 07:03:24 -     MemberPress Elementor Content Protection by Caseproof, LLC – 1.0.1
10-14-2020 @ 07:03:24 -     MemberPress GetResponse by Caseproof, LLC – 1.1.0
10-14-2020 @ 07:03:24 -     MemberPress HelpScout by Caseproof, LLC – 1.0.7
10-14-2020 @ 07:03:24 -     MemberPress Importer by Caseproof, LLC – 1.6.1
10-14-2020 @ 07:03:24 -     MemberPress Mad Mimi by Caseproof, LLC – 1.0.2
10-14-2020 @ 07:03:24 -     MemberPress MailChimp 3.0 by Caseproof, LLC – 1.2.1
10-14-2020 @ 07:03:24 -     MemberPress MailPoet by Caseproof, LLC – 1.2.0
10-14-2020 @ 07:03:24 -     MemberPress Mailrelay by Caseproof, LLC – 1.0.5
10-14-2020 @ 07:03:24 -     MemberPress Mailster by Caseproof, LLC – 1.1.0
10-14-2020 @ 07:03:24 -     MemberPress Math CAPTCHA by Caseproof, LLC – 1.1.7
10-14-2020 @ 07:03:24 -     MemberPress PDF Invoice by Caseproof, LLC – 1.0.12
10-14-2020 @ 07:03:24 -     MemberPress Sendy by Caseproof, LLC – 1.0.5
10-14-2020 @ 07:03:24 -     MemberPress + Sensei by Caseproof, LLC – 1.0.2
10-14-2020 @ 07:03:24 -     MemberPress WooCommerce by Caseproof, LLC – 1.0.5
10-14-2020 @ 07:03:24 -     MemberPress WPBakery Content Protection by Caseproof, LLC – 1.0.0
10-14-2020 @ 07:03:24 -     MemberPress WP Simple Pay Pro by Caseproof, LLC – 1.0.3
10-14-2020 @ 07:03:24 -     MemberPress Plus by Caseproof, LLC – 1.9.3
10-14-2020 @ 07:03:24 -     Permalink Manager Pro by Maciej Bis – 2.2.9.1
10-14-2020 @ 07:03:24 -     Porto Theme - Functionality by P-Themes – 1.7.7
10-14-2020 @ 07:03:24 -     reCaptcha for WooCommerce by I Thirteen Web Solution – 1.0.17
10-14-2020 @ 07:03:24 -     Regenerate Thumbnails by Alex Mills (Viper007Bond) – 3.1.3
10-14-2020 @ 07:03:24 -     Slider Revolution by ThemePunch – 6.2.23
10-14-2020 @ 07:03:24 -     SUMO Reward Points by Fantastic Plugins – 25.3
10-14-2020 @ 07:03:24 -     SearchWP WooCommerce Integration by SearchWP – 1.3.9
10-14-2020 @ 07:03:24 -     Storefront Parallax Hero by WooCommerce – 1.5.7
10-14-2020 @ 07:03:24 -     WooCommerce Dynamic Pricing & Discounts by RightPress – 2.3.8
10-14-2020 @ 07:03:24 -     WooChimp by RightPress – 2.2.7
10-14-2020 @ 07:03:24 -     WooCommerce 360° Image by WooCommerce – 1.1.17
10-14-2020 @ 07:03:24 -     WooCommerce Account Funds by Themesquad – 2.3.1
10-14-2020 @ 07:03:24 -     WooCommerce Additional Variation Images by WooCommerce – 1.7.26
10-14-2020 @ 07:03:24 -     WooCommerce Address Validation by SkyVerge – 2.7.1
10-14-2020 @ 07:03:24 -     WooCommerce Advanced Notifications by WooCommerce – 1.2.28
10-14-2020 @ 07:03:24 -     WooCommerce Advanced Product Labels by Jeroen Sormani – 1.1.7
10-14-2020 @ 07:03:24 -     WooCommerce Advanced Ajax Layered Navigation by WooCommerce – 1.4.26
10-14-2020 @ 07:03:24 -     WooCommerce All Products For Subscriptions by SomewhereWarm – 3.1.18
10-14-2020 @ 07:03:24 -     WooCommerce Amazon Fulfillment by Never Settle – 3.3.2
10-14-2020 @ 07:03:24 -     WooCommerce Anti Fraud by OPMC Australia Pty Ltd – 3.0
10-14-2020 @ 07:03:24 -     WooCommerce API Manager by Todd Lahman LLC – 2.3.4
10-14-2020 @ 07:03:24 -     WooCommerce Authorize.Net Reporting by SkyVerge – 1.11.0
10-14-2020 @ 07:03:24 -     WooCommerce Bookings by WooCommerce – 1.15.29
10-14-2020 @ 07:03:24 -     WooCommerce Boost Sales Premium by Andy Ha (villatheme.com) – 1.4.2
10-14-2020 @ 07:03:24 -     WooCommerce Box Office by WooCommerce – 1.1.29
10-14-2020 @ 07:03:24 -     WooCommerce Branding by WooCommerce – 1.0.28
10-14-2020 @ 07:03:24 -     WooCommerce Brands by WooCommerce – 1.6.20
10-14-2020 @ 07:03:24 -     WooCommerce Bulk Stock Management by WooCommerce – 2.2.30
10-14-2020 @ 07:03:24 -     WooCommerce Bulk Variations by Lucas Stark – 1.6.6
10-14-2020 @ 07:03:24 -     WooCommerce Cart Add-Ons by WooCommerce – 1.15.32
10-14-2020 @ 07:03:24 -     WooCommerce Cart Notices by SkyVerge – 1.12.1
10-14-2020 @ 07:03:24 -     Cart Reports for WooCommerce by WooCommerce – 1.2.9
10-14-2020 @ 07:03:24 -     WooCommerce Catalog Visibility Options by Lucas Stark – 3.2.10
10-14-2020 @ 07:03:24 -     WooCommerce Chained Products by StoreApps – 2.9.8
10-14-2020 @ 07:03:24 -     WooCommerce Checkout Add-Ons by SkyVerge – 2.4.1
10-14-2020 @ 07:03:24 -     WooCommerce Checkout Field Editor by WooCommerce – 1.5.37
10-14-2020 @ 07:03:24 -     WooCommerce Composite Products by SomewhereWarm – 7.1.1
10-14-2020 @ 07:03:24 -     WooCommerce Conditional Content by Lucas Stark – 2.1.4
10-14-2020 @ 07:03:24 -     WooCommerce Conditional Shipping and Payments by SomewhereWarm – 1.8.5
10-14-2020 @ 07:03:24 -     WooCommerce Cost of Goods by SkyVerge – 2.9.8
10-14-2020 @ 07:03:24 -     WooCommerce Coupon Campaigns & Tracking by WooCommerce – 1.1.15
10-14-2020 @ 07:03:24 -     WooCommerce Currency Converter by WooCommerce – 1.6.23
10-14-2020 @ 07:03:24 -     WooCommerce Customer/Order/Coupon Export by SkyVerge – 5.1.2
10-14-2020 @ 07:03:24 -     WooCommerce Customer/Order/Coupon CSV Import Suite by SkyVerge – 3.9.0
10-14-2020 @ 07:03:24 -     WooCommerce Customer/Order XML Export Suite by SkyVerge – 2.6.3
10-14-2020 @ 07:03:24 -     WooCommerce Deposits by WooCommerce – 1.5.4
10-14-2020 @ 07:03:24 -     WooCommerce Distance Rate Shipping by Automattic – 1.0.26
10-14-2020 @ 07:03:24 -     WooCommerce Drip by WooCommerce – 1.2.23
10-14-2020 @ 07:03:24 -     WooCommerce Dropshipping by WooCommerce – 2.7
10-14-2020 @ 07:03:24 -     WooCommerce Dynamic Pricing by Lucas Stark – 3.1.21
10-14-2020 @ 07:03:24 -     WooCommerce E-Mail Attachments (by Inoplugs) by InoPlugs – 3.0.11
10-14-2020 @ 07:03:24 -     Follow-Up Emails by WooCommerce – 4.9.8
10-14-2020 @ 07:03:24 -     WooCommerce Force Sells by WooCommerce – 1.1.26
10-14-2020 @ 07:03:24 -     WooCommerce Free Gift Coupons by Kathy Darling – 2.5.2
10-14-2020 @ 07:03:24 -     WooCommerce FreshBooks by SkyVerge – 3.14.1
10-14-2020 @ 07:03:24 -     WooCommerce Freshdesk by Automattic – 1.1.26
10-14-2020 @ 07:03:24 -     WooCommerce Chase Paymentech Gateway by SkyVerge – 1.15.1
10-14-2020 @ 07:03:24 -     WooCommerce Intuit Payments Gateway by SkyVerge – 2.8.1
10-14-2020 @ 07:03:24 -     WooCommerce PayPal Pro (Classic and PayFlow Editions) Gateway by WooCommerce – 4.5.0
10-14-2020 @ 07:03:24 -     WooCommerce Purchase Order Payment Gateway by WooCommerce – 1.2.12
10-14-2020 @ 07:03:24 -     WooCommerce Servired/RedSys Spain Gateway by José Conti – 9.4.0
10-14-2020 @ 07:03:24 -     WooCommerce WorldPay Gateway by Andrew Benbow – 4.1.3
10-14-2020 @ 07:03:24 -     WooCommerce Give Products by WooCommerce – 1.1.11
10-14-2020 @ 07:03:24 -     WooCommerce Google Analytics Pro by SkyVerge – 1.9.1
10-14-2020 @ 07:03:24 -     WooCommerce Gravity Forms Product Add-Ons by Lucas Stark – 3.3.15
10-14-2020 @ 07:03:24 -     WooCommerce Help Scout by WooCommerce – 2.3
10-14-2020 @ 07:03:24 -     WooCommerce Instagram by Themesquad – 3.3.1
10-14-2020 @ 07:03:24 -     WooCommerce Measurement Price Calculator by SkyVerge – 3.18.1
10-14-2020 @ 07:03:24 -     MailChimp for WooCommerce Memberships by SkyVerge – 1.3.0
10-14-2020 @ 07:03:24 -     WooCommerce Memberships by SkyVerge – 1.19.1
10-14-2020 @ 07:03:24 -     WooCommerce Min/Max Quantities by WooCommerce – 2.4.19
10-14-2020 @ 07:03:24 -     WooCommerce Mix and Match Products by Kathy Darling – 1.10.3
10-14-2020 @ 07:03:24 -     WooCommerce MSRP Pricing by Ademti Software Ltd. – 3.0.1
10-14-2020 @ 07:03:24 -     WooCommerce Nested Category Layout by SkyVerge – 1.15.1
10-14-2020 @ 07:03:24 -     WooCommerce Notification Premium by Andy Ha (villatheme.com) – 1.4.2.1
10-14-2020 @ 07:03:24 -     WooCommerce One Page Checkout by Automattic – 1.7.9
10-14-2020 @ 07:03:24 -     WooCommerce Order Barcodes by WooCommerce – 1.3.23
10-14-2020 @ 07:03:24 -     WooCommerce Order Delivery by Themesquad – 1.8.1
10-14-2020 @ 07:03:24 -     WooCommerce Order Status Control by SkyVerge – 1.13.1
10-14-2020 @ 07:03:24 -     WooCommerce Order Status Manager by SkyVerge – 1.12.2
10-14-2020 @ 07:03:24 -     WooCommerce PDF Invoices by Andrew Benbow – 4.7.2
10-14-2020 @ 07:03:24 -     WooCommerce Photography by WooCommerce – 1.0.27
10-14-2020 @ 07:03:24 -     WooCommerce Print Invoices/Packing Lists by SkyVerge – 3.9.0
10-14-2020 @ 07:03:24 -     WooCommerce Points and Rewards by WooCommerce – 1.6.38
10-14-2020 @ 07:03:24 -     WooCommerce Pre-Orders by WooCommerce – 1.5.29
10-14-2020 @ 07:03:24 -     WooCommerce Product Add-ons by WooCommerce – 3.1.0
10-14-2020 @ 07:03:24 -     WooCommerce Product Bundles by SomewhereWarm – 6.4.0
10-14-2020 @ 07:03:24 -     WooCommerce Product CSV Import Suite by WooCommerce – 1.10.37
10-14-2020 @ 07:03:24 -     WooCommerce Product Documents by SkyVerge – 1.12.1
10-14-2020 @ 07:03:24 -     WooCommerce Product Enquiry Form by WooCommerce – 1.2.15
10-14-2020 @ 07:03:24 -     WooCommerce Google Product Feed by Ademti Software Ltd. – 9.1.2
10-14-2020 @ 07:03:24 -     WooCommerce Product Finder by WooCommerce – 1.2.16
10-14-2020 @ 07:03:24 -     WooCommerce Product Retailers by SkyVerge – 1.14.1
10-14-2020 @ 07:03:24 -     WooCommerce Product Reviews Pro by SkyVerge – 1.16.2
10-14-2020 @ 07:03:24 -     WooCommerce Product Search by itthinx – 3.1.1
10-14-2020 @ 07:03:24 -     WooCommerce Product Vendors by WooCommerce – 2.1.41
10-14-2020 @ 07:03:24 -     WooCommerce Products Compare by WooCommerce – 1.0.22
10-14-2020 @ 07:03:24 -     WooCommerce Quick View by WooCommerce – 1.2.11
10-14-2020 @ 07:03:24 -     WooCommerce Recommendation Engine by Lucas Stark – 3.2.4
10-14-2020 @ 07:03:24 -     WooCommerce Review for Discount by WooCommerce – 1.6.19
10-14-2020 @ 07:03:24 -     WooCommerce Sale Flash Pro by WooCommerce – 1.2.19
10-14-2020 @ 07:03:24 -     WooCommerce Sales Report Email by WooCommerce – 1.1.17
10-14-2020 @ 07:03:24 -     WooCommerce Sequential Order Numbers Pro by SkyVerge – 1.16.1
10-14-2020 @ 07:03:24 -     WooCommerce Shipment Tracking by WooCommerce – 1.6.25
10-14-2020 @ 07:03:24 -     WooCommerce Flat Rate Box Shipping by WooCommerce – 2.0.15
10-14-2020 @ 07:03:24 -     WooCommerce Local Pickup Plus by SkyVerge – 2.9.2
10-14-2020 @ 07:03:24 -     WooCommerce Ship to Multiple Addresses by WooCommerce – 3.6.23
10-14-2020 @ 07:03:24 -     WooCommerce Shipping Per Product v2 by WooCommerce – 2.3.12
10-14-2020 @ 07:03:24 -     WooCommerce Stamps.com API integration by WooCommerce – 1.3.21
10-14-2020 @ 07:03:24 -     WooCommerce Slack by WooCommerce – 1.2.5
10-14-2020 @ 07:03:24 -     WooCommerce Smart Coupons by StoreApps – 4.9.5
10-14-2020 @ 07:03:24 -     WooCommerce Social Login by SkyVerge – 2.10.1
10-14-2020 @ 07:03:24 -     WooCommerce Splash Popup by WooCommerce – 1.2.19
10-14-2020 @ 07:03:24 -     WooCommerce Store Catalog PDF Download by WooCommerce – 1.10.27
10-14-2020 @ 07:03:24 -     WooCommerce Store Credit by Themesquad – 3.2.2
10-14-2020 @ 07:03:24 -     WooCommerce Subscribe to Newsletter by Themesquad – 2.9.1
10-14-2020 @ 07:03:24 -     WooCommerce Subscription Downloads by WooCommerce – 1.1.26
10-14-2020 @ 07:03:24 -     WooCommerce Subscriptions by WooCommerce – 3.0.9
10-14-2020 @ 07:03:24 -     WooCommerce Tab Manager by SkyVerge – 1.13.1
10-14-2020 @ 07:03:24 -     WooCommerce Table Rate Shipping by WooCommerce – 3.0.29
10-14-2020 @ 07:03:24 -     WooCommerce TM Extra Product Options by themeComplete – 5.0.12.10
10-14-2020 @ 07:03:24 -     WooCommerce Twilio SMS Notifications by SkyVerge – 1.15.1
10-14-2020 @ 07:03:24 -     WooCommerce Waitlist by Neil Pie – 2.1.24
10-14-2020 @ 07:03:24 -     WooCommerce Warranty Requests by WooCommerce – 1.9.19
10-14-2020 @ 07:03:24 -     WooCommerce WishLists by Lucas Stark – 2.2.2
10-14-2020 @ 07:03:24 -     WooCommerce by Automattic – 4.5.2
10-14-2020 @ 07:03:24 -     WooSlider - WooCommerce Products Slideshow by WooCommerce – 1.0.22
10-14-2020 @ 07:03:24 -     WooCommerce Helper by WooCommerce – 1.7.2
10-14-2020 @ 07:03:24 -     WP Rocket by WP Media – 3.7.2
10-14-2020 @ 07:03:24 -     WP Sitemap Page by Tony Archambeau – 1.6.2
10-14-2020 @ 07:03:24 -     WpAli: Woocommerce Order Builder by ALI KHALLAD – 1.1.1
10-14-2020 @ 07:03:24 -     Yoast SEO: WooCommerce by Team Yoast – 13.6
10-14-2020 @ 07:03:24 -     YITH WooCommerce Membership Premium by YITH – 1.3.26
10-14-2020 @ 07:03:24 -     YITH WooCommerce Terms & Conditions Popup by YITH – 1.2.13
10-14-2020 @ 07:03:24 -     YITH WooCommerce Wishlist by YITH – 3.0.14
10-14-2020 @ 07:03:30 - 3.0.9 upgrade complete from Subscriptions v3.0.8 while WooCommerce WC_VERSION 4.5.2 and database version 4.5.2 was active.
10-14-2020 @ 07:03:30 - Environment info:
10-14-2020 @ 07:03:30 -     WordPress Version : 5.5.1
10-14-2020 @ 07:03:30 - Active Plugins:
10-14-2020 @ 07:03:30 -     Admin Columns Pro by AdminColumns.com – 5.3.2
10-14-2020 @ 07:03:30 -     Advanced WordPress Reset by Younes JFR. – 1.1.1
10-14-2020 @ 07:03:30 -     AliDropship Woo Plugin by Vitaly Kukin & Yaroslav Nevskiy & Pavel Shishkin & Denis Zharov – 1.6.11
10-14-2020 @ 07:03:30 -     BetterDocs Pro by WPDeveloper – 1.3.3
10-14-2020 @ 07:03:30 -     BetterDocs by WPDeveloper – 1.3.4
10-14-2020 @ 07:03:30 -     Contact Form 7 by Takayuki Miyoshi – 5.2.2
10-14-2020 @ 07:03:30 -     Dynamic Featured Image by Ankit Pokhrel – 3.7.0
10-14-2020 @ 07:03:30 -     Energy+ by EN.ER.GY – 1.2.2
10-14-2020 @ 07:03:30 -     Force Regenerate Thumbnails by Pedro Elsner – 2.0.6
10-14-2020 @ 07:03:30 -     Groovy Menu by Grooni – 2.3.5.1
10-14-2020 @ 07:03:30 -     Social Slider Widget by creativemotion – 1.7.13
10-14-2020 @ 07:03:30 -     WPBakery Page Builder by Michael M - WPBakery.com – 6.4.1
10-14-2020 @ 07:03:30 -     MailPoet 3 Premium (New) by MailPoet – 3.0.93
10-14-2020 @ 07:03:30 -     MailPoet 3 (New) by MailPoet – 3.52.0
10-14-2020 @ 07:03:30 -     MemberPress Active Campaign by Caseproof, LLC – 1.0.4
10-14-2020 @ 07:03:30 -     MemberPress AWeber by Caseproof, LLC – 1.1.0
10-14-2020 @ 07:03:30 -     MemberPress AWS by Caseproof, LLC – 1.3.4
10-14-2020 @ 07:03:30 -     MemberPress Beaver Builder Content Protection by Caseproof, LLC – 1.0.4
10-14-2020 @ 07:03:30 -     MemberPress + BuddyPress Integration by Caseproof, LLC – 1.1.7
10-14-2020 @ 07:03:30 -     MemberPress Campaign Monitor by Caseproof, LLC – 1.0.2
10-14-2020 @ 07:03:30 -     MemberPress Constant Contact by Caseproof, LLC – 1.1.1
10-14-2020 @ 07:03:30 -     MemberPress ConvertKit by Caseproof, LLC – 1.2.1
10-14-2020 @ 07:03:30 -     MemberPress Corporate Accounts by Caseproof, LLC – 1.5.11
10-14-2020 @ 07:03:30 -     MemberPress Courses by Caseproof LLC – 1.0.9
10-14-2020 @ 07:03:30 -     MemberPress Delightful Downloads by Caseproof, LLC – 1.0.2
10-14-2020 @ 07:03:30 -     MemberPress Developer Tools by Caseproof, LLC – 1.1.39
10-14-2020 @ 07:03:30 -     MemberPress Divi Content Protection by Caseproof, LLC – 1.0.5
10-14-2020 @ 07:03:30 -     MemberPress Downloads by Caseproof, LLC – 1.1.1
10-14-2020 @ 07:03:30 -     MemberPress Drip - Tags Version by Caseproof, LLC – 1.1.1
10-14-2020 @ 07:03:30 -     MemberPress Elementor Content Protection by Caseproof, LLC – 1.0.1
10-14-2020 @ 07:03:30 -     MemberPress GetResponse by Caseproof, LLC – 1.1.0
10-14-2020 @ 07:03:30 -     MemberPress HelpScout by Caseproof, LLC – 1.0.7
10-14-2020 @ 07:03:30 -     MemberPress Importer by Caseproof, LLC – 1.6.1
10-14-2020 @ 07:03:30 -     MemberPress Mad Mimi by Caseproof, LLC – 1.0.2
10-14-2020 @ 07:03:30 -     MemberPress MailChimp 3.0 by Caseproof, LLC – 1.2.1
10-14-2020 @ 07:03:30 -     MemberPress MailPoet by Caseproof, LLC – 1.2.0
10-14-2020 @ 07:03:30 -     MemberPress Mailrelay by Caseproof, LLC – 1.0.5
10-14-2020 @ 07:03:30 -     MemberPress Mailster by Caseproof, LLC – 1.1.0
10-14-2020 @ 07:03:30 -     MemberPress Math CAPTCHA by Caseproof, LLC – 1.1.7
10-14-2020 @ 07:03:30 -     MemberPress PDF Invoice by Caseproof, LLC – 1.0.12
10-14-2020 @ 07:03:30 -     MemberPress Sendy by Caseproof, LLC – 1.0.5
10-14-2020 @ 07:03:30 -     MemberPress + Sensei by Caseproof, LLC – 1.0.2
10-14-2020 @ 07:03:30 -     MemberPress WooCommerce by Caseproof, LLC – 1.0.5
10-14-2020 @ 07:03:30 -     MemberPress WPBakery Content Protection by Caseproof, LLC – 1.0.0
10-14-2020 @ 07:03:30 -     MemberPress WP Simple Pay Pro by Caseproof, LLC – 1.0.3
10-14-2020 @ 07:03:30 -     MemberPress Plus by Caseproof, LLC – 1.9.3
10-14-2020 @ 07:03:30 -     Permalink Manager Pro by Maciej Bis – 2.2.9.1
10-14-2020 @ 07:03:30 -     Porto Theme - Functionality by P-Themes – 1.7.7
10-14-2020 @ 07:03:30 -     reCaptcha for WooCommerce by I Thirteen Web Solution – 1.0.17
10-14-2020 @ 07:03:30 -     Regenerate Thumbnails by Alex Mills (Viper007Bond) – 3.1.3
10-14-2020 @ 07:03:30 -     Slider Revolution by ThemePunch – 6.2.23
10-14-2020 @ 07:03:30 -     SUMO Reward Points by Fantastic Plugins – 25.3
10-14-2020 @ 07:03:30 -     SearchWP WooCommerce Integration by SearchWP – 1.3.9
10-14-2020 @ 07:03:30 -     Storefront Parallax Hero by WooCommerce – 1.5.7
10-14-2020 @ 07:03:30 -     WooCommerce Dynamic Pricing & Discounts by RightPress – 2.3.8
10-14-2020 @ 07:03:30 -     WooChimp by RightPress – 2.2.7
10-14-2020 @ 07:03:30 -     WooCommerce 360° Image by WooCommerce – 1.1.17
10-14-2020 @ 07:03:30 -     WooCommerce Account Funds by Themesquad – 2.3.1
10-14-2020 @ 07:03:30 -     WooCommerce Additional Variation Images by WooCommerce – 1.7.26
10-14-2020 @ 07:03:30 -     WooCommerce Address Validation by SkyVerge – 2.7.1
10-14-2020 @ 07:03:30 -     WooCommerce Advanced Notifications by WooCommerce – 1.2.28
10-14-2020 @ 07:03:30 -     WooCommerce Advanced Product Labels by Jeroen Sormani – 1.1.7
10-14-2020 @ 07:03:30 -     WooCommerce Advanced Ajax Layered Navigation by WooCommerce – 1.4.26
10-14-2020 @ 07:03:30 -     WooCommerce All Products For Subscriptions by SomewhereWarm – 3.1.18
10-14-2020 @ 07:03:30 -     WooCommerce Amazon Fulfillment by Never Settle – 3.3.2
10-14-2020 @ 07:03:30 -     WooCommerce Anti Fraud by OPMC Australia Pty Ltd – 3.0
10-14-2020 @ 07:03:30 -     WooCommerce API Manager by Todd Lahman LLC – 2.3.4
10-14-2020 @ 07:03:30 -     WooCommerce Authorize.Net Reporting by SkyVerge – 1.11.0
10-14-2020 @ 07:03:30 -     WooCommerce Bookings by WooCommerce – 1.15.29
10-14-2020 @ 07:03:30 -     WooCommerce Boost Sales Premium by Andy Ha (villatheme.com) – 1.4.2
10-14-2020 @ 07:03:30 -     WooCommerce Box Office by WooCommerce – 1.1.29
10-14-2020 @ 07:03:30 -     WooCommerce Branding by WooCommerce – 1.0.28
10-14-2020 @ 07:03:30 -     WooCommerce Brands by WooCommerce – 1.6.20
10-14-2020 @ 07:03:30 -     WooCommerce Bulk Stock Management by WooCommerce – 2.2.30
10-14-2020 @ 07:03:30 -     WooCommerce Bulk Variations by Lucas Stark – 1.6.6
10-14-2020 @ 07:03:30 -     WooCommerce Cart Add-Ons by WooCommerce – 1.15.32
10-14-2020 @ 07:03:30 -     WooCommerce Cart Notices by SkyVerge – 1.12.1
10-14-2020 @ 07:03:30 -     Cart Reports for WooCommerce by WooCommerce – 1.2.9
10-14-2020 @ 07:03:30 -     WooCommerce Catalog Visibility Options by Lucas Stark – 3.2.10
10-14-2020 @ 07:03:30 -     WooCommerce Chained Products by StoreApps – 2.9.8
10-14-2020 @ 07:03:30 -     WooCommerce Checkout Add-Ons by SkyVerge – 2.4.1
10-14-2020 @ 07:03:30 -     WooCommerce Checkout Field Editor by WooCommerce – 1.5.37
10-14-2020 @ 07:03:30 -     WooCommerce Composite Products by SomewhereWarm – 7.1.1
10-14-2020 @ 07:03:30 -     WooCommerce Conditional Content by Lucas Stark – 2.1.4
10-14-2020 @ 07:03:30 -     WooCommerce Conditional Shipping and Payments by SomewhereWarm – 1.8.5
10-14-2020 @ 07:03:30 -     WooCommerce Cost of Goods by SkyVerge – 2.9.8
10-14-2020 @ 07:03:30 -     WooCommerce Coupon Campaigns & Tracking by WooCommerce – 1.1.15
10-14-2020 @ 07:03:30 -     WooCommerce Currency Converter by WooCommerce – 1.6.23
10-14-2020 @ 07:03:30 -     WooCommerce Customer/Order/Coupon Export by SkyVerge – 5.1.2
10-14-2020 @ 07:03:30 -     WooCommerce Customer/Order/Coupon CSV Import Suite by SkyVerge – 3.9.0
10-14-2020 @ 07:03:30 -     WooCommerce Customer/Order XML Export Suite by SkyVerge – 2.6.3
10-14-2020 @ 07:03:30 -     WooCommerce Deposits by WooCommerce – 1.5.4
10-14-2020 @ 07:03:30 -     WooCommerce Distance Rate Shipping by Automattic – 1.0.26
10-14-2020 @ 07:03:30 -     WooCommerce Drip by WooCommerce – 1.2.23
10-14-2020 @ 07:03:30 -     WooCommerce Dropshipping by WooCommerce – 2.7
10-14-2020 @ 07:03:30 -     WooCommerce Dynamic Pricing by Lucas Stark – 3.1.21
10-14-2020 @ 07:03:30 -     WooCommerce E-Mail Attachments (by Inoplugs) by InoPlugs – 3.0.11
10-14-2020 @ 07:03:30 -     Follow-Up Emails by WooCommerce – 4.9.8
10-14-2020 @ 07:03:30 -     WooCommerce Force Sells by WooCommerce – 1.1.26
10-14-2020 @ 07:03:30 -     WooCommerce Free Gift Coupons by Kathy Darling – 2.5.2
10-14-2020 @ 07:03:30 -     WooCommerce FreshBooks by SkyVerge – 3.14.1
10-14-2020 @ 07:03:30 -     WooCommerce Freshdesk by Automattic – 1.1.26
10-14-2020 @ 07:03:30 -     WooCommerce Chase Paymentech Gateway by SkyVerge – 1.15.1
10-14-2020 @ 07:03:30 -     WooCommerce Intuit Payments Gateway by SkyVerge – 2.8.1
10-14-2020 @ 07:03:30 -     WooCommerce PayPal Pro (Classic and PayFlow Editions) Gateway by WooCommerce – 4.5.0
10-14-2020 @ 07:03:30 -     WooCommerce Purchase Order Payment Gateway by WooCommerce – 1.2.12
10-14-2020 @ 07:03:30 -     WooCommerce Servired/RedSys Spain Gateway by José Conti – 9.4.0
10-14-2020 @ 07:03:30 -     WooCommerce WorldPay Gateway by Andrew Benbow – 4.1.3
10-14-2020 @ 07:03:30 -     WooCommerce Give Products by WooCommerce – 1.1.11
10-14-2020 @ 07:03:30 -     WooCommerce Google Analytics Pro by SkyVerge – 1.9.1
10-14-2020 @ 07:03:30 -     WooCommerce Gravity Forms Product Add-Ons by Lucas Stark – 3.3.15
10-14-2020 @ 07:03:30 -     WooCommerce Help Scout by WooCommerce – 2.3
10-14-2020 @ 07:03:30 -     WooCommerce Instagram by Themesquad – 3.3.1
10-14-2020 @ 07:03:30 -     WooCommerce Measurement Price Calculator by SkyVerge – 3.18.1
10-14-2020 @ 07:03:30 -     MailChimp for WooCommerce Memberships by SkyVerge – 1.3.0
10-14-2020 @ 07:03:30 -     WooCommerce Memberships by SkyVerge – 1.19.1
10-14-2020 @ 07:03:30 -     WooCommerce Min/Max Quantities by WooCommerce – 2.4.19
10-14-2020 @ 07:03:30 -     WooCommerce Mix and Match Products by Kathy Darling – 1.10.3
10-14-2020 @ 07:03:30 -     WooCommerce MSRP Pricing by Ademti Software Ltd. – 3.0.1
10-14-2020 @ 07:03:30 -     WooCommerce Nested Category Layout by SkyVerge – 1.15.1
10-14-2020 @ 07:03:30 -     WooCommerce Notification Premium by Andy Ha (villatheme.com) – 1.4.2.1
10-14-2020 @ 07:03:30 -     WooCommerce One Page Checkout by Automattic – 1.7.9
10-14-2020 @ 07:03:30 -     WooCommerce Order Barcodes by WooCommerce – 1.3.23
10-14-2020 @ 07:03:30 -     WooCommerce Order Delivery by Themesquad – 1.8.1
10-14-2020 @ 07:03:30 -     WooCommerce Order Status Control by SkyVerge – 1.13.1
10-14-2020 @ 07:03:30 -     WooCommerce Order Status Manager by SkyVerge – 1.12.2
10-14-2020 @ 07:03:30 -     WooCommerce PDF Invoices by Andrew Benbow – 4.7.2
10-14-2020 @ 07:03:30 -     WooCommerce Photography by WooCommerce – 1.0.27
10-14-2020 @ 07:03:30 -     WooCommerce Print Invoices/Packing Lists by SkyVerge – 3.9.0
10-14-2020 @ 07:03:30 -     WooCommerce Points and Rewards by WooCommerce – 1.6.38
10-14-2020 @ 07:03:30 -     WooCommerce Pre-Orders by WooCommerce – 1.5.29
10-14-2020 @ 07:03:30 -     WooCommerce Product Add-ons by WooCommerce – 3.1.0
10-14-2020 @ 07:03:30 -     WooCommerce Product Bundles by SomewhereWarm – 6.4.0
10-14-2020 @ 07:03:30 -     WooCommerce Product CSV Import Suite by WooCommerce – 1.10.37
10-14-2020 @ 07:03:30 -     WooCommerce Product Documents by SkyVerge – 1.12.1
10-14-2020 @ 07:03:30 -     WooCommerce Product Enquiry Form by WooCommerce – 1.2.15
10-14-2020 @ 07:03:30 -     WooCommerce Google Product Feed by Ademti Software Ltd. – 9.1.2
10-14-2020 @ 07:03:30 -     WooCommerce Product Finder by WooCommerce – 1.2.16
10-14-2020 @ 07:03:30 -     WooCommerce Product Retailers by SkyVerge – 1.14.1
10-14-2020 @ 07:03:30 -     WooCommerce Product Reviews Pro by SkyVerge – 1.16.2
10-14-2020 @ 07:03:30 -     WooCommerce Product Search by itthinx – 3.1.1
10-14-2020 @ 07:03:30 -     WooCommerce Product Vendors by WooCommerce – 2.1.41
10-14-2020 @ 07:03:30 -     WooCommerce Products Compare by WooCommerce – 1.0.22
10-14-2020 @ 07:03:30 -     WooCommerce Quick View by WooCommerce – 1.2.11
10-14-2020 @ 07:03:30 -     WooCommerce Recommendation Engine by Lucas Stark – 3.2.4
10-14-2020 @ 07:03:30 -     WooCommerce Review for Discount by WooCommerce – 1.6.19
10-14-2020 @ 07:03:30 -     WooCommerce Sale Flash Pro by WooCommerce – 1.2.19
10-14-2020 @ 07:03:30 -     WooCommerce Sales Report Email by WooCommerce – 1.1.17
10-14-2020 @ 07:03:30 -     WooCommerce Sequential Order Numbers Pro by SkyVerge – 1.16.1
10-14-2020 @ 07:03:30 -     WooCommerce Shipment Tracking by WooCommerce – 1.6.25
10-14-2020 @ 07:03:30 -     WooCommerce Flat Rate Box Shipping by WooCommerce – 2.0.15
10-14-2020 @ 07:03:30 -     WooCommerce Local Pickup Plus by SkyVerge – 2.9.2
10-14-2020 @ 07:03:30 -     WooCommerce Ship to Multiple Addresses by WooCommerce – 3.6.23
10-14-2020 @ 07:03:30 -     WooCommerce Shipping Per Product v2 by WooCommerce – 2.3.12
10-14-2020 @ 07:03:30 -     WooCommerce Stamps.com API integration by WooCommerce – 1.3.21
10-14-2020 @ 07:03:30 -     WooCommerce Slack by WooCommerce – 1.2.5
10-14-2020 @ 07:03:30 -     WooCommerce Smart Coupons by StoreApps – 4.9.5
10-14-2020 @ 07:03:30 -     WooCommerce Social Login by SkyVerge – 2.10.1
10-14-2020 @ 07:03:30 -     WooCommerce Splash Popup by WooCommerce – 1.2.19
10-14-2020 @ 07:03:30 -     WooCommerce Store Catalog PDF Download by WooCommerce – 1.10.27
10-14-2020 @ 07:03:30 -     WooCommerce Store Credit by Themesquad – 3.2.2
10-14-2020 @ 07:03:30 -     WooCommerce Subscribe to Newsletter by Themesquad – 2.9.1
10-14-2020 @ 07:03:30 -     WooCommerce Subscription Downloads by WooCommerce – 1.1.26
10-14-2020 @ 07:03:30 -     WooCommerce Subscriptions by WooCommerce – 3.0.9
10-14-2020 @ 07:03:30 -     WooCommerce Tab Manager by SkyVerge – 1.13.1
10-14-2020 @ 07:03:30 -     WooCommerce Table Rate Shipping by WooCommerce – 3.0.29
10-14-2020 @ 07:03:30 -     WooCommerce TM Extra Product Options by themeComplete – 5.0.12.10
10-14-2020 @ 07:03:30 -     WooCommerce Twilio SMS Notifications by SkyVerge – 1.15.1
10-14-2020 @ 07:03:30 -     WooCommerce Waitlist by Neil Pie – 2.1.24
10-14-2020 @ 07:03:30 -     WooCommerce Warranty Requests by WooCommerce – 1.9.19
10-14-2020 @ 07:03:30 -     WooCommerce WishLists by Lucas Stark – 2.2.2
10-14-2020 @ 07:03:30 -     WooCommerce by Automattic – 4.5.2
10-14-2020 @ 07:03:30 -     WooSlider - WooCommerce Products Slideshow by WooCommerce – 1.0.22
10-14-2020 @ 07:03:30 -     WooCommerce Helper by WooCommerce – 1.7.2
10-14-2020 @ 07:03:30 -     WP Rocket by WP Media – 3.7.2
10-14-2020 @ 07:03:30 -     WP Sitemap Page by Tony Archambeau – 1.6.2
10-14-2020 @ 07:03:30 -     WpAli: Woocommerce Order Builder by ALI KHALLAD – 1.1.1
10-14-2020 @ 07:03:30 -     Yoast SEO: WooCommerce by Team Yoast – 13.6
10-14-2020 @ 07:03:30 -     YITH WooCommerce Membership Premium by YITH – 1.3.26
10-14-2020 @ 07:03:30 -     YITH WooCommerce Terms & Conditions Popup by YITH – 1.2.13
10-14-2020 @ 07:03:30 -     YITH WooCommerce Wishlist by YITH – 3.0.14
