08-14-2020 @ 07:50:10 - 3.0.7 upgrade complete from Subscriptions v3.0.5 while WooCommerce WC_VERSION 4.3.2 and database version 4.3.2 was active.
08-14-2020 @ 07:50:10 - Environment info:
08-14-2020 @ 07:50:10 -     WordPress Version : 5.5
08-14-2020 @ 07:50:10 - Active Plugins:
08-14-2020 @ 07:50:10 -     Admin Columns Pro by AdminColumns.com – 5.2.3
08-14-2020 @ 07:50:10 -     Contact Form 7 by Takayuki Miyoshi – 5.2.1
08-14-2020 @ 07:50:10 -     Dynamic Featured Image by Ankit Pokhrel – 3.7.0
08-14-2020 @ 07:50:10 -     Elementor by Elementor.com – 2.9.11
08-14-2020 @ 07:50:10 -     Social Slider Widget by creativemotion – 1.7.11
08-14-2020 @ 07:50:10 -     WPBakery Page Builder by Michael M - WPBakery.com – 6.2.0
08-14-2020 @ 07:50:10 -     Max Mega Menu - Pro Addon by megamenu.com – 2.0.1
08-14-2020 @ 07:50:10 -     Max Mega Menu by megamenu.com – 2.7.7
08-14-2020 @ 07:50:10 -     Massive Addons for WPBakery Page Builder by MassivePixelCreation – 2.4.6.1
08-14-2020 @ 07:50:10 -     Porto Theme - Functionality by P-Themes – 1.7.4
08-14-2020 @ 07:50:10 -     Regenerate Thumbnails by Alex Mills (Viper007Bond) – 3.1.3
08-14-2020 @ 07:50:10 -     Slider Revolution by ThemePunch – 6.2.19
08-14-2020 @ 07:50:10 -     WooCommerce 360° Image by WooCommerce – 1.1.16
08-14-2020 @ 07:50:10 -     WooCommerce Account Funds by Themesquad – 2.2.1
08-14-2020 @ 07:50:10 -     WooCommerce Additional Variation Images by WooCommerce – 1.7.23
08-14-2020 @ 07:50:10 -     WooCommerce Advanced Notifications by WooCommerce – 1.2.26
08-14-2020 @ 07:50:10 -     WooCommerce Advanced Product Labels by Jeroen Sormani – 1.1.7
08-14-2020 @ 07:50:10 -     WooCommerce Advanced Ajax Layered Navigation by WooCommerce – 1.4.24
08-14-2020 @ 07:50:10 -     WooCommerce All Products For Subscriptions by SomewhereWarm – 3.1.16
08-14-2020 @ 07:50:10 -     WooCommerce Amazon Fulfillment by Never Settle – 3.3.2
08-14-2020 @ 07:50:10 -     WooCommerce Anti Fraud by WooCommerce – 2.7.3
08-14-2020 @ 07:50:10 -     WooCommerce API Manager by Todd Lahman LLC – 2.3.2
08-14-2020 @ 07:50:10 -     WooCommerce Authorize.Net Reporting by SkyVerge – 1.10.3
08-14-2020 @ 07:50:10 -     WooCommerce Bookings by WooCommerce – 1.15.22
08-14-2020 @ 07:50:10 -     WooCommerce Boost Sales Premium by Andy Ha (villatheme.com) – 1.4.2
08-14-2020 @ 07:50:10 -     WooCommerce Chained Products by StoreApps – 2.9.6
08-14-2020 @ 07:50:10 -     WooCommerce Checkout Add-Ons by SkyVerge – 2.3.0
08-14-2020 @ 07:50:10 -     WooCommerce Checkout Field Editor by WooCommerce – 1.5.35
08-14-2020 @ 07:50:10 -     WooCommerce Composite Products by SomewhereWarm – 7.0.4
08-14-2020 @ 07:50:10 -     WooCommerce Conditional Content by Lucas Stark – 2.1.1
08-14-2020 @ 07:50:10 -     WooCommerce Conditional Shipping and Payments by SomewhereWarm – 1.8.2
08-14-2020 @ 07:50:10 -     WooCommerce Force Sells by WooCommerce – 1.1.24
08-14-2020 @ 07:50:10 -     WooCommerce Free Gift Coupons by Kathy Darling – 2.5.2
08-14-2020 @ 07:50:10 -     WooCommerce FreshBooks by SkyVerge – 3.14.1
08-14-2020 @ 07:50:10 -     WooCommerce Freshdesk by Automattic – 1.1.25
08-14-2020 @ 07:50:10 -     WooCommerce Chase Paymentech Gateway by SkyVerge – 1.14.7
08-14-2020 @ 07:50:10 -     WooCommerce Purchase Order Payment Gateway by WooCommerce – 1.2.10
08-14-2020 @ 07:50:10 -     WooCommerce Give Products by WooCommerce – 1.1.9
08-14-2020 @ 07:50:10 -     WooCommerce Google Analytics Pro by SkyVerge – 1.8.14
08-14-2020 @ 07:50:10 -     WooCommerce Product Documents by SkyVerge – 1.11.3
08-14-2020 @ 07:50:10 -     WooCommerce Product Enquiry Form by WooCommerce – 1.2.14
08-14-2020 @ 07:50:10 -     WooCommerce Google Product Feed by Ademti Software Ltd. – 9.0.1
08-14-2020 @ 07:50:10 -     WooCommerce Product Finder by WooCommerce – 1.2.14
08-14-2020 @ 07:50:10 -     WooCommerce Product Search by itthinx – 2.21.0
08-14-2020 @ 07:50:10 -     WooCommerce Product Vendors by WooCommerce – 2.1.41
08-14-2020 @ 07:50:10 -     WooCommerce Products Compare by WooCommerce – 1.0.20
08-14-2020 @ 07:50:10 -     WooCommerce Quick View by WooCommerce – 1.2.10
08-14-2020 @ 07:50:10 -     WooCommerce Recommendation Engine by Lucas Stark – 3.2.3
08-14-2020 @ 07:50:10 -     WooCommerce Review for Discount by WooCommerce – 1.6.17
08-14-2020 @ 07:50:10 -     WooCommerce Sale Flash Pro by WooCommerce – 1.2.16
08-14-2020 @ 07:50:10 -     WooCommerce Flat Rate Box Shipping by WooCommerce – 2.0.14
08-14-2020 @ 07:50:10 -     WooCommerce Stamps.com API integration by WooCommerce – 1.3.19
08-14-2020 @ 07:50:10 -     WooCommerce Smart Coupons by StoreApps – 4.7.8
08-14-2020 @ 07:50:10 -     WooCommerce Social Login by SkyVerge – 2.8.8
08-14-2020 @ 07:50:10 -     WooCommerce Splash Popup by WooCommerce – 1.2.17
08-14-2020 @ 07:50:10 -     WooCommerce Store Catalog PDF Download by WooCommerce – 1.10.25
08-14-2020 @ 07:50:10 -     WooCommerce Store Credit by Themesquad – 3.2.1
08-14-2020 @ 07:50:10 -     WooCommerce Subscribe to Newsletter by Themesquad – 2.9.0
08-14-2020 @ 07:50:10 -     WooCommerce Subscription Downloads by WooCommerce – 1.1.26
08-14-2020 @ 07:50:10 -     WooCommerce Subscriptions by WooCommerce – 3.0.7
08-14-2020 @ 07:50:10 -     WooCommerce Tab Manager by SkyVerge – 1.12.2
08-14-2020 @ 07:50:10 -     WooCommerce Table Rate Shipping by WooCommerce – 3.0.28
08-14-2020 @ 07:50:10 -     WooCommerce TM Extra Product Options by themeComplete – 5.0.12.7
08-14-2020 @ 07:50:10 -     WooCommerce Waitlist by Neil Pie – 2.1.23
08-14-2020 @ 07:50:10 -     WooCommerce Warranty Requests by WooCommerce – 1.9.18
08-14-2020 @ 07:50:10 -     WooCommerce Xero Integration by WooCommerce – 1.7.32
08-14-2020 @ 07:50:10 -     WooCommerce by Automattic – 4.3.2
08-14-2020 @ 07:50:10 -     WooInstant - WooCommerce Instant / One Page Checkout by BootPeople – 2.0.18
08-14-2020 @ 07:50:10 -     WP Cerber Security, Anti-spam & Malware Scan by Cerber Tech Inc. – 8.6.6
08-14-2020 @ 07:50:10 -     WP Rocket by WP Media – 3.6.3
08-14-2020 @ 07:50:10 -     WP Sitemap Page by Tony Archambeau – 1.6.2
08-14-2020 @ 07:50:10 -     MailPoet 2 by MailPoet – 2.14
08-14-2020 @ 07:50:10 -     YITH WooCommerce Wishlist by YITH – 3.0.11
08-14-2020 @ 07:50:10 - 3.0.7 upgrade complete from Subscriptions v3.0.5 while WooCommerce WC_VERSION 4.3.2 and database version 4.3.2 was active.
08-14-2020 @ 07:50:10 - Environment info:
08-14-2020 @ 07:50:10 -     WordPress Version : 5.5
08-14-2020 @ 07:50:10 - Active Plugins:
08-14-2020 @ 07:50:10 -     Admin Columns Pro by AdminColumns.com – 5.2.3
08-14-2020 @ 07:50:10 -     Contact Form 7 by Takayuki Miyoshi – 5.2.1
08-14-2020 @ 07:50:10 -     Dynamic Featured Image by Ankit Pokhrel – 3.7.0
08-14-2020 @ 07:50:10 -     Elementor by Elementor.com – 2.9.11
08-14-2020 @ 07:50:10 -     Social Slider Widget by creativemotion – 1.7.11
08-14-2020 @ 07:50:10 -     WPBakery Page Builder by Michael M - WPBakery.com – 6.2.0
08-14-2020 @ 07:50:10 -     Max Mega Menu - Pro Addon by megamenu.com – 2.0.1
08-14-2020 @ 07:50:10 -     Max Mega Menu by megamenu.com – 2.7.7
08-14-2020 @ 07:50:10 -     Massive Addons for WPBakery Page Builder by MassivePixelCreation – 2.4.6.1
08-14-2020 @ 07:50:10 -     Porto Theme - Functionality by P-Themes – 1.7.4
08-14-2020 @ 07:50:10 -     Regenerate Thumbnails by Alex Mills (Viper007Bond) – 3.1.3
08-14-2020 @ 07:50:10 -     Slider Revolution by ThemePunch – 6.2.19
08-14-2020 @ 07:50:10 -     WooCommerce 360° Image by WooCommerce – 1.1.16
08-14-2020 @ 07:50:10 -     WooCommerce Account Funds by Themesquad – 2.2.1
08-14-2020 @ 07:50:10 -     WooCommerce Additional Variation Images by WooCommerce – 1.7.23
08-14-2020 @ 07:50:10 -     WooCommerce Advanced Notifications by WooCommerce – 1.2.26
08-14-2020 @ 07:50:10 -     WooCommerce Advanced Product Labels by Jeroen Sormani – 1.1.7
08-14-2020 @ 07:50:10 -     WooCommerce Advanced Ajax Layered Navigation by WooCommerce – 1.4.24
08-14-2020 @ 07:50:10 -     WooCommerce All Products For Subscriptions by SomewhereWarm – 3.1.16
08-14-2020 @ 07:50:10 -     WooCommerce Amazon Fulfillment by Never Settle – 3.3.2
08-14-2020 @ 07:50:10 -     WooCommerce Anti Fraud by WooCommerce – 2.7.3
08-14-2020 @ 07:50:10 -     WooCommerce API Manager by Todd Lahman LLC – 2.3.2
08-14-2020 @ 07:50:10 -     WooCommerce Authorize.Net Reporting by SkyVerge – 1.10.3
08-14-2020 @ 07:50:10 -     WooCommerce Bookings by WooCommerce – 1.15.22
08-14-2020 @ 07:50:10 -     WooCommerce Boost Sales Premium by Andy Ha (villatheme.com) – 1.4.2
08-14-2020 @ 07:50:10 -     WooCommerce Chained Products by StoreApps – 2.9.6
08-14-2020 @ 07:50:10 -     WooCommerce Checkout Add-Ons by SkyVerge – 2.3.0
08-14-2020 @ 07:50:10 -     WooCommerce Checkout Field Editor by WooCommerce – 1.5.35
08-14-2020 @ 07:50:10 -     WooCommerce Composite Products by SomewhereWarm – 7.0.4
08-14-2020 @ 07:50:10 -     WooCommerce Conditional Content by Lucas Stark – 2.1.1
08-14-2020 @ 07:50:10 -     WooCommerce Conditional Shipping and Payments by SomewhereWarm – 1.8.2
08-14-2020 @ 07:50:10 -     WooCommerce Force Sells by WooCommerce – 1.1.24
08-14-2020 @ 07:50:10 -     WooCommerce Free Gift Coupons by Kathy Darling – 2.5.2
08-14-2020 @ 07:50:10 -     WooCommerce FreshBooks by SkyVerge – 3.14.1
08-14-2020 @ 07:50:10 -     WooCommerce Freshdesk by Automattic – 1.1.25
08-14-2020 @ 07:50:10 -     WooCommerce Chase Paymentech Gateway by SkyVerge – 1.14.7
08-14-2020 @ 07:50:10 -     WooCommerce Purchase Order Payment Gateway by WooCommerce – 1.2.10
08-14-2020 @ 07:50:10 -     WooCommerce Give Products by WooCommerce – 1.1.9
08-14-2020 @ 07:50:10 -     WooCommerce Google Analytics Pro by SkyVerge – 1.8.14
08-14-2020 @ 07:50:10 -     WooCommerce Product Documents by SkyVerge – 1.11.3
08-14-2020 @ 07:50:10 -     WooCommerce Product Enquiry Form by WooCommerce – 1.2.14
08-14-2020 @ 07:50:10 -     WooCommerce Google Product Feed by Ademti Software Ltd. – 9.0.1
08-14-2020 @ 07:50:10 -     WooCommerce Product Finder by WooCommerce – 1.2.14
08-14-2020 @ 07:50:10 -     WooCommerce Product Search by itthinx – 2.21.0
08-14-2020 @ 07:50:10 -     WooCommerce Product Vendors by WooCommerce – 2.1.41
08-14-2020 @ 07:50:10 -     WooCommerce Products Compare by WooCommerce – 1.0.20
08-14-2020 @ 07:50:10 -     WooCommerce Quick View by WooCommerce – 1.2.10
08-14-2020 @ 07:50:10 -     WooCommerce Recommendation Engine by Lucas Stark – 3.2.3
08-14-2020 @ 07:50:10 -     WooCommerce Review for Discount by WooCommerce – 1.6.17
08-14-2020 @ 07:50:10 -     WooCommerce Sale Flash Pro by WooCommerce – 1.2.16
08-14-2020 @ 07:50:10 -     WooCommerce Flat Rate Box Shipping by WooCommerce – 2.0.14
08-14-2020 @ 07:50:10 -     WooCommerce Stamps.com API integration by WooCommerce – 1.3.19
08-14-2020 @ 07:50:10 -     WooCommerce Smart Coupons by StoreApps – 4.7.8
08-14-2020 @ 07:50:10 -     WooCommerce Social Login by SkyVerge – 2.8.8
08-14-2020 @ 07:50:10 -     WooCommerce Splash Popup by WooCommerce – 1.2.17
08-14-2020 @ 07:50:10 -     WooCommerce Store Catalog PDF Download by WooCommerce – 1.10.25
08-14-2020 @ 07:50:10 -     WooCommerce Store Credit by Themesquad – 3.2.1
08-14-2020 @ 07:50:10 -     WooCommerce Subscribe to Newsletter by Themesquad – 2.9.0
08-14-2020 @ 07:50:10 -     WooCommerce Subscription Downloads by WooCommerce – 1.1.26
08-14-2020 @ 07:50:10 -     WooCommerce Subscriptions by WooCommerce – 3.0.7
08-14-2020 @ 07:50:10 -     WooCommerce Tab Manager by SkyVerge – 1.12.2
08-14-2020 @ 07:50:10 -     WooCommerce Table Rate Shipping by WooCommerce – 3.0.28
08-14-2020 @ 07:50:10 -     WooCommerce TM Extra Product Options by themeComplete – 5.0.12.7
08-14-2020 @ 07:50:10 -     WooCommerce Waitlist by Neil Pie – 2.1.23
08-14-2020 @ 07:50:10 -     WooCommerce Warranty Requests by WooCommerce – 1.9.18
08-14-2020 @ 07:50:10 -     WooCommerce Xero Integration by WooCommerce – 1.7.32
08-14-2020 @ 07:50:10 -     WooCommerce by Automattic – 4.3.2
08-14-2020 @ 07:50:10 -     WooInstant - WooCommerce Instant / One Page Checkout by BootPeople – 2.0.18
08-14-2020 @ 07:50:10 -     WP Cerber Security, Anti-spam & Malware Scan by Cerber Tech Inc. – 8.6.6
08-14-2020 @ 07:50:10 -     WP Rocket by WP Media – 3.6.3
08-14-2020 @ 07:50:10 -     WP Sitemap Page by Tony Archambeau – 1.6.2
08-14-2020 @ 07:50:10 -     MailPoet 2 by MailPoet – 2.14
08-14-2020 @ 07:50:10 -     YITH WooCommerce Wishlist by YITH – 3.0.11
