08-14-2020 @ 00:12:10 - 3.0.7 upgrade complete from Subscriptions v0 while WooCommerce WC_VERSION 4.3.2 and database version 4.3.2 was active.
08-14-2020 @ 00:12:10 - Environment info:
08-14-2020 @ 00:12:10 -     WordPress Version : 5.5
08-14-2020 @ 00:12:10 - 3.0.7 upgrade complete from Subscriptions v0 while WooCommerce WC_VERSION 4.3.2 and database version 4.3.2 was active.
08-14-2020 @ 00:12:10 - Environment info:
08-14-2020 @ 00:12:10 -     WordPress Version : 5.5
08-14-2020 @ 00:12:10 - Active Plugins:
08-14-2020 @ 00:12:10 -     Advanced WordPress Reset by Younes JFR. – 1.1.0
08-14-2020 @ 00:12:10 -     Contact Form 7 by Takayuki Miyoshi – 5.2.1
08-14-2020 @ 00:12:10 -     Dynamic Featured Image by Ankit Pokhrel – 3.7.0
08-14-2020 @ 00:12:10 -     Elementor by Elementor.com – 2.9.14
08-14-2020 @ 00:12:10 -     Energy+ by EN.ER.GY – 1.2.2
08-14-2020 @ 00:12:10 -     Social Slider Widget by creativemotion – 1.7.11
08-14-2020 @ 00:12:10 -     WPBakery Page Builder by Michael M - WPBakery.com – 6.2.0
08-14-2020 @ 00:12:10 -     MemberPress WooCommerce by Caseproof, LLC – 1.0.5
08-14-2020 @ 00:12:10 -     Permalink Manager Pro by Maciej Bis – 2.2.8.8
08-14-2020 @ 00:12:10 -     Porto Theme - Functionality by P-Themes – 1.7.4
08-14-2020 @ 00:12:10 -     Regenerate Thumbnails by Alex Mills (Viper007Bond) – 3.1.3
08-14-2020 @ 00:12:10 -     Slider Revolution by ThemePunch – 6.2.19
08-14-2020 @ 00:12:10 -     SUMO Reward Points by Fantastic Plugins – 25.3
08-14-2020 @ 00:12:10 -     Storefront Parallax Hero by WooCommerce – 1.5.7
08-14-2020 @ 00:12:10 -     WooCommerce Dynamic Pricing & Discounts by RightPress – 2.3.8
08-14-2020 @ 00:12:10 -     WooChimp by RightPress – 2.2.7
08-14-2020 @ 00:12:10 -     WooCommerce 360° Image by WooCommerce – 1.1.16
08-14-2020 @ 00:12:10 -     WooCommerce Account Funds by Themesquad – 2.2.1
08-14-2020 @ 00:12:10 -     WooCommerce Additional Variation Images by WooCommerce – 1.7.23
08-14-2020 @ 00:12:10 -     WooCommerce Address Validation by SkyVerge – 2.6.7
08-14-2020 @ 00:12:10 -     WooCommerce Advanced Notifications by WooCommerce – 1.2.26
08-14-2020 @ 00:12:10 -     WooCommerce Advanced Product Labels by Jeroen Sormani – 1.1.7
08-14-2020 @ 00:12:10 -     WooCommerce Advanced Ajax Layered Navigation by WooCommerce – 1.4.24
08-14-2020 @ 00:12:10 -     WooCommerce All Products For Subscriptions by SomewhereWarm – 3.1.16
08-14-2020 @ 00:12:10 -     WooCommerce Amazon Fulfillment by Never Settle – 3.3.2
08-14-2020 @ 00:12:10 -     WooCommerce Anti Fraud by WooCommerce – 2.7.3
08-14-2020 @ 00:12:10 -     WooCommerce API Manager by Todd Lahman LLC – 2.3.2
08-14-2020 @ 00:12:10 -     WooCommerce Authorize.Net Reporting by SkyVerge – 1.10.3
08-14-2020 @ 00:12:10 -     WooCommerce Bookings by WooCommerce – 1.15.22
08-14-2020 @ 00:12:10 -     WooCommerce Boost Sales Premium by Andy Ha (villatheme.com) – 1.4.2
08-14-2020 @ 00:12:10 -     WooCommerce Box Office by WooCommerce – 1.1.26
08-14-2020 @ 00:12:10 -     WooCommerce Branding by WooCommerce – 1.0.26
08-14-2020 @ 00:12:10 -     WooCommerce Brands by WooCommerce – 1.6.18
08-14-2020 @ 00:12:10 -     WooCommerce Bulk Stock Management by WooCommerce – 2.2.28
08-14-2020 @ 00:12:10 -     WooCommerce Cart Add-Ons by WooCommerce – 1.5.30
08-14-2020 @ 00:12:10 -     WooCommerce Cart Notices by SkyVerge – 1.11.4
08-14-2020 @ 00:12:10 -     Cart Reports for WooCommerce by WooCommerce – 1.2.9
08-14-2020 @ 00:12:10 -     WooCommerce Catalog Visibility Options by Lucas Stark – 3.2.10
08-14-2020 @ 00:12:10 -     WooCommerce Chained Products by StoreApps – 2.9.6
08-14-2020 @ 00:12:10 -     WooCommerce Checkout Add-Ons by SkyVerge – 2.3.0
08-14-2020 @ 00:12:10 -     WooCommerce Checkout Field Editor by WooCommerce – 1.5.35
08-14-2020 @ 00:12:10 -     WooCommerce Composite Products by SomewhereWarm – 7.0.4
08-14-2020 @ 00:12:10 -     WooCommerce Conditional Content by Lucas Stark – 2.1.1
08-14-2020 @ 00:12:10 -     WooCommerce Conditional Shipping and Payments by SomewhereWarm – 1.8.2
08-14-2020 @ 00:12:10 -     WooCommerce Cost of Goods by SkyVerge – 2.9.8
08-14-2020 @ 00:12:10 -     WooCommerce Coupon Campaigns & Tracking by WooCommerce – 1.1.13
08-14-2020 @ 00:12:10 -     WooCommerce Currency Converter by WooCommerce – 1.6.22
08-14-2020 @ 00:12:10 -     WooCommerce Customer/Order/Coupon Export by SkyVerge – 5.0.14
08-14-2020 @ 00:12:10 -     WooCommerce Customer/Order/Coupon CSV Import Suite by SkyVerge – 3.8.8
08-14-2020 @ 00:12:10 -     WooCommerce Customer/Order XML Export Suite by SkyVerge – 2.6.3
08-14-2020 @ 00:12:10 -     WooCommerce Deposits by WooCommerce – 1.5.2
08-14-2020 @ 00:12:10 -     WooCommerce Distance Rate Shipping by Automattic – 1.0.22
08-14-2020 @ 00:12:10 -     WooCommerce Drip by WooCommerce – 1.2.21
08-14-2020 @ 00:12:10 -     WooCommerce Dropshipping by WooCommerce – 2.4
08-14-2020 @ 00:12:10 -     WooCommerce Dynamic Pricing by Lucas Stark – 3.1.19
08-14-2020 @ 00:12:10 -     WooCommerce E-Mail Attachments (by Inoplugs) by InoPlugs – 3.0.11
08-14-2020 @ 00:12:10 -     Follow-Up Emails by WooCommerce – 4.9.4
08-14-2020 @ 00:12:10 -     WooCommerce Force Sells by WooCommerce – 1.1.24
08-14-2020 @ 00:12:10 -     WooCommerce Free Gift Coupons by Kathy Darling – 2.5.2
08-14-2020 @ 00:12:10 -     WooCommerce FreshBooks by SkyVerge – 3.14.1
08-14-2020 @ 00:12:10 -     WooCommerce Freshdesk by Automattic – 1.1.25
08-14-2020 @ 00:12:10 -     WooCommerce Chase Paymentech Gateway by SkyVerge – 1.14.7
08-14-2020 @ 00:12:10 -     WooCommerce Intuit Payments Gateway by SkyVerge – 2.7.5
08-14-2020 @ 00:12:10 -     WooCommerce PayPal Pro (Classic and PayFlow Editions) Gateway by WooCommerce – 4.5.0
08-14-2020 @ 00:12:10 -     WooCommerce Purchase Order Payment Gateway by WooCommerce – 1.2.10
08-14-2020 @ 00:12:10 -     WooCommerce Servired/RedSys Spain Gateway by José Conti – 9.4.0
08-14-2020 @ 00:12:10 -     WooCommerce WorldPay Gateway by Andrew Benbow – 4.1.3
08-14-2020 @ 00:12:10 -     WooCommerce Give Products by WooCommerce – 1.1.9
08-14-2020 @ 00:12:10 -     WooCommerce Google Analytics Pro by SkyVerge – 1.8.14
08-14-2020 @ 00:12:10 -     WooCommerce Gravity Forms Product Add-Ons by Lucas Stark – 3.3.14
08-14-2020 @ 00:12:10 -     WooCommerce Help Scout by WooCommerce – 2.3
08-14-2020 @ 00:12:10 -     WooCommerce Instagram by Themesquad – 3.3.1
08-14-2020 @ 00:12:10 -     WooCommerce Measurement Price Calculator by SkyVerge – 3.17.5
08-14-2020 @ 00:12:10 -     MailChimp for WooCommerce Memberships by SkyVerge – 1.2.4
08-14-2020 @ 00:12:10 -     WooCommerce Memberships by SkyVerge – 1.17.5
08-14-2020 @ 00:12:10 -     WooCommerce Min/Max Quantities by WooCommerce – 2.4.18
08-14-2020 @ 00:12:10 -     WooCommerce Mix and Match Products by Kathy Darling – 1.10.0
08-14-2020 @ 00:12:10 -     WooCommerce MSRP Pricing by Ademti Software Ltd. – 2.9.16
08-14-2020 @ 00:12:10 -     WooCommerce Nested Category Layout by SkyVerge – 1.14.4
08-14-2020 @ 00:12:10 -     WooCommerce One Page Checkout by Automattic – 1.7.8
08-14-2020 @ 00:12:10 -     WooCommerce Order Barcodes by WooCommerce – 1.3.21
08-14-2020 @ 00:12:10 -     WooCommerce Order Delivery by Themesquad – 1.7.0
08-14-2020 @ 00:12:10 -     WooCommerce Order Status Control by SkyVerge – 1.12.3
08-14-2020 @ 00:12:10 -     WooCommerce Order Status Manager by SkyVerge – 1.11.9
08-14-2020 @ 00:12:10 -     WooCommerce PDF Invoices by Andrew Benbow – 4.7.2
08-14-2020 @ 00:12:10 -     WooCommerce Photography by WooCommerce – 1.0.25
08-14-2020 @ 00:12:10 -     Pinterest for WooCommerce by premmerce – 2.1.7
08-14-2020 @ 00:12:10 -     WooCommerce Print Invoices/Packing Lists by SkyVerge – 3.8.7
08-14-2020 @ 00:12:10 -     WooCommerce Points and Rewards by WooCommerce – 1.6.35
08-14-2020 @ 00:12:10 -     WooCommerce Pre-Orders by WooCommerce – 1.5.27
08-14-2020 @ 00:12:10 -     WooCommerce Product Add-ons by WooCommerce – 3.0.36
08-14-2020 @ 00:12:10 -     WooCommerce Product Bundles by SomewhereWarm – 6.3.3
08-14-2020 @ 00:12:10 -     WooCommerce Product CSV Import Suite by WooCommerce – 1.10.34
08-14-2020 @ 00:12:10 -     WooCommerce Product Documents by SkyVerge – 1.11.3
08-14-2020 @ 00:12:10 -     WooCommerce Product Enquiry Form by WooCommerce – 1.2.14
08-14-2020 @ 00:12:10 -     WooCommerce Google Product Feed by Ademti Software Ltd. – 9.0.1
08-14-2020 @ 00:12:10 -     WooCommerce Product Finder by WooCommerce – 1.2.14
08-14-2020 @ 00:12:10 -     WooCommerce Product Search by itthinx – 2.21.0
08-14-2020 @ 00:12:10 -     WooCommerce Product Vendors by WooCommerce – 2.1.41
08-14-2020 @ 00:12:10 -     WooCommerce Products Compare by WooCommerce – 1.0.20
08-14-2020 @ 00:12:10 -     WooCommerce Quick View by WooCommerce – 1.2.10
08-14-2020 @ 00:12:10 -     WooCommerce Recommendation Engine by Lucas Stark – 3.2.3
08-14-2020 @ 00:12:10 -     WooCommerce Review for Discount by WooCommerce – 1.6.17
08-14-2020 @ 00:12:10 -     WooCommerce Sale Flash Pro by WooCommerce – 1.2.16
08-14-2020 @ 00:12:10 -     WooCommerce Sales Report Email by WooCommerce – 1.1.14
08-14-2020 @ 00:12:10 -     WooCommerce Sequential Order Numbers Pro by SkyVerge – 1.15.3
08-14-2020 @ 00:12:10 -     WooCommerce Shipment Tracking by WooCommerce – 1.6.23
08-14-2020 @ 00:12:10 -     WooCommerce Flat Rate Box Shipping by WooCommerce – 2.0.14
08-14-2020 @ 00:12:10 -     WooCommerce Local Pickup Plus by SkyVerge – 2.8.2
08-14-2020 @ 00:12:10 -     WooCommerce Ship to Multiple Addresses by WooCommerce – 3.6.21
08-14-2020 @ 00:12:10 -     WooCommerce Shipping Per Product v2 by WooCommerce – 2.3.10
08-14-2020 @ 00:12:10 -     WooCommerce Stamps.com API integration by WooCommerce – 1.3.19
08-14-2020 @ 00:12:10 -     WooCommerce Slack by WooCommerce – 1.2.4
08-14-2020 @ 00:12:10 -     WooCommerce Smart Coupons by StoreApps – 4.7.8
08-14-2020 @ 00:12:10 -     WooCommerce Social Login by SkyVerge – 2.8.8
08-14-2020 @ 00:12:10 -     WooCommerce Splash Popup by WooCommerce – 1.2.17
08-14-2020 @ 00:12:10 -     WooCommerce Store Catalog PDF Download by WooCommerce – 1.10.25
08-14-2020 @ 00:12:10 -     WooCommerce Store Credit by Themesquad – 3.2.1
08-14-2020 @ 00:12:10 -     WooCommerce Subscribe to Newsletter by Themesquad – 2.9.0
08-14-2020 @ 00:12:10 -     WooCommerce Subscription Downloads by WooCommerce – 1.1.26
08-14-2020 @ 00:12:10 -     WooCommerce Subscriptions by WooCommerce – 3.0.7
08-14-2020 @ 00:12:10 -     WooCommerce Tab Manager by SkyVerge – 1.12.2
08-14-2020 @ 00:12:10 -     WooCommerce Table Rate Shipping by WooCommerce – 3.0.28
08-14-2020 @ 00:12:10 -     WooCommerce TM Extra Product Options by themeComplete – 5.0.12.7
08-14-2020 @ 00:12:10 -     WooCommerce Waitlist by Neil Pie – 2.1.23
08-14-2020 @ 00:12:10 -     WooCommerce Warranty Requests by WooCommerce – 1.9.18
08-14-2020 @ 00:12:10 -     WooCommerce Xero Integration by WooCommerce – 1.7.32
08-14-2020 @ 00:12:10 -     WooCommerce by Automattic – 4.3.2
08-14-2020 @ 00:12:10 -     WP Cerber Security, Anti-spam & Malware Scan by Cerber Tech Inc. – 8.6.6
08-14-2020 @ 00:12:10 -     WP Rocket by WP Media – 3.6.3
08-14-2020 @ 00:12:10 -     WP Sitemap Page by Tony Archambeau – 1.6.2
08-14-2020 @ 00:12:10 -     Yoast SEO: WooCommerce by Team Yoast – 13.4
08-14-2020 @ 00:12:10 -     MailPoet 2 by MailPoet – 2.14
08-14-2020 @ 00:12:10 -     YITH WooCommerce Ajax Product Filter by YITH – 3.11.1
08-14-2020 @ 00:12:10 -     YITH WooCommerce Ajax Search by YITH – 1.8.0
08-14-2020 @ 00:12:10 -     YITH WooCommerce Wishlist by YITH – 3.0.11
08-14-2020 @ 00:12:10 - Active Plugins:
08-14-2020 @ 00:12:10 -     Advanced WordPress Reset by Younes JFR. – 1.1.0
08-14-2020 @ 00:12:10 -     Contact Form 7 by Takayuki Miyoshi – 5.2.1
08-14-2020 @ 00:12:10 -     Dynamic Featured Image by Ankit Pokhrel – 3.7.0
08-14-2020 @ 00:12:10 -     Elementor by Elementor.com – 2.9.14
08-14-2020 @ 00:12:10 -     Energy+ by EN.ER.GY – 1.2.2
08-14-2020 @ 00:12:10 -     Social Slider Widget by creativemotion – 1.7.11
08-14-2020 @ 00:12:10 -     WPBakery Page Builder by Michael M - WPBakery.com – 6.2.0
08-14-2020 @ 00:12:10 -     MemberPress WooCommerce by Caseproof, LLC – 1.0.5
08-14-2020 @ 00:12:10 -     Permalink Manager Pro by Maciej Bis – 2.2.8.8
08-14-2020 @ 00:12:10 -     Porto Theme - Functionality by P-Themes – 1.7.4
08-14-2020 @ 00:12:10 -     Regenerate Thumbnails by Alex Mills (Viper007Bond) – 3.1.3
08-14-2020 @ 00:12:10 -     Slider Revolution by ThemePunch – 6.2.19
08-14-2020 @ 00:12:10 -     SUMO Reward Points by Fantastic Plugins – 25.3
08-14-2020 @ 00:12:10 -     Storefront Parallax Hero by WooCommerce – 1.5.7
08-14-2020 @ 00:12:10 -     WooCommerce Dynamic Pricing & Discounts by RightPress – 2.3.8
08-14-2020 @ 00:12:10 -     WooChimp by RightPress – 2.2.7
08-14-2020 @ 00:12:10 -     WooCommerce 360° Image by WooCommerce – 1.1.16
08-14-2020 @ 00:12:10 -     WooCommerce Account Funds by Themesquad – 2.2.1
08-14-2020 @ 00:12:10 -     WooCommerce Additional Variation Images by WooCommerce – 1.7.23
08-14-2020 @ 00:12:10 -     WooCommerce Address Validation by SkyVerge – 2.6.7
08-14-2020 @ 00:12:10 -     WooCommerce Advanced Notifications by WooCommerce – 1.2.26
08-14-2020 @ 00:12:10 -     WooCommerce Advanced Product Labels by Jeroen Sormani – 1.1.7
08-14-2020 @ 00:12:10 -     WooCommerce Advanced Ajax Layered Navigation by WooCommerce – 1.4.24
08-14-2020 @ 00:12:10 -     WooCommerce All Products For Subscriptions by SomewhereWarm – 3.1.16
08-14-2020 @ 00:12:10 -     WooCommerce Amazon Fulfillment by Never Settle – 3.3.2
08-14-2020 @ 00:12:10 -     WooCommerce Anti Fraud by WooCommerce – 2.7.3
08-14-2020 @ 00:12:10 -     WooCommerce API Manager by Todd Lahman LLC – 2.3.2
08-14-2020 @ 00:12:10 -     WooCommerce Authorize.Net Reporting by SkyVerge – 1.10.3
08-14-2020 @ 00:12:10 -     WooCommerce Bookings by WooCommerce – 1.15.22
08-14-2020 @ 00:12:10 -     WooCommerce Boost Sales Premium by Andy Ha (villatheme.com) – 1.4.2
08-14-2020 @ 00:12:10 -     WooCommerce Box Office by WooCommerce – 1.1.26
08-14-2020 @ 00:12:10 -     WooCommerce Branding by WooCommerce – 1.0.26
08-14-2020 @ 00:12:10 -     WooCommerce Brands by WooCommerce – 1.6.18
08-14-2020 @ 00:12:10 -     WooCommerce Bulk Stock Management by WooCommerce – 2.2.28
08-14-2020 @ 00:12:10 -     WooCommerce Cart Add-Ons by WooCommerce – 1.5.30
08-14-2020 @ 00:12:10 -     WooCommerce Cart Notices by SkyVerge – 1.11.4
08-14-2020 @ 00:12:10 -     Cart Reports for WooCommerce by WooCommerce – 1.2.9
08-14-2020 @ 00:12:10 -     WooCommerce Catalog Visibility Options by Lucas Stark – 3.2.10
08-14-2020 @ 00:12:10 -     WooCommerce Chained Products by StoreApps – 2.9.6
08-14-2020 @ 00:12:10 -     WooCommerce Checkout Add-Ons by SkyVerge – 2.3.0
08-14-2020 @ 00:12:10 -     WooCommerce Checkout Field Editor by WooCommerce – 1.5.35
08-14-2020 @ 00:12:10 -     WooCommerce Composite Products by SomewhereWarm – 7.0.4
08-14-2020 @ 00:12:10 -     WooCommerce Conditional Content by Lucas Stark – 2.1.1
08-14-2020 @ 00:12:10 -     WooCommerce Conditional Shipping and Payments by SomewhereWarm – 1.8.2
08-14-2020 @ 00:12:10 -     WooCommerce Cost of Goods by SkyVerge – 2.9.8
08-14-2020 @ 00:12:10 -     WooCommerce Coupon Campaigns & Tracking by WooCommerce – 1.1.13
08-14-2020 @ 00:12:10 -     WooCommerce Currency Converter by WooCommerce – 1.6.22
08-14-2020 @ 00:12:10 -     WooCommerce Customer/Order/Coupon Export by SkyVerge – 5.0.14
08-14-2020 @ 00:12:10 -     WooCommerce Customer/Order/Coupon CSV Import Suite by SkyVerge – 3.8.8
08-14-2020 @ 00:12:10 -     WooCommerce Customer/Order XML Export Suite by SkyVerge – 2.6.3
08-14-2020 @ 00:12:10 -     WooCommerce Deposits by WooCommerce – 1.5.2
08-14-2020 @ 00:12:10 -     WooCommerce Distance Rate Shipping by Automattic – 1.0.22
08-14-2020 @ 00:12:10 -     WooCommerce Drip by WooCommerce – 1.2.21
08-14-2020 @ 00:12:10 -     WooCommerce Dropshipping by WooCommerce – 2.4
08-14-2020 @ 00:12:10 -     WooCommerce Dynamic Pricing by Lucas Stark – 3.1.19
08-14-2020 @ 00:12:10 -     WooCommerce E-Mail Attachments (by Inoplugs) by InoPlugs – 3.0.11
08-14-2020 @ 00:12:10 -     Follow-Up Emails by WooCommerce – 4.9.4
08-14-2020 @ 00:12:10 -     WooCommerce Force Sells by WooCommerce – 1.1.24
08-14-2020 @ 00:12:10 -     WooCommerce Free Gift Coupons by Kathy Darling – 2.5.2
08-14-2020 @ 00:12:10 -     WooCommerce FreshBooks by SkyVerge – 3.14.1
08-14-2020 @ 00:12:10 -     WooCommerce Freshdesk by Automattic – 1.1.25
08-14-2020 @ 00:12:10 -     WooCommerce Chase Paymentech Gateway by SkyVerge – 1.14.7
08-14-2020 @ 00:12:10 -     WooCommerce Intuit Payments Gateway by SkyVerge – 2.7.5
08-14-2020 @ 00:12:10 -     WooCommerce PayPal Pro (Classic and PayFlow Editions) Gateway by WooCommerce – 4.5.0
08-14-2020 @ 00:12:10 -     WooCommerce Purchase Order Payment Gateway by WooCommerce – 1.2.10
08-14-2020 @ 00:12:10 -     WooCommerce Servired/RedSys Spain Gateway by José Conti – 9.4.0
08-14-2020 @ 00:12:10 -     WooCommerce WorldPay Gateway by Andrew Benbow – 4.1.3
08-14-2020 @ 00:12:10 -     WooCommerce Give Products by WooCommerce – 1.1.9
08-14-2020 @ 00:12:10 -     WooCommerce Google Analytics Pro by SkyVerge – 1.8.14
08-14-2020 @ 00:12:10 -     WooCommerce Gravity Forms Product Add-Ons by Lucas Stark – 3.3.14
08-14-2020 @ 00:12:10 -     WooCommerce Help Scout by WooCommerce – 2.3
08-14-2020 @ 00:12:10 -     WooCommerce Instagram by Themesquad – 3.3.1
08-14-2020 @ 00:12:10 -     WooCommerce Measurement Price Calculator by SkyVerge – 3.17.5
08-14-2020 @ 00:12:10 -     MailChimp for WooCommerce Memberships by SkyVerge – 1.2.4
08-14-2020 @ 00:12:10 -     WooCommerce Memberships by SkyVerge – 1.17.5
08-14-2020 @ 00:12:10 -     WooCommerce Min/Max Quantities by WooCommerce – 2.4.18
08-14-2020 @ 00:12:10 -     WooCommerce Mix and Match Products by Kathy Darling – 1.10.0
08-14-2020 @ 00:12:10 -     WooCommerce MSRP Pricing by Ademti Software Ltd. – 2.9.16
08-14-2020 @ 00:12:10 -     WooCommerce Nested Category Layout by SkyVerge – 1.14.4
08-14-2020 @ 00:12:10 -     WooCommerce One Page Checkout by Automattic – 1.7.8
08-14-2020 @ 00:12:10 -     WooCommerce Order Barcodes by WooCommerce – 1.3.21
08-14-2020 @ 00:12:10 -     WooCommerce Order Delivery by Themesquad – 1.7.0
08-14-2020 @ 00:12:10 -     WooCommerce Order Status Control by SkyVerge – 1.12.3
08-14-2020 @ 00:12:10 -     WooCommerce Order Status Manager by SkyVerge – 1.11.9
08-14-2020 @ 00:12:10 -     WooCommerce PDF Invoices by Andrew Benbow – 4.7.2
08-14-2020 @ 00:12:10 -     WooCommerce Photography by WooCommerce – 1.0.25
08-14-2020 @ 00:12:10 -     Pinterest for WooCommerce by premmerce – 2.1.7
08-14-2020 @ 00:12:10 -     WooCommerce Print Invoices/Packing Lists by SkyVerge – 3.8.7
08-14-2020 @ 00:12:10 -     WooCommerce Points and Rewards by WooCommerce – 1.6.35
08-14-2020 @ 00:12:10 -     WooCommerce Pre-Orders by WooCommerce – 1.5.27
08-14-2020 @ 00:12:10 -     WooCommerce Product Add-ons by WooCommerce – 3.0.36
08-14-2020 @ 00:12:10 -     WooCommerce Product Bundles by SomewhereWarm – 6.3.3
08-14-2020 @ 00:12:10 -     WooCommerce Product CSV Import Suite by WooCommerce – 1.10.34
08-14-2020 @ 00:12:10 -     WooCommerce Product Documents by SkyVerge – 1.11.3
08-14-2020 @ 00:12:10 -     WooCommerce Product Enquiry Form by WooCommerce – 1.2.14
08-14-2020 @ 00:12:10 -     WooCommerce Google Product Feed by Ademti Software Ltd. – 9.0.1
08-14-2020 @ 00:12:10 -     WooCommerce Product Finder by WooCommerce – 1.2.14
08-14-2020 @ 00:12:10 -     WooCommerce Product Search by itthinx – 2.21.0
08-14-2020 @ 00:12:10 -     WooCommerce Product Vendors by WooCommerce – 2.1.41
08-14-2020 @ 00:12:10 -     WooCommerce Products Compare by WooCommerce – 1.0.20
08-14-2020 @ 00:12:10 -     WooCommerce Quick View by WooCommerce – 1.2.10
08-14-2020 @ 00:12:10 -     WooCommerce Recommendation Engine by Lucas Stark – 3.2.3
08-14-2020 @ 00:12:10 -     WooCommerce Review for Discount by WooCommerce – 1.6.17
08-14-2020 @ 00:12:10 -     WooCommerce Sale Flash Pro by WooCommerce – 1.2.16
08-14-2020 @ 00:12:10 -     WooCommerce Sales Report Email by WooCommerce – 1.1.14
08-14-2020 @ 00:12:10 -     WooCommerce Sequential Order Numbers Pro by SkyVerge – 1.15.3
08-14-2020 @ 00:12:10 -     WooCommerce Shipment Tracking by WooCommerce – 1.6.23
08-14-2020 @ 00:12:10 -     WooCommerce Flat Rate Box Shipping by WooCommerce – 2.0.14
08-14-2020 @ 00:12:10 -     WooCommerce Local Pickup Plus by SkyVerge – 2.8.2
08-14-2020 @ 00:12:10 -     WooCommerce Ship to Multiple Addresses by WooCommerce – 3.6.21
08-14-2020 @ 00:12:10 -     WooCommerce Shipping Per Product v2 by WooCommerce – 2.3.10
08-14-2020 @ 00:12:10 -     WooCommerce Stamps.com API integration by WooCommerce – 1.3.19
08-14-2020 @ 00:12:10 -     WooCommerce Slack by WooCommerce – 1.2.4
08-14-2020 @ 00:12:10 -     WooCommerce Smart Coupons by StoreApps – 4.7.8
08-14-2020 @ 00:12:10 -     WooCommerce Social Login by SkyVerge – 2.8.8
08-14-2020 @ 00:12:10 -     WooCommerce Splash Popup by WooCommerce – 1.2.17
08-14-2020 @ 00:12:10 -     WooCommerce Store Catalog PDF Download by WooCommerce – 1.10.25
08-14-2020 @ 00:12:10 -     WooCommerce Store Credit by Themesquad – 3.2.1
08-14-2020 @ 00:12:10 -     WooCommerce Subscribe to Newsletter by Themesquad – 2.9.0
08-14-2020 @ 00:12:10 -     WooCommerce Subscription Downloads by WooCommerce – 1.1.26
08-14-2020 @ 00:12:10 -     WooCommerce Subscriptions by WooCommerce – 3.0.7
08-14-2020 @ 00:12:10 -     WooCommerce Tab Manager by SkyVerge – 1.12.2
08-14-2020 @ 00:12:10 -     WooCommerce Table Rate Shipping by WooCommerce – 3.0.28
08-14-2020 @ 00:12:10 -     WooCommerce TM Extra Product Options by themeComplete – 5.0.12.7
08-14-2020 @ 00:12:10 -     WooCommerce Waitlist by Neil Pie – 2.1.23
08-14-2020 @ 00:12:10 -     WooCommerce Warranty Requests by WooCommerce – 1.9.18
08-14-2020 @ 00:12:10 -     WooCommerce Xero Integration by WooCommerce – 1.7.32
08-14-2020 @ 00:12:10 -     WooCommerce by Automattic – 4.3.2
08-14-2020 @ 00:12:10 -     WP Cerber Security, Anti-spam & Malware Scan by Cerber Tech Inc. – 8.6.6
08-14-2020 @ 00:12:10 -     WP Rocket by WP Media – 3.6.3
08-14-2020 @ 00:12:10 -     WP Sitemap Page by Tony Archambeau – 1.6.2
08-14-2020 @ 00:12:10 -     Yoast SEO: WooCommerce by Team Yoast – 13.4
08-14-2020 @ 00:12:10 -     MailPoet 2 by MailPoet – 2.14
08-14-2020 @ 00:12:10 -     YITH WooCommerce Ajax Product Filter by YITH – 3.11.1
08-14-2020 @ 00:12:10 -     YITH WooCommerce Ajax Search by YITH – 1.8.0
08-14-2020 @ 00:12:10 -     YITH WooCommerce Wishlist by YITH – 3.0.11
08-14-2020 @ 00:12:14 - 3.0.7 upgrade complete from Subscriptions v0 while WooCommerce WC_VERSION 4.3.2 and database version 4.3.2 was active.
08-14-2020 @ 00:12:14 - Environment info:
08-14-2020 @ 00:12:14 -     WordPress Version : 5.5
08-14-2020 @ 00:12:14 - Active Plugins:
08-14-2020 @ 00:12:14 -     Advanced WordPress Reset by Younes JFR. – 1.1.0
08-14-2020 @ 00:12:14 -     Contact Form 7 by Takayuki Miyoshi – 5.2.1
08-14-2020 @ 00:12:14 -     Dynamic Featured Image by Ankit Pokhrel – 3.7.0
08-14-2020 @ 00:12:14 -     Elementor by Elementor.com – 2.9.14
08-14-2020 @ 00:12:14 -     Energy+ by EN.ER.GY – 1.2.2
08-14-2020 @ 00:12:14 -     Social Slider Widget by creativemotion – 1.7.11
08-14-2020 @ 00:12:14 -     WPBakery Page Builder by Michael M - WPBakery.com – 6.2.0
08-14-2020 @ 00:12:14 -     MemberPress WooCommerce by Caseproof, LLC – 1.0.5
08-14-2020 @ 00:12:14 -     Permalink Manager Pro by Maciej Bis – 2.2.8.8
08-14-2020 @ 00:12:14 -     Porto Theme - Functionality by P-Themes – 1.7.4
08-14-2020 @ 00:12:14 -     Regenerate Thumbnails by Alex Mills (Viper007Bond) – 3.1.3
08-14-2020 @ 00:12:14 -     Slider Revolution by ThemePunch – 6.2.19
08-14-2020 @ 00:12:14 -     SUMO Reward Points by Fantastic Plugins – 25.3
08-14-2020 @ 00:12:14 -     Storefront Parallax Hero by WooCommerce – 1.5.7
08-14-2020 @ 00:12:14 -     WooCommerce Dynamic Pricing & Discounts by RightPress – 2.3.8
08-14-2020 @ 00:12:14 -     WooChimp by RightPress – 2.2.7
08-14-2020 @ 00:12:14 -     WooCommerce 360° Image by WooCommerce – 1.1.16
08-14-2020 @ 00:12:14 -     WooCommerce Account Funds by Themesquad – 2.2.1
08-14-2020 @ 00:12:14 -     WooCommerce Additional Variation Images by WooCommerce – 1.7.23
08-14-2020 @ 00:12:14 -     WooCommerce Address Validation by SkyVerge – 2.6.7
08-14-2020 @ 00:12:14 -     WooCommerce Advanced Notifications by WooCommerce – 1.2.26
08-14-2020 @ 00:12:14 -     WooCommerce Advanced Product Labels by Jeroen Sormani – 1.1.7
08-14-2020 @ 00:12:14 -     WooCommerce Advanced Ajax Layered Navigation by WooCommerce – 1.4.24
08-14-2020 @ 00:12:14 -     WooCommerce All Products For Subscriptions by SomewhereWarm – 3.1.16
08-14-2020 @ 00:12:14 -     WooCommerce Amazon Fulfillment by Never Settle – 3.3.2
08-14-2020 @ 00:12:14 -     WooCommerce Anti Fraud by WooCommerce – 2.7.3
08-14-2020 @ 00:12:14 -     WooCommerce API Manager by Todd Lahman LLC – 2.3.2
08-14-2020 @ 00:12:14 -     WooCommerce Authorize.Net Reporting by SkyVerge – 1.10.3
08-14-2020 @ 00:12:14 -     WooCommerce Bookings by WooCommerce – 1.15.22
08-14-2020 @ 00:12:14 -     WooCommerce Boost Sales Premium by Andy Ha (villatheme.com) – 1.4.2
08-14-2020 @ 00:12:14 -     WooCommerce Box Office by WooCommerce – 1.1.26
08-14-2020 @ 00:12:14 -     WooCommerce Branding by WooCommerce – 1.0.26
08-14-2020 @ 00:12:14 -     WooCommerce Brands by WooCommerce – 1.6.18
08-14-2020 @ 00:12:14 -     WooCommerce Bulk Stock Management by WooCommerce – 2.2.28
08-14-2020 @ 00:12:14 -     WooCommerce Cart Add-Ons by WooCommerce – 1.5.30
08-14-2020 @ 00:12:14 -     WooCommerce Cart Notices by SkyVerge – 1.11.4
08-14-2020 @ 00:12:14 -     Cart Reports for WooCommerce by WooCommerce – 1.2.9
08-14-2020 @ 00:12:14 -     WooCommerce Catalog Visibility Options by Lucas Stark – 3.2.10
08-14-2020 @ 00:12:14 -     WooCommerce Chained Products by StoreApps – 2.9.6
08-14-2020 @ 00:12:14 -     WooCommerce Checkout Add-Ons by SkyVerge – 2.3.0
08-14-2020 @ 00:12:14 -     WooCommerce Checkout Field Editor by WooCommerce – 1.5.35
08-14-2020 @ 00:12:14 -     WooCommerce Composite Products by SomewhereWarm – 7.0.4
08-14-2020 @ 00:12:14 -     WooCommerce Conditional Content by Lucas Stark – 2.1.1
08-14-2020 @ 00:12:14 -     WooCommerce Conditional Shipping and Payments by SomewhereWarm – 1.8.2
08-14-2020 @ 00:12:14 -     WooCommerce Cost of Goods by SkyVerge – 2.9.8
08-14-2020 @ 00:12:14 -     WooCommerce Coupon Campaigns & Tracking by WooCommerce – 1.1.13
08-14-2020 @ 00:12:14 -     WooCommerce Currency Converter by WooCommerce – 1.6.22
08-14-2020 @ 00:12:14 -     WooCommerce Customer/Order/Coupon Export by SkyVerge – 5.0.14
08-14-2020 @ 00:12:14 -     WooCommerce Customer/Order/Coupon CSV Import Suite by SkyVerge – 3.8.8
08-14-2020 @ 00:12:14 -     WooCommerce Customer/Order XML Export Suite by SkyVerge – 2.6.3
08-14-2020 @ 00:12:14 -     WooCommerce Deposits by WooCommerce – 1.5.2
08-14-2020 @ 00:12:14 -     WooCommerce Distance Rate Shipping by Automattic – 1.0.22
08-14-2020 @ 00:12:14 -     WooCommerce Drip by WooCommerce – 1.2.21
08-14-2020 @ 00:12:14 -     WooCommerce Dropshipping by WooCommerce – 2.4
08-14-2020 @ 00:12:14 -     WooCommerce Dynamic Pricing by Lucas Stark – 3.1.19
08-14-2020 @ 00:12:14 -     WooCommerce E-Mail Attachments (by Inoplugs) by InoPlugs – 3.0.11
08-14-2020 @ 00:12:14 -     Follow-Up Emails by WooCommerce – 4.9.4
08-14-2020 @ 00:12:14 -     WooCommerce Force Sells by WooCommerce – 1.1.24
08-14-2020 @ 00:12:14 -     WooCommerce Free Gift Coupons by Kathy Darling – 2.5.2
08-14-2020 @ 00:12:14 -     WooCommerce FreshBooks by SkyVerge – 3.14.1
08-14-2020 @ 00:12:14 -     WooCommerce Freshdesk by Automattic – 1.1.25
08-14-2020 @ 00:12:14 -     WooCommerce Chase Paymentech Gateway by SkyVerge – 1.14.7
08-14-2020 @ 00:12:14 -     WooCommerce Intuit Payments Gateway by SkyVerge – 2.7.5
08-14-2020 @ 00:12:14 -     WooCommerce PayPal Pro (Classic and PayFlow Editions) Gateway by WooCommerce – 4.5.0
08-14-2020 @ 00:12:14 -     WooCommerce Purchase Order Payment Gateway by WooCommerce – 1.2.10
08-14-2020 @ 00:12:14 -     WooCommerce Servired/RedSys Spain Gateway by José Conti – 9.4.0
08-14-2020 @ 00:12:14 -     WooCommerce WorldPay Gateway by Andrew Benbow – 4.1.3
08-14-2020 @ 00:12:14 -     WooCommerce Give Products by WooCommerce – 1.1.9
08-14-2020 @ 00:12:14 -     WooCommerce Google Analytics Pro by SkyVerge – 1.8.14
08-14-2020 @ 00:12:14 -     WooCommerce Gravity Forms Product Add-Ons by Lucas Stark – 3.3.14
08-14-2020 @ 00:12:14 -     WooCommerce Help Scout by WooCommerce – 2.3
08-14-2020 @ 00:12:14 -     WooCommerce Instagram by Themesquad – 3.3.1
08-14-2020 @ 00:12:14 -     WooCommerce Measurement Price Calculator by SkyVerge – 3.17.5
08-14-2020 @ 00:12:14 -     MailChimp for WooCommerce Memberships by SkyVerge – 1.2.4
08-14-2020 @ 00:12:14 -     WooCommerce Memberships by SkyVerge – 1.17.5
08-14-2020 @ 00:12:14 -     WooCommerce Min/Max Quantities by WooCommerce – 2.4.18
08-14-2020 @ 00:12:14 -     WooCommerce Mix and Match Products by Kathy Darling – 1.10.0
08-14-2020 @ 00:12:14 -     WooCommerce MSRP Pricing by Ademti Software Ltd. – 2.9.16
08-14-2020 @ 00:12:14 -     WooCommerce Nested Category Layout by SkyVerge – 1.14.4
08-14-2020 @ 00:12:14 -     WooCommerce One Page Checkout by Automattic – 1.7.8
08-14-2020 @ 00:12:14 -     WooCommerce Order Barcodes by WooCommerce – 1.3.21
08-14-2020 @ 00:12:14 -     WooCommerce Order Delivery by Themesquad – 1.7.0
08-14-2020 @ 00:12:14 -     WooCommerce Order Status Control by SkyVerge – 1.12.3
08-14-2020 @ 00:12:14 -     WooCommerce Order Status Manager by SkyVerge – 1.11.9
08-14-2020 @ 00:12:14 -     WooCommerce PDF Invoices by Andrew Benbow – 4.7.2
08-14-2020 @ 00:12:14 -     WooCommerce Photography by WooCommerce – 1.0.25
08-14-2020 @ 00:12:14 -     Pinterest for WooCommerce by premmerce – 2.1.7
08-14-2020 @ 00:12:14 -     WooCommerce Print Invoices/Packing Lists by SkyVerge – 3.8.7
08-14-2020 @ 00:12:14 -     WooCommerce Points and Rewards by WooCommerce – 1.6.35
08-14-2020 @ 00:12:14 -     WooCommerce Pre-Orders by WooCommerce – 1.5.27
08-14-2020 @ 00:12:14 -     WooCommerce Product Add-ons by WooCommerce – 3.0.36
08-14-2020 @ 00:12:14 -     WooCommerce Product Bundles by SomewhereWarm – 6.3.3
08-14-2020 @ 00:12:14 -     WooCommerce Product CSV Import Suite by WooCommerce – 1.10.34
08-14-2020 @ 00:12:14 -     WooCommerce Product Documents by SkyVerge – 1.11.3
08-14-2020 @ 00:12:14 -     WooCommerce Product Enquiry Form by WooCommerce – 1.2.14
08-14-2020 @ 00:12:14 -     WooCommerce Google Product Feed by Ademti Software Ltd. – 9.0.1
08-14-2020 @ 00:12:14 -     WooCommerce Product Finder by WooCommerce – 1.2.14
08-14-2020 @ 00:12:14 -     WooCommerce Product Search by itthinx – 2.21.0
08-14-2020 @ 00:12:14 -     WooCommerce Product Vendors by WooCommerce – 2.1.41
08-14-2020 @ 00:12:14 -     WooCommerce Products Compare by WooCommerce – 1.0.20
08-14-2020 @ 00:12:14 -     WooCommerce Quick View by WooCommerce – 1.2.10
08-14-2020 @ 00:12:14 -     WooCommerce Recommendation Engine by Lucas Stark – 3.2.3
08-14-2020 @ 00:12:14 -     WooCommerce Review for Discount by WooCommerce – 1.6.17
08-14-2020 @ 00:12:14 -     WooCommerce Sale Flash Pro by WooCommerce – 1.2.16
08-14-2020 @ 00:12:14 -     WooCommerce Sales Report Email by WooCommerce – 1.1.14
08-14-2020 @ 00:12:14 -     WooCommerce Sequential Order Numbers Pro by SkyVerge – 1.15.3
08-14-2020 @ 00:12:14 -     WooCommerce Shipment Tracking by WooCommerce – 1.6.23
08-14-2020 @ 00:12:14 -     WooCommerce Flat Rate Box Shipping by WooCommerce – 2.0.14
08-14-2020 @ 00:12:14 -     WooCommerce Local Pickup Plus by SkyVerge – 2.8.2
08-14-2020 @ 00:12:14 -     WooCommerce Ship to Multiple Addresses by WooCommerce – 3.6.21
08-14-2020 @ 00:12:14 -     WooCommerce Shipping Per Product v2 by WooCommerce – 2.3.10
08-14-2020 @ 00:12:14 -     WooCommerce Stamps.com API integration by WooCommerce – 1.3.19
08-14-2020 @ 00:12:14 -     WooCommerce Slack by WooCommerce – 1.2.4
08-14-2020 @ 00:12:14 -     WooCommerce Smart Coupons by StoreApps – 4.7.8
08-14-2020 @ 00:12:14 -     WooCommerce Social Login by SkyVerge – 2.8.8
08-14-2020 @ 00:12:14 -     WooCommerce Splash Popup by WooCommerce – 1.2.17
08-14-2020 @ 00:12:14 -     WooCommerce Store Catalog PDF Download by WooCommerce – 1.10.25
08-14-2020 @ 00:12:14 -     WooCommerce Store Credit by Themesquad – 3.2.1
08-14-2020 @ 00:12:14 -     WooCommerce Subscribe to Newsletter by Themesquad – 2.9.0
08-14-2020 @ 00:12:14 -     WooCommerce Subscription Downloads by WooCommerce – 1.1.26
08-14-2020 @ 00:12:14 -     WooCommerce Subscriptions by WooCommerce – 3.0.7
08-14-2020 @ 00:12:14 -     WooCommerce Tab Manager by SkyVerge – 1.12.2
08-14-2020 @ 00:12:14 -     WooCommerce Table Rate Shipping by WooCommerce – 3.0.28
08-14-2020 @ 00:12:14 -     WooCommerce TM Extra Product Options by themeComplete – 5.0.12.7
08-14-2020 @ 00:12:14 -     WooCommerce Waitlist by Neil Pie – 2.1.23
08-14-2020 @ 00:12:14 -     WooCommerce Warranty Requests by WooCommerce – 1.9.18
08-14-2020 @ 00:12:14 -     WooCommerce Xero Integration by WooCommerce – 1.7.32
08-14-2020 @ 00:12:14 -     WooCommerce by Automattic – 4.3.2
08-14-2020 @ 00:12:14 -     WP Cerber Security, Anti-spam & Malware Scan by Cerber Tech Inc. – 8.6.6
08-14-2020 @ 00:12:14 -     WP Rocket by WP Media – 3.6.3
08-14-2020 @ 00:12:14 -     WP Sitemap Page by Tony Archambeau – 1.6.2
08-14-2020 @ 00:12:14 -     Yoast SEO: WooCommerce by Team Yoast – 13.4
08-14-2020 @ 00:12:14 -     MailPoet 2 by MailPoet – 2.14
08-14-2020 @ 00:12:14 -     YITH WooCommerce Ajax Product Filter by YITH – 3.11.1
08-14-2020 @ 00:12:14 -     YITH WooCommerce Ajax Search by YITH – 1.8.0
08-14-2020 @ 00:12:14 -     YITH WooCommerce Wishlist by YITH – 3.0.11
