07-06-2020 @ 07:44:39 - 3.0.5 upgrade complete from Subscriptions v0 while WooCommerce WC_VERSION 4.2.2 and database version 4.2.2 was active.
07-06-2020 @ 07:44:39 - Environment info:
07-06-2020 @ 07:44:39 -     WordPress Version : 5.4.2
07-06-2020 @ 07:44:39 - Active Plugins:
07-06-2020 @ 07:44:39 -     Contact Form 7 by Takayuki Miyoshi – 5.2
07-06-2020 @ 07:44:39 -     Coupon Referral Program by MakeWebBetter – 1.5.0
07-06-2020 @ 07:44:39 -     Dynamic Featured Image by Ankit Pokhrel – 3.7.0
07-06-2020 @ 07:44:39 -     WPBakery Page Builder by Michael M - WPBakery.com – 6.2.0
07-06-2020 @ 07:44:39 -     MemberPress WooCommerce by Caseproof, LLC – 1.0.5
07-06-2020 @ 07:44:39 -     Permalink Manager Pro by Maciej Bis – 2.2.8.7
07-06-2020 @ 07:44:39 -     Porto Theme - Functionality by P-Themes – 1.7.1
07-06-2020 @ 07:44:39 -     Slider Revolution by ThemePunch – 6.2.15
07-06-2020 @ 07:44:39 -     SUMO Reward Points by Fantastic Plugins – 24.7
07-06-2020 @ 07:44:39 -     Storefront Parallax Hero by WooCommerce – 1.5.7
07-06-2020 @ 07:44:39 -     WooCommerce Dynamic Pricing & Discounts by RightPress – 2.3.8
07-06-2020 @ 07:44:39 -     WooCommerce 360° Image by WooCommerce – 1.1.15
07-06-2020 @ 07:44:39 -     WooCommerce Account Funds by Themesquad – 2.2.1
07-06-2020 @ 07:44:39 -     WooCommerce Additional Variation Images by WooCommerce – 1.7.23
07-06-2020 @ 07:44:39 -     WooCommerce Address Validation by SkyVerge – 2.6.5
07-06-2020 @ 07:44:39 -     WooCommerce Advanced Notifications by WooCommerce – 1.2.25
07-06-2020 @ 07:44:39 -     WooCommerce Advanced Product Labels by Jeroen Sormani – 1.1.7
07-06-2020 @ 07:44:39 -     WooCommerce Advanced Ajax Layered Navigation by WooCommerce – 1.4.24
07-06-2020 @ 07:44:39 -     WooCommerce All Products For Subscriptions by SomewhereWarm – 3.1.14
07-06-2020 @ 07:44:39 -     WooCommerce Amazon Fulfillment by Never Settle – 3.3.2
07-06-2020 @ 07:44:39 -     WooCommerce Anti Fraud by WooCommerce – 2.7.2
07-06-2020 @ 07:44:39 -     WooCommerce API Manager by Todd Lahman LLC – 2.3.2
07-06-2020 @ 07:44:39 -     WooCommerce Authorize.Net Reporting by SkyVerge – 1.10.3
07-06-2020 @ 07:44:39 -     WooCommerce Boost Sales Premium by Andy Ha (villatheme.com) – 1.4.2
07-06-2020 @ 07:44:39 -     WooCommerce Box Office by WooCommerce – 1.1.25
07-06-2020 @ 07:44:39 -     WooCommerce Branding by WooCommerce – 1.0.26
07-06-2020 @ 07:44:39 -     WooCommerce Brands by WooCommerce – 1.6.18
07-06-2020 @ 07:44:39 -     WooCommerce Bulk Stock Management by WooCommerce – 2.2.28
07-06-2020 @ 07:44:39 -     WooCommerce Cart Add-Ons by WooCommerce – 1.5.29
07-06-2020 @ 07:44:39 -     WooCommerce Cart Notices by SkyVerge – 1.11.4
07-06-2020 @ 07:44:39 -     Cart Reports for WooCommerce by WooCommerce – 1.2.8
07-06-2020 @ 07:44:39 -     WooCommerce Catalog Visibility Options by Lucas Stark – 3.2.10
07-06-2020 @ 07:44:39 -     WooCommerce Chained Products by StoreApps – 2.9.6
07-06-2020 @ 07:44:39 -     WooCommerce Checkout Add-Ons by SkyVerge – 2.3.0
07-06-2020 @ 07:44:39 -     WooCommerce Checkout Field Editor by WooCommerce – 1.5.35
07-06-2020 @ 07:44:39 -     WooCommerce Composite Products by SomewhereWarm – 7.0.4
07-06-2020 @ 07:44:39 -     WooCommerce Conditional Content by Lucas Stark – 2.1.1
07-06-2020 @ 07:44:39 -     WooCommerce Conditional Shipping and Payments by SomewhereWarm – 1.8.1
07-06-2020 @ 07:44:39 -     WooCommerce Cost of Goods by SkyVerge – 2.9.8
07-06-2020 @ 07:44:39 -     WooCommerce Coupon Campaigns & Tracking by WooCommerce – 1.1.12
07-06-2020 @ 07:44:39 -     WooCommerce Currency Converter by WooCommerce – 1.6.21
07-06-2020 @ 07:44:39 -     WooCommerce Customer/Order/Coupon Export by SkyVerge – 5.0.13
07-06-2020 @ 07:44:39 -     WooCommerce Customer/Order/Coupon CSV Import Suite by SkyVerge – 3.8.7
07-06-2020 @ 07:44:39 -     WooCommerce Customer/Order XML Export Suite by SkyVerge – 2.6.3
07-06-2020 @ 07:44:39 -     WooCommerce Deposits by WooCommerce – 1.5.1
07-06-2020 @ 07:44:39 -     WooCommerce Distance Rate Shipping by Automattic – 1.0.22
07-06-2020 @ 07:44:39 -     WooCommerce Drip by WooCommerce – 1.2.20
07-06-2020 @ 07:44:39 -     WooCommerce Dropshipping by WooCommerce – 2.4
07-06-2020 @ 07:44:39 -     WooCommerce Dynamic Pricing by Lucas Stark – 3.1.19
07-06-2020 @ 07:44:39 -     WooCommerce E-Mail Attachments (by Inoplugs) by InoPlugs – 3.0.11
07-06-2020 @ 07:44:39 -     Follow-Up Emails by WooCommerce – 4.9.2
07-06-2020 @ 07:44:39 -     WooCommerce Force Sells by WooCommerce – 1.1.24
07-06-2020 @ 07:44:39 -     WooCommerce Free Gift Coupons by Kathy Darling – 2.4.6
07-06-2020 @ 07:44:39 -     WooCommerce FreshBooks by SkyVerge – 3.14.1
07-06-2020 @ 07:44:39 -     WooCommerce Freshdesk by Automattic – 1.1.25
07-06-2020 @ 07:44:39 -     WooCommerce Chase Paymentech Gateway by SkyVerge – 1.14.7
07-06-2020 @ 07:44:39 -     WooCommerce Intuit Payments Gateway by SkyVerge – 2.7.4
07-06-2020 @ 07:44:39 -     WooCommerce PayPal Pro (Classic and PayFlow Editions) Gateway by WooCommerce – 4.5.0
07-06-2020 @ 07:44:39 -     WooCommerce Purchase Order Payment Gateway by WooCommerce – 1.2.10
07-06-2020 @ 07:44:39 -     WooCommerce Servired/RedSys Spain Gateway by José Conti – 9.1.1
07-06-2020 @ 07:44:39 -     WooCommerce WorldPay Gateway by Andrew Benbow – 4.1.3
07-06-2020 @ 07:44:39 -     WooCommerce Give Products by WooCommerce – 1.1.9
07-06-2020 @ 07:44:39 -     WooCommerce Google Analytics Pro by SkyVerge – 1.8.13
07-06-2020 @ 07:44:39 -     WooCommerce Gravity Forms Product Add-Ons by Lucas Stark – 3.3.14
07-06-2020 @ 07:44:39 -     WooCommerce Help Scout by WooCommerce – 2.3
07-06-2020 @ 07:44:39 -     WooCommerce Instagram by Themesquad – 3.2.0
07-06-2020 @ 07:44:39 -     WooCommerce Measurement Price Calculator by SkyVerge – 3.17.5
07-06-2020 @ 07:44:39 -     MailChimp for WooCommerce Memberships by SkyVerge – 1.2.4
07-06-2020 @ 07:44:39 -     WooCommerce Memberships by SkyVerge – 1.17.5
07-06-2020 @ 07:44:39 -     WooCommerce Min/Max Quantities by WooCommerce – 2.4.18
07-06-2020 @ 07:44:39 -     WooCommerce Mix and Match Products by Kathy Darling – 1.9.11
07-06-2020 @ 07:44:39 -     WooCommerce MSRP Pricing by Ademti Software Ltd. – 2.9.15
07-06-2020 @ 07:44:39 -     WooCommerce Multilingual by OnTheGoSystems – 4.9.1
07-06-2020 @ 07:44:39 -     WooCommerce Nested Category Layout by SkyVerge – 1.14.4
07-06-2020 @ 07:44:39 -     WooCommerce One Page Checkout by Automattic – 1.7.6
07-06-2020 @ 07:44:39 -     WooCommerce Order Barcodes by WooCommerce – 1.3.18
07-06-2020 @ 07:44:39 -     WooCommerce Order Delivery by Themesquad – 1.6.8
07-06-2020 @ 07:44:39 -     WooCommerce Order Status Control by SkyVerge – 1.12.3
07-06-2020 @ 07:44:39 -     WooCommerce Order Status Manager by SkyVerge – 1.11.9
07-06-2020 @ 07:44:39 -     WooCommerce PDF Invoices by Andrew Benbow – 4.6.7
07-06-2020 @ 07:44:39 -     WooCommerce Photography by WooCommerce – 1.0.25
07-06-2020 @ 07:44:39 -     Pinterest for WooCommerce by premmerce – 2.1.5
07-06-2020 @ 07:44:39 -     WooCommerce Print Invoices/Packing Lists by SkyVerge – 3.8.6
07-06-2020 @ 07:44:39 -     WooCommerce Points and Rewards by WooCommerce – 1.6.33
07-06-2020 @ 07:44:39 -     WooCommerce Pre-Orders by WooCommerce – 1.5.26
07-06-2020 @ 07:44:39 -     WooCommerce Product Add-ons by WooCommerce – 3.0.32
07-06-2020 @ 07:44:39 -     WooCommerce Product Bundles by SomewhereWarm – 6.3.0
07-06-2020 @ 07:44:39 -     WooCommerce Product CSV Import Suite by WooCommerce – 1.10.34
07-06-2020 @ 07:44:39 -     WooCommerce Product Documents by SkyVerge – 1.11.3
07-06-2020 @ 07:44:39 -     WooCommerce Product Enquiry Form by WooCommerce – 1.2.14
07-06-2020 @ 07:44:39 -     WooCommerce Google Product Feed by Ademti Software Ltd. – 8.1.3
07-06-2020 @ 07:44:39 -     WooCommerce Product Finder by WooCommerce – 1.2.13
07-06-2020 @ 07:44:39 -     WooCommerce Product Search by itthinx – 2.21.0
07-06-2020 @ 07:44:39 -     WooCommerce Product Vendors by WooCommerce – 2.1.34
07-06-2020 @ 07:44:39 -     WooCommerce Products Compare by WooCommerce – 1.0.20
07-06-2020 @ 07:44:39 -     WooCommerce Quick View by WooCommerce – 1.2.10
07-06-2020 @ 07:44:39 -     WooCommerce Recommendation Engine by Lucas Stark – 3.2.3
07-06-2020 @ 07:44:39 -     WooCommerce Review for Discount by WooCommerce – 1.6.16
07-06-2020 @ 07:44:39 -     WooCommerce Sale Flash Pro by WooCommerce – 1.2.16
07-06-2020 @ 07:44:39 -     WooCommerce Sales Report Email by WooCommerce – 1.1.14
07-06-2020 @ 07:44:39 -     WooCommerce Sequential Order Numbers Pro by SkyVerge – 1.15.3
07-06-2020 @ 07:44:39 -     WooCommerce Shipment Tracking by WooCommerce – 1.6.23
07-06-2020 @ 07:44:39 -     WooCommerce Flat Rate Box Shipping by WooCommerce – 2.0.14
07-06-2020 @ 07:44:39 -     WooCommerce Local Pickup Plus by SkyVerge – 2.8.2
07-06-2020 @ 07:44:39 -     WooCommerce Ship to Multiple Addresses by WooCommerce – 3.6.19
07-06-2020 @ 07:44:39 -     WooCommerce Shipping Per Product v2 by WooCommerce – 2.3.10
07-06-2020 @ 07:44:39 -     WooCommerce Stamps.com API integration by WooCommerce – 1.3.19
07-06-2020 @ 07:44:39 -     WooCommerce Slack by WooCommerce – 1.2.4
07-06-2020 @ 07:44:39 -     WooCommerce Smart Coupons by StoreApps – 4.7.6
07-06-2020 @ 07:44:39 -     WooCommerce Social Login by SkyVerge – 2.8.8
07-06-2020 @ 07:44:39 -     WooCommerce Splash Popup by WooCommerce – 1.2.17
07-06-2020 @ 07:44:39 -     WooCommerce Store Catalog PDF Download by WooCommerce – 1.10.24
07-06-2020 @ 07:44:39 -     WooCommerce Store Credit by Themesquad – 3.2.1
07-06-2020 @ 07:44:39 -     WooCommerce Subscribe to Newsletter by Themesquad – 2.8.1
07-06-2020 @ 07:44:39 -     WooCommerce Subscription Downloads by WooCommerce – 1.1.26
07-06-2020 @ 07:44:39 -     WooCommerce Subscriptions by WooCommerce – 3.0.5
07-06-2020 @ 07:44:39 -     WooCommerce Tab Manager by SkyVerge – 1.12.2
07-06-2020 @ 07:44:39 -     WooCommerce Table Rate Shipping by WooCommerce – 3.0.28
07-06-2020 @ 07:44:39 -     WooCommerce TM Extra Product Options by themeComplete – 5.0.12.2
07-06-2020 @ 07:44:39 -     WooCommerce Waitlist by Neil Pie – 2.1.22
07-06-2020 @ 07:44:39 -     WooCommerce Warranty Requests by WooCommerce – 1.9.15
07-06-2020 @ 07:44:39 -     WooCommerce Xero Integration by WooCommerce – 1.7.32
07-06-2020 @ 07:44:39 -     WooCommerce by Automattic – 4.2.2
07-06-2020 @ 07:44:39 -     WooSlider - WooCommerce Products Slideshow by WooCommerce – 1.0.20
07-06-2020 @ 07:44:39 -     WP Rocket by WP Media – 3.6.1
07-06-2020 @ 07:44:39 -     YITH Advanced Refund System for WooCommerce Premium by YITH – 1.1.12
07-06-2020 @ 07:44:39 -     YITH Cost of Goods for WooCommerce by YITH – 1.2.2
07-06-2020 @ 07:44:39 -     YITH Custom ThankYou Page for Woocommerce Premium by YITH – 1.2.4
07-06-2020 @ 07:44:39 -     YITH Deals for WooCommerce Premium by YITH – 1.0.13
07-06-2020 @ 07:44:39 -     YITH Desktop Notifications for WooCommerce Premium by YITH – 1.2.13
07-06-2020 @ 07:44:39 -     YITH Donations for WooCommerce Premium by YITH – 1.1.11
07-06-2020 @ 07:44:39 -     YITH Active Campaign for WooCommerce Premium by YITH – 2.0.0
07-06-2020 @ 07:44:39 -     YITH Composite Products for WooCommerce Premium by YITH – 1.1.20
07-06-2020 @ 07:44:39 -     YITH WooCommerce Social Login Premium by YITH – 1.4.8
07-06-2020 @ 07:44:44 - 3.0.5 upgrade complete from Subscriptions v0 while WooCommerce WC_VERSION 4.2.2 and database version 4.2.2 was active.
07-06-2020 @ 07:44:44 - Environment info:
07-06-2020 @ 07:44:44 -     WordPress Version : 5.4.2
07-06-2020 @ 07:44:44 - Active Plugins:
07-06-2020 @ 07:44:44 -     Contact Form 7 by Takayuki Miyoshi – 5.2
07-06-2020 @ 07:44:44 -     Coupon Referral Program by MakeWebBetter – 1.5.0
07-06-2020 @ 07:44:44 -     Dynamic Featured Image by Ankit Pokhrel – 3.7.0
07-06-2020 @ 07:44:44 -     WPBakery Page Builder by Michael M - WPBakery.com – 6.2.0
07-06-2020 @ 07:44:44 -     MemberPress WooCommerce by Caseproof, LLC – 1.0.5
07-06-2020 @ 07:44:44 -     Permalink Manager Pro by Maciej Bis – 2.2.8.7
07-06-2020 @ 07:44:44 -     Porto Theme - Functionality by P-Themes – 1.7.1
07-06-2020 @ 07:44:44 -     Slider Revolution by ThemePunch – 6.2.15
07-06-2020 @ 07:44:44 -     SUMO Reward Points by Fantastic Plugins – 24.7
07-06-2020 @ 07:44:44 -     Storefront Parallax Hero by WooCommerce – 1.5.7
07-06-2020 @ 07:44:44 -     WooCommerce Dynamic Pricing & Discounts by RightPress – 2.3.8
07-06-2020 @ 07:44:44 -     WooCommerce 360° Image by WooCommerce – 1.1.15
07-06-2020 @ 07:44:44 -     WooCommerce Account Funds by Themesquad – 2.2.1
07-06-2020 @ 07:44:44 -     WooCommerce Additional Variation Images by WooCommerce – 1.7.23
07-06-2020 @ 07:44:44 -     WooCommerce Address Validation by SkyVerge – 2.6.5
07-06-2020 @ 07:44:44 -     WooCommerce Advanced Notifications by WooCommerce – 1.2.25
07-06-2020 @ 07:44:44 -     WooCommerce Advanced Product Labels by Jeroen Sormani – 1.1.7
07-06-2020 @ 07:44:44 -     WooCommerce Advanced Ajax Layered Navigation by WooCommerce – 1.4.24
07-06-2020 @ 07:44:44 -     WooCommerce All Products For Subscriptions by SomewhereWarm – 3.1.14
07-06-2020 @ 07:44:44 -     WooCommerce Amazon Fulfillment by Never Settle – 3.3.2
07-06-2020 @ 07:44:44 -     WooCommerce Anti Fraud by WooCommerce – 2.7.2
07-06-2020 @ 07:44:44 -     WooCommerce API Manager by Todd Lahman LLC – 2.3.2
07-06-2020 @ 07:44:44 -     WooCommerce Authorize.Net Reporting by SkyVerge – 1.10.3
07-06-2020 @ 07:44:44 -     WooCommerce Boost Sales Premium by Andy Ha (villatheme.com) – 1.4.2
07-06-2020 @ 07:44:44 -     WooCommerce Box Office by WooCommerce – 1.1.25
07-06-2020 @ 07:44:44 -     WooCommerce Branding by WooCommerce – 1.0.26
07-06-2020 @ 07:44:44 -     WooCommerce Brands by WooCommerce – 1.6.18
07-06-2020 @ 07:44:44 -     WooCommerce Bulk Stock Management by WooCommerce – 2.2.28
07-06-2020 @ 07:44:44 -     WooCommerce Cart Add-Ons by WooCommerce – 1.5.29
07-06-2020 @ 07:44:44 -     WooCommerce Cart Notices by SkyVerge – 1.11.4
07-06-2020 @ 07:44:44 -     Cart Reports for WooCommerce by WooCommerce – 1.2.8
07-06-2020 @ 07:44:44 -     WooCommerce Catalog Visibility Options by Lucas Stark – 3.2.10
07-06-2020 @ 07:44:44 -     WooCommerce Chained Products by StoreApps – 2.9.6
07-06-2020 @ 07:44:44 -     WooCommerce Checkout Add-Ons by SkyVerge – 2.3.0
07-06-2020 @ 07:44:44 -     WooCommerce Checkout Field Editor by WooCommerce – 1.5.35
07-06-2020 @ 07:44:44 -     WooCommerce Composite Products by SomewhereWarm – 7.0.4
07-06-2020 @ 07:44:44 -     WooCommerce Conditional Content by Lucas Stark – 2.1.1
07-06-2020 @ 07:44:44 -     WooCommerce Conditional Shipping and Payments by SomewhereWarm – 1.8.1
07-06-2020 @ 07:44:44 -     WooCommerce Cost of Goods by SkyVerge – 2.9.8
07-06-2020 @ 07:44:44 -     WooCommerce Coupon Campaigns & Tracking by WooCommerce – 1.1.12
07-06-2020 @ 07:44:44 -     WooCommerce Currency Converter by WooCommerce – 1.6.21
07-06-2020 @ 07:44:44 -     WooCommerce Customer/Order/Coupon Export by SkyVerge – 5.0.13
07-06-2020 @ 07:44:44 -     WooCommerce Customer/Order/Coupon CSV Import Suite by SkyVerge – 3.8.7
07-06-2020 @ 07:44:44 -     WooCommerce Customer/Order XML Export Suite by SkyVerge – 2.6.3
07-06-2020 @ 07:44:44 -     WooCommerce Deposits by WooCommerce – 1.5.1
07-06-2020 @ 07:44:44 -     WooCommerce Distance Rate Shipping by Automattic – 1.0.22
07-06-2020 @ 07:44:44 -     WooCommerce Drip by WooCommerce – 1.2.20
07-06-2020 @ 07:44:44 -     WooCommerce Dropshipping by WooCommerce – 2.4
07-06-2020 @ 07:44:44 -     WooCommerce Dynamic Pricing by Lucas Stark – 3.1.19
07-06-2020 @ 07:44:44 -     WooCommerce E-Mail Attachments (by Inoplugs) by InoPlugs – 3.0.11
07-06-2020 @ 07:44:44 -     Follow-Up Emails by WooCommerce – 4.9.2
07-06-2020 @ 07:44:44 -     WooCommerce Force Sells by WooCommerce – 1.1.24
07-06-2020 @ 07:44:44 -     WooCommerce Free Gift Coupons by Kathy Darling – 2.4.6
07-06-2020 @ 07:44:44 -     WooCommerce FreshBooks by SkyVerge – 3.14.1
07-06-2020 @ 07:44:44 -     WooCommerce Freshdesk by Automattic – 1.1.25
07-06-2020 @ 07:44:44 -     WooCommerce Chase Paymentech Gateway by SkyVerge – 1.14.7
07-06-2020 @ 07:44:44 -     WooCommerce Intuit Payments Gateway by SkyVerge – 2.7.4
07-06-2020 @ 07:44:44 -     WooCommerce PayPal Pro (Classic and PayFlow Editions) Gateway by WooCommerce – 4.5.0
07-06-2020 @ 07:44:44 -     WooCommerce Purchase Order Payment Gateway by WooCommerce – 1.2.10
07-06-2020 @ 07:44:44 -     WooCommerce Servired/RedSys Spain Gateway by José Conti – 9.1.1
07-06-2020 @ 07:44:44 -     WooCommerce WorldPay Gateway by Andrew Benbow – 4.1.3
07-06-2020 @ 07:44:44 -     WooCommerce Give Products by WooCommerce – 1.1.9
07-06-2020 @ 07:44:44 -     WooCommerce Google Analytics Pro by SkyVerge – 1.8.13
07-06-2020 @ 07:44:44 -     WooCommerce Gravity Forms Product Add-Ons by Lucas Stark – 3.3.14
07-06-2020 @ 07:44:44 -     WooCommerce Help Scout by WooCommerce – 2.3
07-06-2020 @ 07:44:44 -     WooCommerce Instagram by Themesquad – 3.2.0
07-06-2020 @ 07:44:44 -     WooCommerce Measurement Price Calculator by SkyVerge – 3.17.5
07-06-2020 @ 07:44:44 -     MailChimp for WooCommerce Memberships by SkyVerge – 1.2.4
07-06-2020 @ 07:44:44 -     WooCommerce Memberships by SkyVerge – 1.17.5
07-06-2020 @ 07:44:44 -     WooCommerce Min/Max Quantities by WooCommerce – 2.4.18
07-06-2020 @ 07:44:44 -     WooCommerce Mix and Match Products by Kathy Darling – 1.9.11
07-06-2020 @ 07:44:44 -     WooCommerce MSRP Pricing by Ademti Software Ltd. – 2.9.15
07-06-2020 @ 07:44:44 -     WooCommerce Multilingual by OnTheGoSystems – 4.9.1
07-06-2020 @ 07:44:44 -     WooCommerce Nested Category Layout by SkyVerge – 1.14.4
07-06-2020 @ 07:44:44 -     WooCommerce One Page Checkout by Automattic – 1.7.6
07-06-2020 @ 07:44:44 -     WooCommerce Order Barcodes by WooCommerce – 1.3.18
07-06-2020 @ 07:44:44 -     WooCommerce Order Delivery by Themesquad – 1.6.8
07-06-2020 @ 07:44:44 -     WooCommerce Order Status Control by SkyVerge – 1.12.3
07-06-2020 @ 07:44:44 -     WooCommerce Order Status Manager by SkyVerge – 1.11.9
07-06-2020 @ 07:44:44 -     WooCommerce PDF Invoices by Andrew Benbow – 4.6.7
07-06-2020 @ 07:44:44 -     WooCommerce Photography by WooCommerce – 1.0.25
07-06-2020 @ 07:44:44 -     Pinterest for WooCommerce by premmerce – 2.1.5
07-06-2020 @ 07:44:44 -     WooCommerce Print Invoices/Packing Lists by SkyVerge – 3.8.6
07-06-2020 @ 07:44:44 -     WooCommerce Points and Rewards by WooCommerce – 1.6.33
07-06-2020 @ 07:44:44 -     WooCommerce Pre-Orders by WooCommerce – 1.5.26
07-06-2020 @ 07:44:44 -     WooCommerce Product Add-ons by WooCommerce – 3.0.32
07-06-2020 @ 07:44:44 -     WooCommerce Product Bundles by SomewhereWarm – 6.3.0
07-06-2020 @ 07:44:44 -     WooCommerce Product CSV Import Suite by WooCommerce – 1.10.34
07-06-2020 @ 07:44:44 -     WooCommerce Product Documents by SkyVerge – 1.11.3
07-06-2020 @ 07:44:44 -     WooCommerce Product Enquiry Form by WooCommerce – 1.2.14
07-06-2020 @ 07:44:44 -     WooCommerce Google Product Feed by Ademti Software Ltd. – 8.1.3
07-06-2020 @ 07:44:44 -     WooCommerce Product Finder by WooCommerce – 1.2.13
07-06-2020 @ 07:44:44 -     WooCommerce Product Search by itthinx – 2.21.0
07-06-2020 @ 07:44:44 -     WooCommerce Product Vendors by WooCommerce – 2.1.34
07-06-2020 @ 07:44:44 -     WooCommerce Products Compare by WooCommerce – 1.0.20
07-06-2020 @ 07:44:44 -     WooCommerce Quick View by WooCommerce – 1.2.10
07-06-2020 @ 07:44:44 -     WooCommerce Recommendation Engine by Lucas Stark – 3.2.3
07-06-2020 @ 07:44:44 -     WooCommerce Review for Discount by WooCommerce – 1.6.16
07-06-2020 @ 07:44:44 -     WooCommerce Sale Flash Pro by WooCommerce – 1.2.16
07-06-2020 @ 07:44:44 -     WooCommerce Sales Report Email by WooCommerce – 1.1.14
07-06-2020 @ 07:44:44 -     WooCommerce Sequential Order Numbers Pro by SkyVerge – 1.15.3
07-06-2020 @ 07:44:44 -     WooCommerce Shipment Tracking by WooCommerce – 1.6.23
07-06-2020 @ 07:44:44 -     WooCommerce Flat Rate Box Shipping by WooCommerce – 2.0.14
07-06-2020 @ 07:44:44 -     WooCommerce Local Pickup Plus by SkyVerge – 2.8.2
07-06-2020 @ 07:44:44 -     WooCommerce Ship to Multiple Addresses by WooCommerce – 3.6.19
07-06-2020 @ 07:44:44 -     WooCommerce Shipping Per Product v2 by WooCommerce – 2.3.10
07-06-2020 @ 07:44:44 -     WooCommerce Stamps.com API integration by WooCommerce – 1.3.19
07-06-2020 @ 07:44:44 -     WooCommerce Slack by WooCommerce – 1.2.4
07-06-2020 @ 07:44:44 -     WooCommerce Smart Coupons by StoreApps – 4.7.6
07-06-2020 @ 07:44:44 -     WooCommerce Social Login by SkyVerge – 2.8.8
07-06-2020 @ 07:44:44 -     WooCommerce Splash Popup by WooCommerce – 1.2.17
07-06-2020 @ 07:44:44 -     WooCommerce Store Catalog PDF Download by WooCommerce – 1.10.24
07-06-2020 @ 07:44:44 -     WooCommerce Store Credit by Themesquad – 3.2.1
07-06-2020 @ 07:44:44 -     WooCommerce Subscribe to Newsletter by Themesquad – 2.8.1
07-06-2020 @ 07:44:44 -     WooCommerce Subscription Downloads by WooCommerce – 1.1.26
07-06-2020 @ 07:44:44 -     WooCommerce Subscriptions by WooCommerce – 3.0.5
07-06-2020 @ 07:44:44 -     WooCommerce Tab Manager by SkyVerge – 1.12.2
07-06-2020 @ 07:44:44 -     WooCommerce Table Rate Shipping by WooCommerce – 3.0.28
07-06-2020 @ 07:44:44 -     WooCommerce TM Extra Product Options by themeComplete – 5.0.12.2
07-06-2020 @ 07:44:44 -     WooCommerce Waitlist by Neil Pie – 2.1.22
07-06-2020 @ 07:44:44 -     WooCommerce Warranty Requests by WooCommerce – 1.9.15
07-06-2020 @ 07:44:44 -     WooCommerce Xero Integration by WooCommerce – 1.7.32
07-06-2020 @ 07:44:44 -     WooCommerce by Automattic – 4.2.2
07-06-2020 @ 07:44:44 -     WooSlider - WooCommerce Products Slideshow by WooCommerce – 1.0.20
07-06-2020 @ 07:44:44 -     WP Rocket by WP Media – 3.6.1
07-06-2020 @ 07:44:44 -     YITH Advanced Refund System for WooCommerce Premium by YITH – 1.1.12
07-06-2020 @ 07:44:44 -     YITH Cost of Goods for WooCommerce by YITH – 1.2.2
07-06-2020 @ 07:44:44 -     YITH Custom ThankYou Page for Woocommerce Premium by YITH – 1.2.4
07-06-2020 @ 07:44:44 -     YITH Deals for WooCommerce Premium by YITH – 1.0.13
07-06-2020 @ 07:44:44 -     YITH Desktop Notifications for WooCommerce Premium by YITH – 1.2.13
07-06-2020 @ 07:44:44 -     YITH Donations for WooCommerce Premium by YITH – 1.1.11
07-06-2020 @ 07:44:44 -     YITH Active Campaign for WooCommerce Premium by YITH – 2.0.0
07-06-2020 @ 07:44:44 -     YITH Composite Products for WooCommerce Premium by YITH – 1.1.20
07-06-2020 @ 07:44:44 -     YITH WooCommerce Social Login Premium by YITH – 1.4.8
