01-16-2021 @ 11:33:27 - 3.0.12 upgrade complete from Subscriptions v0 while WooCommerce WC_VERSION 4.9.0 and database version 4.9.0 was active.
01-16-2021 @ 11:33:27 - Environment info:
01-16-2021 @ 11:33:27 -     WordPress Version : 5.6
01-16-2021 @ 11:33:27 - Active Plugins:
01-16-2021 @ 11:33:27 -     Gravity Forms by Gravity Forms – 2.4.22.2
01-16-2021 @ 11:33:27 -     Redux by Redux.io + Dovy Paukstys – 4.1.24
01-16-2021 @ 11:33:27 -     Ultimate Addons for WPBakery Page Builder by Brainstorm Force – 3.19.8
01-16-2021 @ 11:33:27 -     Admin Columns Pro by AdminColumns.com – 5.4
01-16-2021 @ 11:33:27 -     Ads Abandoned Cart AliDropship Plugin by Yaroslav Nevskiy & Pavel Shishkin – 2.0.17
01-16-2021 @ 11:33:27 -     Shipping Product Aliexpress by Pavel Shishkin – 1.3.49
01-16-2021 @ 11:33:27 -     AliDropship Woo Plugin by Vitaly Kukin & Yaroslav Nevskiy & Pavel Shishkin & Denis Zharov – 1.6.19
01-16-2021 @ 11:33:27 -     BetterDocs Pro by WPDeveloper – 1.3.9
01-16-2021 @ 11:33:27 -     BetterDocs by WPDeveloper – 1.3.4
01-16-2021 @ 11:33:27 -     Contact Form 7 by Takayuki Miyoshi – 5.3.2
01-16-2021 @ 11:33:27 -     Ultimate GDPR & CCPA by CreateIT – 2.4
01-16-2021 @ 11:33:27 -     Custom Post Type UI by WebDevStudios – 1.8.2
01-16-2021 @ 11:33:27 -     Dynamic Featured Image by Ankit Pokhrel – 3.7.0
01-16-2021 @ 11:33:27 -     Force Regenerate Thumbnails by Pedro Elsner – 2.0.6
01-16-2021 @ 11:33:27 -     Google Analytics for WordPress by MonsterInsights by MonsterInsights – 7.14.0
01-16-2021 @ 11:33:27 -     Groovy Menu by Grooni – 2.4.1
01-16-2021 @ 11:33:27 -     Imagify by WP Media – 1.9.13
01-16-2021 @ 11:33:27 -     Social Slider Widget by creativemotion – 1.8.6
01-16-2021 @ 11:33:27 -     WPBakery Page Builder by Michael M - WPBakery.com – 6.5.0
01-16-2021 @ 11:33:27 -     Massive Addons for WPBakery Page Builder by MassivePixelCreation – 2.4.8
01-16-2021 @ 11:33:27 -     Permalink Manager Pro by Maciej Bis – 2.2.9.4
01-16-2021 @ 11:33:27 -     Porto Theme - Functionality by P-Themes – 2.0.1
01-16-2021 @ 11:33:27 -     reCaptcha for WooCommerce by I Thirteen Web Solution – 2.4
01-16-2021 @ 11:33:27 -     Regenerate Thumbnails by Alex Mills (Viper007Bond) – 3.1.4
01-16-2021 @ 11:33:27 -     Slider Revolution 404 Page Add-On by ThemePunch – 2.0.0
01-16-2021 @ 11:33:27 -     Slider Revolution Backup Add-On by ThemePunch – 2.0.1
01-16-2021 @ 11:33:27 -     Slider Revolution Before/After Add-On by ThemePunch – 2.0.4
01-16-2021 @ 11:33:27 -     Slider Revolution Bubblemorph AddOn by ThemePunch – 2.1.0
01-16-2021 @ 11:33:27 -     Slider Revolution Domain Switch Add-on by ThemePunch – 1.0.1
01-16-2021 @ 11:33:27 -     Slider Revolution Duotone-Filters Add-On by ThemePunch – 2.0.0
01-16-2021 @ 11:33:27 -     Slider Revolution Exploding Layers Add-On by ThemePunch – 2.1.1
01-16-2021 @ 11:33:27 -     Slider Revolution Featured Slider Add-on by ThemePunch – 2.0.1
01-16-2021 @ 11:33:27 -     Slider Revolution FilmStrip Add-On by ThemePunch – 2.0.2
01-16-2021 @ 11:33:27 -     Slider Revolution WP Gallery Add-On by ThemePunch – 2.0.0
01-16-2021 @ 11:33:27 -     Slider Revolution Distortion Effect AddOn by ThemePunch – 2.0.2
01-16-2021 @ 11:33:27 -     Slider Revolution Login Page Add-on by ThemePunch – 2.0.1
01-16-2021 @ 11:33:27 -     Slider Revolution Coming Soon & Maintenance Add-on by ThemePunch – 2.1.1
01-16-2021 @ 11:33:27 -     Slider Revolution Paint-Brush Add-On by ThemePunch – 2.1.6
01-16-2021 @ 11:33:27 -     Slider Revolution Panorama AddOn by ThemePunch – 2.1.1
01-16-2021 @ 11:33:27 -     Slider Revolution Particles Effect by ThemePunch – 2.1.0
01-16-2021 @ 11:33:27 -     Slider Revolution Polyfold Scroll Effect by ThemePunch – 2.0.0
01-16-2021 @ 11:33:27 -     Slider Revolution Previous and Next Posts Add-On by ThemePunch – 2.0.1
01-16-2021 @ 11:33:27 -     Slider Revolution URL Load Add-on by ThemePunch – 2.0.0
01-16-2021 @ 11:33:27 -     Slider Revolution Related Posts Add-On by ThemePunch – 2.0.0
01-16-2021 @ 11:33:27 -     Slider Revolution Reveal Preloaders by ThemePunch – 2.0.0
01-16-2021 @ 11:33:27 -     Slider Revolution Sharing Add-on by ThemePunch – 2.0.5
01-16-2021 @ 11:33:27 -     Slider Revolution Slicey Add-On by ThemePunch – 2.0.4
01-16-2021 @ 11:33:27 -     Slider Revolution Holiday Snow by ThemePunch – 2.0.0
01-16-2021 @ 11:33:27 -     Slider Revolution Typewriter Effect by ThemePunch – 2.0.2
01-16-2021 @ 11:33:27 -     Slider Revolution Weather Add-on by ThemePunch – 2.0.1
01-16-2021 @ 11:33:27 -     Slider Revolution Whiteboard Add-on by ThemePunch – 2.2.0
01-16-2021 @ 11:33:27 -     Slider Revolution by ThemePunch – 6.3.5
01-16-2021 @ 11:33:27 -     SUMO Reward Points by Fantastic Plugins – 25.8
01-16-2021 @ 11:33:27 -     WooCommerce Dynamic Pricing & Discounts by RightPress – 2.3.8
01-16-2021 @ 11:33:27 -     WooCommerce 360° Image by WooCommerce – 1.1.19
01-16-2021 @ 11:33:27 -     WooCommerce Account Funds by Themesquad – 2.3.5
01-16-2021 @ 11:33:27 -     WooCommerce Additional Variation Images by WooCommerce – 1.8.1
01-16-2021 @ 11:33:27 -     WooCommerce Address Validation by SkyVerge – 2.8.0
01-16-2021 @ 11:33:27 -     WooCommerce Advanced Notifications by WooCommerce – 1.2.29
01-16-2021 @ 11:33:27 -     WooCommerce Advanced Product Labels by Jeroen Sormani – 1.1.7
01-16-2021 @ 11:33:27 -     WooCommerce Advanced Ajax Layered Navigation by WooCommerce – 1.4.26
01-16-2021 @ 11:33:27 -     WooCommerce All Products For Subscriptions by SomewhereWarm – 3.1.19
01-16-2021 @ 11:33:27 -     WooCommerce Amazon Fulfillment by Never Settle – 3.3.5
01-16-2021 @ 11:33:27 -     WooCommerce Anti Fraud by OPMC Australia Pty Ltd – 3.4
01-16-2021 @ 11:33:27 -     WooCommerce API Manager by Todd Lahman LLC – 2.3.8
01-16-2021 @ 11:33:27 -     WooCommerce Authorize.Net Reporting by SkyVerge – 1.12.0
01-16-2021 @ 11:33:27 -     WooCommerce Bookings by WooCommerce – 1.15.33
01-16-2021 @ 11:33:27 -     WooCommerce Boost Sales Premium by Andy Ha (villatheme.com) – 1.4.2
01-16-2021 @ 11:33:27 -     WooCommerce Box Office by WooCommerce – 1.1.30
01-16-2021 @ 11:33:27 -     WooCommerce Branding by WooCommerce – 1.0.29
01-16-2021 @ 11:33:27 -     WooCommerce Brands by WooCommerce – 1.6.23
01-16-2021 @ 11:33:27 -     WooCommerce Bulk Stock Management by WooCommerce – 2.2.31
01-16-2021 @ 11:33:27 -     WooCommerce Bulk Variations by Lucas Stark – 1.6.6
01-16-2021 @ 11:33:27 -     WooCommerce Cart Add-Ons by WooCommerce – 1.15.34
01-16-2021 @ 11:33:27 -     WooCommerce Cart Notices by SkyVerge – 1.13.0
01-16-2021 @ 11:33:27 -     Cart Reports for WooCommerce by WooCommerce – 1.2.9
01-16-2021 @ 11:33:27 -     WooCommerce Catalog Visibility Options by Lucas Stark – 3.2.14
01-16-2021 @ 11:33:27 -     WooCommerce Chained Products by StoreApps – 2.9.9
01-16-2021 @ 11:33:27 -     WooCommerce Checkout Add-Ons by SkyVerge – 2.5.0
01-16-2021 @ 11:33:27 -     WooCommerce Checkout Field Editor by WooCommerce – 1.5.38
01-16-2021 @ 11:33:27 -     WooCommerce Composite Products by SomewhereWarm – 7.1.6
01-16-2021 @ 11:33:27 -     WooCommerce Conditional Content by Lucas Stark – 2.1.5
01-16-2021 @ 11:33:27 -     WooCommerce Conditional Shipping and Payments by SomewhereWarm – 1.8.11
01-16-2021 @ 11:33:27 -     WooCommerce Cost of Goods by SkyVerge – 2.10.0
01-16-2021 @ 11:33:27 -     WooCommerce Coupon Campaigns & Tracking by WooCommerce – 1.1.16
01-16-2021 @ 11:33:27 -     WooCommerce Currency Converter by WooCommerce – 1.6.23
01-16-2021 @ 11:33:27 -     WooCommerce Customer/Order/Coupon Export by SkyVerge – 5.2.0
01-16-2021 @ 11:33:27 -     WooCommerce Customer/Order/Coupon CSV Import Suite by SkyVerge – 3.10.0
01-16-2021 @ 11:33:27 -     WooCommerce Customer/Order XML Export Suite by SkyVerge – 2.6.3
01-16-2021 @ 11:33:27 -     WooCommerce Deposits by WooCommerce – 1.5.6
01-16-2021 @ 11:33:27 -     WooCommerce Distance Rate Shipping by Automattic – 1.0.26
01-16-2021 @ 11:33:27 -     WooCommerce Drip by WooCommerce – 1.2.24
01-16-2021 @ 11:33:27 -     WooCommerce Dropshipping by WooCommerce – 2.11
01-16-2021 @ 11:33:27 -     WooCommerce Dynamic Pricing by Lucas Stark – 3.1.22
01-16-2021 @ 11:33:27 -     WooCommerce E-Mail Attachments (by Inoplugs) by InoPlugs – 3.0.11
01-16-2021 @ 11:33:27 -     Follow-Up Emails by WooCommerce – 4.9.10
01-16-2021 @ 11:33:27 -     WooCommerce Force Sells by WooCommerce – 1.1.27
01-16-2021 @ 11:33:27 -     WooCommerce Free Gift Coupons by Kathy Darling – 3.0.5
01-16-2021 @ 11:33:27 -     WooCommerce FreshBooks by SkyVerge – 3.14.1
01-16-2021 @ 11:33:27 -     WooCommerce Freshdesk by Automattic – 1.1.26
01-16-2021 @ 11:33:27 -     WooCommerce Chase Paymentech Gateway by SkyVerge – 1.16.0
01-16-2021 @ 11:33:27 -     WooCommerce Intuit Payments Gateway by SkyVerge – 2.8.3
01-16-2021 @ 11:33:27 -     WooCommerce PayPal Pro (Classic and PayFlow Editions) Gateway by WooCommerce – 4.5.1
01-16-2021 @ 11:33:27 -     WooCommerce Purchase Order Payment Gateway by WooCommerce – 1.2.12
01-16-2021 @ 11:33:27 -     WooCommerce Servired/RedSys Spain Gateway by José Conti – 13.0.0
01-16-2021 @ 11:33:27 -     WooCommerce Stripe Gateway by WooCommerce – 4.5.5
01-16-2021 @ 11:33:27 -     WooCommerce WorldPay Gateway by Andrew Benbow – 4.1.7
01-16-2021 @ 11:33:27 -     WooCommerce Give Products by WooCommerce – 1.1.12
01-16-2021 @ 11:33:27 -     WooCommerce Google Analytics Pro by SkyVerge – 1.10.0
01-16-2021 @ 11:33:27 -     WooCommerce Gravity Forms Product Add-Ons by Lucas Stark – 3.3.17
01-16-2021 @ 11:33:27 -     WooCommerce Help Scout by WooCommerce – 2.6
01-16-2021 @ 11:33:27 -     WooCommerce Instagram by Themesquad – 3.4.1
01-16-2021 @ 11:33:27 -     WooCommerce Measurement Price Calculator by SkyVerge – 3.19.0
01-16-2021 @ 11:33:27 -     WooCommerce Memberships by SkyVerge – 1.20.0
01-16-2021 @ 11:33:27 -     WooCommerce Min/Max Quantities by WooCommerce – 2.4.20
01-16-2021 @ 11:33:27 -     WooCommerce Mix and Match Products by Kathy Darling – 1.10.6
01-16-2021 @ 11:33:27 -     WooCommerce MSRP Pricing by Ademti Software Ltd. – 3.1.2
01-16-2021 @ 11:33:27 -     WooCommerce Nested Category Layout by SkyVerge – 1.16.0
01-16-2021 @ 11:33:27 -     WooCommerce Notification Premium by Andy Ha (villatheme.com) – 1.4.2.2
01-16-2021 @ 11:33:27 -     WooCommerce One Page Checkout by Automattic – 1.7.10
01-16-2021 @ 11:33:27 -     WooCommerce Order Barcodes by WooCommerce – 1.3.23
01-16-2021 @ 11:33:27 -     WooCommerce Order Delivery by Themesquad – 1.8.4
01-16-2021 @ 11:33:27 -     WooCommerce Order Status Control by SkyVerge – 1.14.0
01-16-2021 @ 11:33:27 -     WooCommerce Order Status Manager by SkyVerge – 1.12.2
01-16-2021 @ 11:33:27 -     WooCommerce PDF Invoices by Andrew Benbow – 4.9.2
01-16-2021 @ 11:33:27 -     WooCommerce Photography by WooCommerce – 1.0.27
01-16-2021 @ 11:33:27 -     Pinterest for WooCommerce by premmerce – 2.3.1
01-16-2021 @ 11:33:27 -     WooCommerce Print Invoices/Packing Lists by SkyVerge – 3.10.0
01-16-2021 @ 11:33:27 -     WooCommerce Points and Rewards by WooCommerce – 1.6.42
01-16-2021 @ 11:33:27 -     WooCommerce Pre-Orders by WooCommerce – 1.5.29
01-16-2021 @ 11:33:27 -     WooCommerce Product Add-ons by WooCommerce – 3.2.0
01-16-2021 @ 11:33:27 -     WooCommerce Product Bundles by SomewhereWarm – 6.6.0
01-16-2021 @ 11:33:27 -     WooCommerce Product CSV Import Suite by WooCommerce – 1.10.38
01-16-2021 @ 11:33:27 -     WooCommerce Product Documents by SkyVerge – 1.13.0
01-16-2021 @ 11:33:27 -     WooCommerce Product Enquiry Form by WooCommerce – 1.2.17
01-16-2021 @ 11:33:27 -     WooCommerce Google Product Feed by Ademti Software Ltd. – 9.4.1
01-16-2021 @ 11:33:27 -     WooCommerce Product Finder by WooCommerce – 1.2.17
01-16-2021 @ 11:33:27 -     WooCommerce Product Retailers by SkyVerge – 1.15.0
01-16-2021 @ 11:33:27 -     WooCommerce Product Reviews Pro by SkyVerge – 1.17.1
01-16-2021 @ 11:33:27 -     WooCommerce Product Search by itthinx – 3.5.0
01-16-2021 @ 11:33:27 -     WooCommerce Product Vendors by WooCommerce – 2.1.41
01-16-2021 @ 11:33:27 -     WooCommerce Products Compare by WooCommerce – 1.0.23
01-16-2021 @ 11:33:27 -     WooCommerce Quick View by WooCommerce – 1.3.1
01-16-2021 @ 11:33:27 -     WooCommerce Recommendation Engine by Lucas Stark – 3.2.5
01-16-2021 @ 11:33:27 -     WooCommerce Review for Discount by WooCommerce – 1.6.19
01-16-2021 @ 11:33:27 -     WooCommerce Sale Flash Pro by WooCommerce – 1.2.19
01-16-2021 @ 11:33:27 -     WooCommerce Sales Report Email by WooCommerce – 1.1.18
01-16-2021 @ 11:33:27 -     WooCommerce Sequential Order Numbers Pro by SkyVerge – 1.17.0
01-16-2021 @ 11:33:27 -     WooCommerce Shipment Tracking by WooCommerce – 1.6.26
01-16-2021 @ 11:33:27 -     WooCommerce Flat Rate Box Shipping by WooCommerce – 2.0.15
01-16-2021 @ 11:33:27 -     WooCommerce Local Pickup Plus by SkyVerge – 2.9.2
01-16-2021 @ 11:33:27 -     WooCommerce Ship to Multiple Addresses by WooCommerce – 3.6.25
01-16-2021 @ 11:33:27 -     WooCommerce Shipping Per Product v2 by WooCommerce – 2.3.12
01-16-2021 @ 11:33:27 -     WooCommerce Smart Coupons by StoreApps – 4.14.0
01-16-2021 @ 11:33:27 -     WooCommerce Social Login by SkyVerge – 2.11.0
01-16-2021 @ 11:33:27 -     WooCommerce Splash Popup by WooCommerce – 1.2.19
01-16-2021 @ 11:33:27 -     WooCommerce Store Credit by Themesquad – 3.4.3
01-16-2021 @ 11:33:27 -     WooCommerce Subscribe to Newsletter by Themesquad – 2.9.1
01-16-2021 @ 11:33:27 -     WooCommerce Subscription Downloads by WooCommerce – 1.1.31
01-16-2021 @ 11:33:27 -     WooCommerce Subscriptions Gifting by WooCommerce – 2.1.2
01-16-2021 @ 11:33:27 -     WooCommerce Subscriptions by WooCommerce – 3.0.12
01-16-2021 @ 11:33:27 -     WooCommerce Tab Manager by SkyVerge – 1.14.0
01-16-2021 @ 11:33:27 -     WooCommerce Table Rate Shipping by WooCommerce – 3.0.30
01-16-2021 @ 11:33:27 -     WooCommerce TM Extra Product Options by themeComplete – 5.0.12.11
01-16-2021 @ 11:33:27 -     WooCommerce Twilio SMS Notifications by SkyVerge – 1.15.1
01-16-2021 @ 11:33:27 -     WooCommerce Waitlist by Neil Pie – 2.2.0
01-16-2021 @ 11:33:27 -     WooCommerce Warranty Requests by WooCommerce – 1.9.21
01-16-2021 @ 11:33:27 -     WooCommerce WishLists by Lucas Stark – 2.2.3
01-16-2021 @ 11:33:27 -     WooCommerce by Automattic – 4.9.0
01-16-2021 @ 11:33:27 -     WooSlider - WooCommerce Products Slideshow by WooCommerce – 1.0.22
01-16-2021 @ 11:33:27 -     Yoast SEO Premium by Team Yoast – 15.6.2
01-16-2021 @ 11:33:27 -     WP Mail SMTP Pro by WPForms – 2.5.3
01-16-2021 @ 11:33:27 -     WP Media Folders by WP Hi-Tech – 1.2.3
01-16-2021 @ 11:33:27 -     WP Rocket by WP Media – 3.8.2
01-16-2021 @ 11:33:27 -     WP Sitemap Page by Tony Archambeau – 1.6.2
01-16-2021 @ 11:33:27 -     Yoast SEO: WooCommerce by Team Yoast – 13.8
01-16-2021 @ 11:33:29 - 3.0.12 upgrade complete from Subscriptions v0 while WooCommerce WC_VERSION 4.9.0 and database version 4.9.0 was active.
01-16-2021 @ 11:33:29 - Environment info:
01-16-2021 @ 11:33:29 -     WordPress Version : 5.6
01-16-2021 @ 11:33:29 - Active Plugins:
01-16-2021 @ 11:33:29 -     Gravity Forms by Gravity Forms – 2.4.22.2
01-16-2021 @ 11:33:29 -     Redux by Redux.io + Dovy Paukstys – 4.1.24
01-16-2021 @ 11:33:29 -     Ultimate Addons for WPBakery Page Builder by Brainstorm Force – 3.19.8
01-16-2021 @ 11:33:29 -     Admin Columns Pro by AdminColumns.com – 5.4
01-16-2021 @ 11:33:29 -     Ads Abandoned Cart AliDropship Plugin by Yaroslav Nevskiy & Pavel Shishkin – 2.0.17
01-16-2021 @ 11:33:29 -     Shipping Product Aliexpress by Pavel Shishkin – 1.3.49
01-16-2021 @ 11:33:29 -     AliDropship Woo Plugin by Vitaly Kukin & Yaroslav Nevskiy & Pavel Shishkin & Denis Zharov – 1.6.19
01-16-2021 @ 11:33:29 -     BetterDocs Pro by WPDeveloper – 1.3.9
01-16-2021 @ 11:33:29 -     BetterDocs by WPDeveloper – 1.3.4
01-16-2021 @ 11:33:29 -     Contact Form 7 by Takayuki Miyoshi – 5.3.2
01-16-2021 @ 11:33:29 -     Ultimate GDPR & CCPA by CreateIT – 2.4
01-16-2021 @ 11:33:29 -     Custom Post Type UI by WebDevStudios – 1.8.2
01-16-2021 @ 11:33:29 -     Dynamic Featured Image by Ankit Pokhrel – 3.7.0
01-16-2021 @ 11:33:29 -     Force Regenerate Thumbnails by Pedro Elsner – 2.0.6
01-16-2021 @ 11:33:29 -     Google Analytics for WordPress by MonsterInsights by MonsterInsights – 7.14.0
01-16-2021 @ 11:33:29 -     Groovy Menu by Grooni – 2.4.1
01-16-2021 @ 11:33:29 -     Imagify by WP Media – 1.9.13
01-16-2021 @ 11:33:29 -     Social Slider Widget by creativemotion – 1.8.6
01-16-2021 @ 11:33:29 -     WPBakery Page Builder by Michael M - WPBakery.com – 6.5.0
01-16-2021 @ 11:33:29 -     Massive Addons for WPBakery Page Builder by MassivePixelCreation – 2.4.8
01-16-2021 @ 11:33:29 -     Permalink Manager Pro by Maciej Bis – 2.2.9.4
01-16-2021 @ 11:33:29 -     Porto Theme - Functionality by P-Themes – 2.0.1
01-16-2021 @ 11:33:29 -     reCaptcha for WooCommerce by I Thirteen Web Solution – 2.4
01-16-2021 @ 11:33:29 -     Regenerate Thumbnails by Alex Mills (Viper007Bond) – 3.1.4
01-16-2021 @ 11:33:29 -     Slider Revolution 404 Page Add-On by ThemePunch – 2.0.0
01-16-2021 @ 11:33:29 -     Slider Revolution Backup Add-On by ThemePunch – 2.0.1
01-16-2021 @ 11:33:29 -     Slider Revolution Before/After Add-On by ThemePunch – 2.0.4
01-16-2021 @ 11:33:29 -     Slider Revolution Bubblemorph AddOn by ThemePunch – 2.1.0
01-16-2021 @ 11:33:29 -     Slider Revolution Domain Switch Add-on by ThemePunch – 1.0.1
01-16-2021 @ 11:33:29 -     Slider Revolution Duotone-Filters Add-On by ThemePunch – 2.0.0
01-16-2021 @ 11:33:29 -     Slider Revolution Exploding Layers Add-On by ThemePunch – 2.1.1
01-16-2021 @ 11:33:29 -     Slider Revolution Featured Slider Add-on by ThemePunch – 2.0.1
01-16-2021 @ 11:33:29 -     Slider Revolution FilmStrip Add-On by ThemePunch – 2.0.2
01-16-2021 @ 11:33:29 -     Slider Revolution WP Gallery Add-On by ThemePunch – 2.0.0
01-16-2021 @ 11:33:29 -     Slider Revolution Distortion Effect AddOn by ThemePunch – 2.0.2
01-16-2021 @ 11:33:29 -     Slider Revolution Login Page Add-on by ThemePunch – 2.0.1
01-16-2021 @ 11:33:29 -     Slider Revolution Coming Soon & Maintenance Add-on by ThemePunch – 2.1.1
01-16-2021 @ 11:33:29 -     Slider Revolution Paint-Brush Add-On by ThemePunch – 2.1.6
01-16-2021 @ 11:33:29 -     Slider Revolution Panorama AddOn by ThemePunch – 2.1.1
01-16-2021 @ 11:33:29 -     Slider Revolution Particles Effect by ThemePunch – 2.1.0
01-16-2021 @ 11:33:29 -     Slider Revolution Polyfold Scroll Effect by ThemePunch – 2.0.0
01-16-2021 @ 11:33:29 -     Slider Revolution Previous and Next Posts Add-On by ThemePunch – 2.0.1
01-16-2021 @ 11:33:29 -     Slider Revolution URL Load Add-on by ThemePunch – 2.0.0
01-16-2021 @ 11:33:29 -     Slider Revolution Related Posts Add-On by ThemePunch – 2.0.0
01-16-2021 @ 11:33:29 -     Slider Revolution Reveal Preloaders by ThemePunch – 2.0.0
01-16-2021 @ 11:33:29 -     Slider Revolution Sharing Add-on by ThemePunch – 2.0.5
01-16-2021 @ 11:33:29 -     Slider Revolution Slicey Add-On by ThemePunch – 2.0.4
01-16-2021 @ 11:33:29 -     Slider Revolution Holiday Snow by ThemePunch – 2.0.0
01-16-2021 @ 11:33:29 -     Slider Revolution Typewriter Effect by ThemePunch – 2.0.2
01-16-2021 @ 11:33:29 -     Slider Revolution Weather Add-on by ThemePunch – 2.0.1
01-16-2021 @ 11:33:29 -     Slider Revolution Whiteboard Add-on by ThemePunch – 2.2.0
01-16-2021 @ 11:33:29 -     Slider Revolution by ThemePunch – 6.3.5
01-16-2021 @ 11:33:29 -     SUMO Reward Points by Fantastic Plugins – 25.8
01-16-2021 @ 11:33:29 -     WooCommerce Dynamic Pricing & Discounts by RightPress – 2.3.8
01-16-2021 @ 11:33:29 -     WooCommerce 360° Image by WooCommerce – 1.1.19
01-16-2021 @ 11:33:29 -     WooCommerce Account Funds by Themesquad – 2.3.5
01-16-2021 @ 11:33:29 -     WooCommerce Additional Variation Images by WooCommerce – 1.8.1
01-16-2021 @ 11:33:29 -     WooCommerce Address Validation by SkyVerge – 2.8.0
01-16-2021 @ 11:33:29 -     WooCommerce Advanced Notifications by WooCommerce – 1.2.29
01-16-2021 @ 11:33:29 -     WooCommerce Advanced Product Labels by Jeroen Sormani – 1.1.7
01-16-2021 @ 11:33:29 -     WooCommerce Advanced Ajax Layered Navigation by WooCommerce – 1.4.26
01-16-2021 @ 11:33:29 -     WooCommerce All Products For Subscriptions by SomewhereWarm – 3.1.19
01-16-2021 @ 11:33:29 -     WooCommerce Amazon Fulfillment by Never Settle – 3.3.5
01-16-2021 @ 11:33:29 -     WooCommerce Anti Fraud by OPMC Australia Pty Ltd – 3.4
01-16-2021 @ 11:33:29 -     WooCommerce API Manager by Todd Lahman LLC – 2.3.8
01-16-2021 @ 11:33:29 -     WooCommerce Authorize.Net Reporting by SkyVerge – 1.12.0
01-16-2021 @ 11:33:29 -     WooCommerce Bookings by WooCommerce – 1.15.33
01-16-2021 @ 11:33:29 -     WooCommerce Boost Sales Premium by Andy Ha (villatheme.com) – 1.4.2
01-16-2021 @ 11:33:29 -     WooCommerce Box Office by WooCommerce – 1.1.30
01-16-2021 @ 11:33:29 -     WooCommerce Branding by WooCommerce – 1.0.29
01-16-2021 @ 11:33:29 -     WooCommerce Brands by WooCommerce – 1.6.23
01-16-2021 @ 11:33:29 -     WooCommerce Bulk Stock Management by WooCommerce – 2.2.31
01-16-2021 @ 11:33:29 -     WooCommerce Bulk Variations by Lucas Stark – 1.6.6
01-16-2021 @ 11:33:29 -     WooCommerce Cart Add-Ons by WooCommerce – 1.15.34
01-16-2021 @ 11:33:29 -     WooCommerce Cart Notices by SkyVerge – 1.13.0
01-16-2021 @ 11:33:29 -     Cart Reports for WooCommerce by WooCommerce – 1.2.9
01-16-2021 @ 11:33:29 -     WooCommerce Catalog Visibility Options by Lucas Stark – 3.2.14
01-16-2021 @ 11:33:29 -     WooCommerce Chained Products by StoreApps – 2.9.9
01-16-2021 @ 11:33:29 -     WooCommerce Checkout Add-Ons by SkyVerge – 2.5.0
01-16-2021 @ 11:33:29 -     WooCommerce Checkout Field Editor by WooCommerce – 1.5.38
01-16-2021 @ 11:33:29 -     WooCommerce Composite Products by SomewhereWarm – 7.1.6
01-16-2021 @ 11:33:29 -     WooCommerce Conditional Content by Lucas Stark – 2.1.5
01-16-2021 @ 11:33:29 -     WooCommerce Conditional Shipping and Payments by SomewhereWarm – 1.8.11
01-16-2021 @ 11:33:29 -     WooCommerce Cost of Goods by SkyVerge – 2.10.0
01-16-2021 @ 11:33:29 -     WooCommerce Coupon Campaigns & Tracking by WooCommerce – 1.1.16
01-16-2021 @ 11:33:29 -     WooCommerce Currency Converter by WooCommerce – 1.6.23
01-16-2021 @ 11:33:29 -     WooCommerce Customer/Order/Coupon Export by SkyVerge – 5.2.0
01-16-2021 @ 11:33:29 -     WooCommerce Customer/Order/Coupon CSV Import Suite by SkyVerge – 3.10.0
01-16-2021 @ 11:33:29 -     WooCommerce Customer/Order XML Export Suite by SkyVerge – 2.6.3
01-16-2021 @ 11:33:29 -     WooCommerce Deposits by WooCommerce – 1.5.6
01-16-2021 @ 11:33:29 -     WooCommerce Distance Rate Shipping by Automattic – 1.0.26
01-16-2021 @ 11:33:29 -     WooCommerce Drip by WooCommerce – 1.2.24
01-16-2021 @ 11:33:29 -     WooCommerce Dropshipping by WooCommerce – 2.11
01-16-2021 @ 11:33:29 -     WooCommerce Dynamic Pricing by Lucas Stark – 3.1.22
01-16-2021 @ 11:33:29 -     WooCommerce E-Mail Attachments (by Inoplugs) by InoPlugs – 3.0.11
01-16-2021 @ 11:33:29 -     Follow-Up Emails by WooCommerce – 4.9.10
01-16-2021 @ 11:33:29 -     WooCommerce Force Sells by WooCommerce – 1.1.27
01-16-2021 @ 11:33:29 -     WooCommerce Free Gift Coupons by Kathy Darling – 3.0.5
01-16-2021 @ 11:33:29 -     WooCommerce FreshBooks by SkyVerge – 3.14.1
01-16-2021 @ 11:33:29 -     WooCommerce Freshdesk by Automattic – 1.1.26
01-16-2021 @ 11:33:29 -     WooCommerce Chase Paymentech Gateway by SkyVerge – 1.16.0
01-16-2021 @ 11:33:29 -     WooCommerce Intuit Payments Gateway by SkyVerge – 2.8.3
01-16-2021 @ 11:33:29 -     WooCommerce PayPal Pro (Classic and PayFlow Editions) Gateway by WooCommerce – 4.5.1
01-16-2021 @ 11:33:29 -     WooCommerce Purchase Order Payment Gateway by WooCommerce – 1.2.12
01-16-2021 @ 11:33:29 -     WooCommerce Servired/RedSys Spain Gateway by José Conti – 13.0.0
01-16-2021 @ 11:33:29 -     WooCommerce Stripe Gateway by WooCommerce – 4.5.5
01-16-2021 @ 11:33:29 -     WooCommerce WorldPay Gateway by Andrew Benbow – 4.1.7
01-16-2021 @ 11:33:29 -     WooCommerce Give Products by WooCommerce – 1.1.12
01-16-2021 @ 11:33:29 -     WooCommerce Google Analytics Pro by SkyVerge – 1.10.0
01-16-2021 @ 11:33:29 -     WooCommerce Gravity Forms Product Add-Ons by Lucas Stark – 3.3.17
01-16-2021 @ 11:33:29 -     WooCommerce Help Scout by WooCommerce – 2.6
01-16-2021 @ 11:33:29 -     WooCommerce Instagram by Themesquad – 3.4.1
01-16-2021 @ 11:33:29 -     WooCommerce Measurement Price Calculator by SkyVerge – 3.19.0
01-16-2021 @ 11:33:29 -     WooCommerce Memberships by SkyVerge – 1.20.0
01-16-2021 @ 11:33:29 -     WooCommerce Min/Max Quantities by WooCommerce – 2.4.20
01-16-2021 @ 11:33:29 -     WooCommerce Mix and Match Products by Kathy Darling – 1.10.6
01-16-2021 @ 11:33:29 -     WooCommerce MSRP Pricing by Ademti Software Ltd. – 3.1.2
01-16-2021 @ 11:33:29 -     WooCommerce Nested Category Layout by SkyVerge – 1.16.0
01-16-2021 @ 11:33:29 -     WooCommerce Notification Premium by Andy Ha (villatheme.com) – 1.4.2.2
01-16-2021 @ 11:33:29 -     WooCommerce One Page Checkout by Automattic – 1.7.10
01-16-2021 @ 11:33:29 -     WooCommerce Order Barcodes by WooCommerce – 1.3.23
01-16-2021 @ 11:33:29 -     WooCommerce Order Delivery by Themesquad – 1.8.4
01-16-2021 @ 11:33:29 -     WooCommerce Order Status Control by SkyVerge – 1.14.0
01-16-2021 @ 11:33:29 -     WooCommerce Order Status Manager by SkyVerge – 1.12.2
01-16-2021 @ 11:33:29 -     WooCommerce PDF Invoices by Andrew Benbow – 4.9.2
01-16-2021 @ 11:33:29 -     WooCommerce Photography by WooCommerce – 1.0.27
01-16-2021 @ 11:33:29 -     Pinterest for WooCommerce by premmerce – 2.3.1
01-16-2021 @ 11:33:29 -     WooCommerce Print Invoices/Packing Lists by SkyVerge – 3.10.0
01-16-2021 @ 11:33:29 -     WooCommerce Points and Rewards by WooCommerce – 1.6.42
01-16-2021 @ 11:33:29 -     WooCommerce Pre-Orders by WooCommerce – 1.5.29
01-16-2021 @ 11:33:29 -     WooCommerce Product Add-ons by WooCommerce – 3.2.0
01-16-2021 @ 11:33:29 -     WooCommerce Product Bundles by SomewhereWarm – 6.6.0
01-16-2021 @ 11:33:29 -     WooCommerce Product CSV Import Suite by WooCommerce – 1.10.38
01-16-2021 @ 11:33:29 -     WooCommerce Product Documents by SkyVerge – 1.13.0
01-16-2021 @ 11:33:29 -     WooCommerce Product Enquiry Form by WooCommerce – 1.2.17
01-16-2021 @ 11:33:29 -     WooCommerce Google Product Feed by Ademti Software Ltd. – 9.4.1
01-16-2021 @ 11:33:29 -     WooCommerce Product Finder by WooCommerce – 1.2.17
01-16-2021 @ 11:33:29 -     WooCommerce Product Retailers by SkyVerge – 1.15.0
01-16-2021 @ 11:33:29 -     WooCommerce Product Reviews Pro by SkyVerge – 1.17.1
01-16-2021 @ 11:33:29 -     WooCommerce Product Search by itthinx – 3.5.0
01-16-2021 @ 11:33:29 -     WooCommerce Product Vendors by WooCommerce – 2.1.41
01-16-2021 @ 11:33:29 -     WooCommerce Products Compare by WooCommerce – 1.0.23
01-16-2021 @ 11:33:29 -     WooCommerce Quick View by WooCommerce – 1.3.1
01-16-2021 @ 11:33:29 -     WooCommerce Recommendation Engine by Lucas Stark – 3.2.5
01-16-2021 @ 11:33:29 -     WooCommerce Review for Discount by WooCommerce – 1.6.19
01-16-2021 @ 11:33:29 -     WooCommerce Sale Flash Pro by WooCommerce – 1.2.19
01-16-2021 @ 11:33:29 -     WooCommerce Sales Report Email by WooCommerce – 1.1.18
01-16-2021 @ 11:33:29 -     WooCommerce Sequential Order Numbers Pro by SkyVerge – 1.17.0
01-16-2021 @ 11:33:29 -     WooCommerce Shipment Tracking by WooCommerce – 1.6.26
01-16-2021 @ 11:33:29 -     WooCommerce Flat Rate Box Shipping by WooCommerce – 2.0.15
01-16-2021 @ 11:33:29 -     WooCommerce Local Pickup Plus by SkyVerge – 2.9.2
01-16-2021 @ 11:33:29 -     WooCommerce Ship to Multiple Addresses by WooCommerce – 3.6.25
01-16-2021 @ 11:33:29 -     WooCommerce Shipping Per Product v2 by WooCommerce – 2.3.12
01-16-2021 @ 11:33:29 -     WooCommerce Smart Coupons by StoreApps – 4.14.0
01-16-2021 @ 11:33:29 -     WooCommerce Social Login by SkyVerge – 2.11.0
01-16-2021 @ 11:33:29 -     WooCommerce Splash Popup by WooCommerce – 1.2.19
01-16-2021 @ 11:33:29 -     WooCommerce Store Credit by Themesquad – 3.4.3
01-16-2021 @ 11:33:29 -     WooCommerce Subscribe to Newsletter by Themesquad – 2.9.1
01-16-2021 @ 11:33:29 -     WooCommerce Subscription Downloads by WooCommerce – 1.1.31
01-16-2021 @ 11:33:29 -     WooCommerce Subscriptions Gifting by WooCommerce – 2.1.2
01-16-2021 @ 11:33:29 -     WooCommerce Subscriptions by WooCommerce – 3.0.12
01-16-2021 @ 11:33:29 -     WooCommerce Tab Manager by SkyVerge – 1.14.0
01-16-2021 @ 11:33:29 -     WooCommerce Table Rate Shipping by WooCommerce – 3.0.30
01-16-2021 @ 11:33:29 -     WooCommerce TM Extra Product Options by themeComplete – 5.0.12.11
01-16-2021 @ 11:33:29 -     WooCommerce Twilio SMS Notifications by SkyVerge – 1.15.1
01-16-2021 @ 11:33:29 -     WooCommerce Waitlist by Neil Pie – 2.2.0
01-16-2021 @ 11:33:29 -     WooCommerce Warranty Requests by WooCommerce – 1.9.21
01-16-2021 @ 11:33:29 -     WooCommerce WishLists by Lucas Stark – 2.2.3
01-16-2021 @ 11:33:29 -     WooCommerce by Automattic – 4.9.0
01-16-2021 @ 11:33:29 -     WooSlider - WooCommerce Products Slideshow by WooCommerce – 1.0.22
01-16-2021 @ 11:33:29 -     Yoast SEO Premium by Team Yoast – 15.6.2
01-16-2021 @ 11:33:29 -     WP Mail SMTP Pro by WPForms – 2.5.3
01-16-2021 @ 11:33:29 -     WP Media Folders by WP Hi-Tech – 1.2.3
01-16-2021 @ 11:33:29 -     WP Rocket by WP Media – 3.8.2
01-16-2021 @ 11:33:29 -     WP Sitemap Page by Tony Archambeau – 1.6.2
01-16-2021 @ 11:33:29 -     Yoast SEO: WooCommerce by Team Yoast – 13.8
