08-19-2020 @ 21:44:38 - 3.0.7 upgrade complete from Subscriptions v0 while WooCommerce WC_VERSION 4.3.2 and database version 4.3.2 was active.
08-19-2020 @ 21:44:38 - Environment info:
08-19-2020 @ 21:44:38 -     WordPress Version : 5.5
08-19-2020 @ 21:44:38 - Active Plugins:
08-19-2020 @ 21:44:38 -     Gravity Perks by Gravity Wiz – 2.1.11
08-19-2020 @ 21:44:38 -     Gravity Forms by Gravity Forms – 2.4.20.1
08-19-2020 @ 21:44:38 -     Ultimate Addons for WPBakery Page Builder by Brainstorm Force – 3.19.6
08-19-2020 @ 21:44:38 -     Admin Columns Pro by AdminColumns.com – 5.3
08-19-2020 @ 21:44:38 -     Advanced WordPress Reset by Younes JFR. – 1.1.0
08-19-2020 @ 21:44:38 -     Contact Form 7 by Takayuki Miyoshi – 5.2.1
08-19-2020 @ 21:44:38 -     Dynamic Featured Image by Ankit Pokhrel – 3.7.0
08-19-2020 @ 21:44:38 -     Energy+ by EN.ER.GY – 1.2.2
08-19-2020 @ 21:44:38 -     Force Regenerate Thumbnails by Pedro Elsner – 2.0.6
08-19-2020 @ 21:44:38 -     GP Better User Activation by Gravity Wiz – 1.1.9
08-19-2020 @ 21:44:38 -     GP Date Time Calculator by Gravity Wiz – 1.0-beta-4.4
08-19-2020 @ 21:44:38 -     GP Disable Entry Creation by Gravity Wiz, Richard Wawrzyniak – 1.0.9
08-19-2020 @ 21:44:38 -     GP Easy Passthrough by Gravity Wiz – 1.4.17
08-19-2020 @ 21:44:38 -     GP eCommerce Fields by Gravity Wiz – 1.0.41
08-19-2020 @ 21:44:38 -     GP Limit Dates by Gravity Wiz – 1.0.20
08-19-2020 @ 21:44:38 -     GP Limit Submissions by Gravity Wiz – 1.0-beta-1.15
08-19-2020 @ 21:44:38 -     GP Live Preview by Gravity Wiz – 1.4.3
08-19-2020 @ 21:44:38 -     GP Media Library by Gravity Wiz – 1.2.14
08-19-2020 @ 21:44:38 -     GP Multi-page Navigation by Gravity Wiz – 1.0.8
08-19-2020 @ 21:44:38 -     GP Nested Forms by Gravity Wiz – 1.0-beta-8.63
08-19-2020 @ 21:44:38 -     GP Populate Anything by Gravity Wiz – 1.0-beta-4.87
08-19-2020 @ 21:44:38 -     GP Post Content Merge Tags by Gravity Wiz – 1.1.9
08-19-2020 @ 21:44:38 -     GP Preview Submission by Gravity Wiz – 1.3.1
08-19-2020 @ 21:44:38 -     GP Unique ID by David Smith – 1.3.14
08-19-2020 @ 21:44:38 -     Groovy Menu by Grooni – 2.2.8.1
08-19-2020 @ 21:44:38 -     GP Auto Login by Gravity Wiz – 1.3.5
08-19-2020 @ 21:44:38 -     GP Blacklist by David Smith – 1.2.6
08-19-2020 @ 21:44:38 -     GP Conditional Logic Dates by Gravity Wiz – 1.0.12
08-19-2020 @ 21:44:38 -     GP Conditional Pricing by Gravity Wiz – 1.2.37
08-19-2020 @ 21:44:38 -     GP Copy Cat by Gravity Wiz – 1.4.25
08-19-2020 @ 21:44:38 -     GP Email Users by David Smith – 1.3.9
08-19-2020 @ 21:44:38 -     GP Expand Editor Textareas by David Smith – 1.0.4
08-19-2020 @ 21:44:38 -     GP Limit Checkboxes by Gravity Wiz – 1.2.11
08-19-2020 @ 21:44:38 -     GP Limit Choices by Gravity Wiz – 1.6.31
08-19-2020 @ 21:44:38 -     GP PayPal One-time Fee by David Smith – 2.0.beta1.1
08-19-2020 @ 21:44:38 -     GP Pay Per Word by Gravity Wiz – 1.1.3
08-19-2020 @ 21:44:38 -     GP Placeholder by David Smith – 1.3.7
08-19-2020 @ 21:44:38 -     GP Price Range by Gravity Wiz – 1.1
08-19-2020 @ 21:44:38 -     GP Read Only by Gravity Wiz – 1.3.11
08-19-2020 @ 21:44:38 -     GP Reload Form by David Smith – 1.1.14
08-19-2020 @ 21:44:38 -     GP Terms of Service by Gravity Wiz – 1.3.13
08-19-2020 @ 21:44:38 -     GP Word Count by David Smith – 1.4.5
08-19-2020 @ 21:44:38 -     Imagify by WP Media – 1.9.10
08-19-2020 @ 21:44:38 -     Social Slider Widget by creativemotion – 1.7.11
08-19-2020 @ 21:44:38 -     WPBakery Page Builder by Michael M - WPBakery.com – 6.2.0
08-19-2020 @ 21:44:38 -     MailPoet 3 Premium (New) by MailPoet – 3.0.89
08-19-2020 @ 21:44:38 -     Max Mega Menu - Pro Addon by megamenu.com – 2.0.1
08-19-2020 @ 21:44:38 -     MemberPress Active Campaign by Caseproof, LLC – 1.0.4
08-19-2020 @ 21:44:38 -     MemberPress AWeber by Caseproof, LLC – 1.1.0
08-19-2020 @ 21:44:38 -     MemberPress AWS by Caseproof, LLC – 1.3.4
08-19-2020 @ 21:44:38 -     MemberPress Beaver Builder Content Protection by Caseproof, LLC – 1.0.4
08-19-2020 @ 21:44:38 -     MemberPress + BuddyPress Integration by Caseproof, LLC – 1.1.6
08-19-2020 @ 21:44:38 -     MemberPress Campaign Monitor by Caseproof, LLC – 1.0.2
08-19-2020 @ 21:44:38 -     MemberPress Constant Contact by Caseproof, LLC – 1.1.1
08-19-2020 @ 21:44:38 -     MemberPress ConvertKit by Caseproof, LLC – 1.2.1
08-19-2020 @ 21:44:38 -     MemberPress Corporate Accounts by Caseproof, LLC – 1.5.6
08-19-2020 @ 21:44:38 -     MemberPress Delightful Downloads by Caseproof, LLC – 1.0.2
08-19-2020 @ 21:44:38 -     MemberPress Developer Tools by Caseproof, LLC – 1.1.36
08-19-2020 @ 21:44:38 -     MemberPress Divi Content Protection by Caseproof, LLC – 1.0.2
08-19-2020 @ 21:44:38 -     MemberPress Downloads by Caseproof, LLC – 1.0.5
08-19-2020 @ 21:44:38 -     MemberPress Drip - Tags Version by Caseproof, LLC – 1.1.1
08-19-2020 @ 21:44:38 -     MemberPress GetResponse by Caseproof, LLC – 1.1.0
08-19-2020 @ 21:44:38 -     MemberPress HelpScout by Caseproof, LLC – 1.0.7
08-19-2020 @ 21:44:38 -     MemberPress Importer by Caseproof, LLC – 1.6.1
08-19-2020 @ 21:44:38 -     MemberPress Mad Mimi by Caseproof, LLC – 1.0.2
08-19-2020 @ 21:44:38 -     MemberPress MailChimp 3.0 by Caseproof, LLC – 1.2.1
08-19-2020 @ 21:44:38 -     MemberPress MailPoet by Caseproof, LLC – 1.2.0
08-19-2020 @ 21:44:38 -     MemberPress Mailrelay by Caseproof, LLC – 1.0.5
08-19-2020 @ 21:44:38 -     MemberPress Mailster by Caseproof, LLC – 1.1.0
08-19-2020 @ 21:44:38 -     MemberPress Math CAPTCHA by Caseproof, LLC – 1.1.7
08-19-2020 @ 21:44:38 -     MemberPress PDF Invoice by Caseproof, LLC – 1.0.9
08-19-2020 @ 21:44:38 -     MemberPress Sendy by Caseproof, LLC – 1.0.5
08-19-2020 @ 21:44:38 -     MemberPress + Sensei by Caseproof, LLC – 1.0.2
08-19-2020 @ 21:44:38 -     MemberPress User Roles by Caseproof, LLC – 1.0.5
08-19-2020 @ 21:44:38 -     MemberPress WooCommerce by Caseproof, LLC – 1.0.5
08-19-2020 @ 21:44:38 -     MemberPress WPBakery Content Protection by Caseproof, LLC – 1.0.0
08-19-2020 @ 21:44:38 -     MemberPress WP Simple Pay Pro by Caseproof, LLC – 1.0.3
08-19-2020 @ 21:44:38 -     MemberPress Plus by Caseproof, LLC – 1.8.15
08-19-2020 @ 21:44:38 -     Massive Addons for WPBakery Page Builder by MassivePixelCreation – 2.4.6.1
08-19-2020 @ 21:44:38 -     Permalink Manager Pro by Maciej Bis – 2.2.8.9
08-19-2020 @ 21:44:38 -     Porto Theme - Functionality by P-Themes – 1.7.4
08-19-2020 @ 21:44:38 -     Regenerate Thumbnails by Alex Mills (Viper007Bond) – 3.1.3
08-19-2020 @ 21:44:38 -     Slider Revolution 404 Page Add-On by ThemePunch – 2.0.0
08-19-2020 @ 21:44:38 -     Slider Revolution Backup Add-On by ThemePunch – 2.0.1
08-19-2020 @ 21:44:38 -     Slider Revolution Before/After Add-On by ThemePunch – 2.0.4
08-19-2020 @ 21:44:38 -     Slider Revolution Bubblemorph AddOn by ThemePunch – 2.1.0
08-19-2020 @ 21:44:38 -     Slider Revolution Domain Switch Add-on by ThemePunch – 1.0.1
08-19-2020 @ 21:44:38 -     Slider Revolution Duotone-Filters Add-On by ThemePunch – 2.0.0
08-19-2020 @ 21:44:38 -     Slider Revolution Exploding Layers Add-On by ThemePunch – 2.1.1
08-19-2020 @ 21:44:38 -     Slider Revolution Featured Slider Add-on by ThemePunch – 2.0.1
08-19-2020 @ 21:44:38 -     Slider Revolution FilmStrip Add-On by ThemePunch – 2.0.2
08-19-2020 @ 21:44:38 -     Slider Revolution WP Gallery Add-On by ThemePunch – 2.0.0
08-19-2020 @ 21:44:38 -     Slider Revolution Distortion Effect AddOn by ThemePunch – 2.0.2
08-19-2020 @ 21:44:38 -     Slider Revolution Login Page Add-on by ThemePunch – 2.0.1
08-19-2020 @ 21:44:38 -     Slider Revolution Coming Soon & Maintenance Add-on by ThemePunch – 2.1.1
08-19-2020 @ 21:44:38 -     Slider Revolution Paint-Brush Add-On by ThemePunch – 2.1.6
08-19-2020 @ 21:44:38 -     Slider Revolution Panorama AddOn by ThemePunch – 2.1.1
08-19-2020 @ 21:44:38 -     Slider Revolution Particles Effect by ThemePunch – 2.1.0
08-19-2020 @ 21:44:38 -     Slider Revolution Polyfold Scroll Effect by ThemePunch – 2.0.0
08-19-2020 @ 21:44:38 -     Slider Revolution Previous and Next Posts Add-On by ThemePunch – 2.0.1
08-19-2020 @ 21:44:38 -     Slider Revolution URL Load Add-on by ThemePunch – 2.0.0
08-19-2020 @ 21:44:38 -     Slider Revolution Related Posts Add-On by ThemePunch – 2.0.0
08-19-2020 @ 21:44:38 -     Slider Revolution Reveal Preloaders by ThemePunch – 2.0.0
08-19-2020 @ 21:44:38 -     Slider Revolution Sharing Add-on by ThemePunch – 2.0.5
08-19-2020 @ 21:44:38 -     Slider Revolution Slicey Add-On by ThemePunch – 2.0.4
08-19-2020 @ 21:44:38 -     Slider Revolution Holiday Snow by ThemePunch – 2.0.0
08-19-2020 @ 21:44:38 -     Slider Revolution Typewriter Effect by ThemePunch – 2.0.2
08-19-2020 @ 21:44:38 -     Slider Revolution Weather Add-on by ThemePunch – 2.0.1
08-19-2020 @ 21:44:38 -     Slider Revolution Whiteboard Add-on by ThemePunch – 2.2.0
08-19-2020 @ 21:44:38 -     Slider Revolution by ThemePunch – 6.2.21
08-19-2020 @ 21:44:38 -     SUMO Reward Points by Fantastic Plugins – 25.3
08-19-2020 @ 21:44:38 -     SeedProd Coming Soon Page Pro by SeedProd – 5.12.5
08-19-2020 @ 21:44:38 -     Storefront Parallax Hero by WooCommerce – 1.5.7
08-19-2020 @ 21:44:38 -     The Plus Ultimate Visual Composer Addons by Posimyth Themes – 3.0.0
08-19-2020 @ 21:44:38 -     WooCommerce Dynamic Pricing & Discounts by RightPress – 2.3.8
08-19-2020 @ 21:44:38 -     WooChimp by RightPress – 2.2.7
08-19-2020 @ 21:44:38 -     WooCommerce 360° Image by WooCommerce – 1.1.17
08-19-2020 @ 21:44:38 -     WooCommerce Account Funds by Themesquad – 2.3.0
08-19-2020 @ 21:44:38 -     WooCommerce Additional Variation Images by WooCommerce – 1.7.23
08-19-2020 @ 21:44:38 -     WooCommerce Address Validation by SkyVerge – 2.6.7
08-19-2020 @ 21:44:38 -     WooCommerce Advanced Notifications by WooCommerce – 1.2.26
08-19-2020 @ 21:44:38 -     WooCommerce Advanced Product Labels by Jeroen Sormani – 1.1.7
08-19-2020 @ 21:44:38 -     WooCommerce Advanced Ajax Layered Navigation by WooCommerce – 1.4.24
08-19-2020 @ 21:44:38 -     WooCommerce All Products For Subscriptions by SomewhereWarm – 3.1.16
08-19-2020 @ 21:44:38 -     WooCommerce Amazon Fulfillment by Never Settle – 3.3.2
08-19-2020 @ 21:44:38 -     WooCommerce Anti Fraud by WooCommerce – 2.7.3
08-19-2020 @ 21:44:38 -     WooCommerce API Manager by Todd Lahman LLC – 2.3.2
08-19-2020 @ 21:44:38 -     WooCommerce Authorize.Net Reporting by SkyVerge – 1.10.3
08-19-2020 @ 21:44:38 -     WooCommerce Bookings by WooCommerce – 1.15.24
08-19-2020 @ 21:44:38 -     WooCommerce Boost Sales Premium by Andy Ha (villatheme.com) – 1.4.2
08-19-2020 @ 21:44:38 -     WooCommerce Box Office by WooCommerce – 1.1.26
08-19-2020 @ 21:44:38 -     WooCommerce Branding by WooCommerce – 1.0.26
08-19-2020 @ 21:44:38 -     WooCommerce Brands by WooCommerce – 1.6.18
08-19-2020 @ 21:44:38 -     WooCommerce Bulk Stock Management by WooCommerce – 2.2.28
08-19-2020 @ 21:44:38 -     WooCommerce Cart Add-Ons by WooCommerce – 1.5.30
08-19-2020 @ 21:44:38 -     WooCommerce Cart Notices by SkyVerge – 1.12.0
08-19-2020 @ 21:44:38 -     Cart Reports for WooCommerce by WooCommerce – 1.2.9
08-19-2020 @ 21:44:38 -     WooCommerce Catalog Visibility Options by Lucas Stark – 3.2.10
08-19-2020 @ 21:44:38 -     WooCommerce Chained Products by StoreApps – 2.9.6
08-19-2020 @ 21:44:38 -     WooCommerce Checkout Add-Ons by SkyVerge – 2.3.0
08-19-2020 @ 21:44:38 -     WooCommerce Checkout Field Editor by WooCommerce – 1.5.36
08-19-2020 @ 21:44:38 -     WooCommerce Composite Products by SomewhereWarm – 7.0.4
08-19-2020 @ 21:44:38 -     WooCommerce Conditional Content by Lucas Stark – 2.1.1
08-19-2020 @ 21:44:38 -     WooCommerce Conditional Shipping and Payments by SomewhereWarm – 1.8.2
08-19-2020 @ 21:44:38 -     WooCommerce Cost of Goods by SkyVerge – 2.9.8
08-19-2020 @ 21:44:38 -     WooCommerce Coupon Campaigns & Tracking by WooCommerce – 1.1.13
08-19-2020 @ 21:44:38 -     WooCommerce Currency Converter by WooCommerce – 1.6.23
08-19-2020 @ 21:44:38 -     WooCommerce Customer/Order/Coupon Export by SkyVerge – 5.0.14
08-19-2020 @ 21:44:38 -     WooCommerce Customer/Order/Coupon CSV Import Suite by SkyVerge – 3.8.8
08-19-2020 @ 21:44:38 -     WooCommerce Customer/Order XML Export Suite by SkyVerge – 2.6.3
08-19-2020 @ 21:44:38 -     WooCommerce Deposits by WooCommerce – 1.5.2
08-19-2020 @ 21:44:38 -     WooCommerce Distance Rate Shipping by Automattic – 1.0.22
08-19-2020 @ 21:44:38 -     WooCommerce Drip by WooCommerce – 1.2.21
08-19-2020 @ 21:44:38 -     WooCommerce Dropshipping by WooCommerce – 2.5
08-19-2020 @ 21:44:38 -     WooCommerce Dynamic Pricing by Lucas Stark – 3.1.19
08-19-2020 @ 21:44:38 -     WooCommerce E-Mail Attachments (by Inoplugs) by InoPlugs – 3.0.11
08-19-2020 @ 21:44:38 -     Follow-Up Emails by WooCommerce – 4.9.4
08-19-2020 @ 21:44:38 -     WooCommerce Force Sells by WooCommerce – 1.1.24
08-19-2020 @ 21:44:38 -     WooCommerce Free Gift Coupons by Kathy Darling – 2.5.2
08-19-2020 @ 21:44:38 -     WooCommerce FreshBooks by SkyVerge – 3.14.1
08-19-2020 @ 21:44:38 -     WooCommerce Freshdesk by Automattic – 1.1.25
08-19-2020 @ 21:44:38 -     WooCommerce Chase Paymentech Gateway by SkyVerge – 1.14.7
08-19-2020 @ 21:44:38 -     WooCommerce Intuit Payments Gateway by SkyVerge – 2.7.5
08-19-2020 @ 21:44:38 -     WooCommerce PayPal Pro (Classic and PayFlow Editions) Gateway by WooCommerce – 4.5.0
08-19-2020 @ 21:44:38 -     WooCommerce Purchase Order Payment Gateway by WooCommerce – 1.2.10
08-19-2020 @ 21:44:38 -     WooCommerce Servired/RedSys Spain Gateway by José Conti – 9.4.0
08-19-2020 @ 21:44:38 -     WooCommerce WorldPay Gateway by Andrew Benbow – 4.1.3
08-19-2020 @ 21:44:38 -     WooCommerce Give Products by WooCommerce – 1.1.9
08-19-2020 @ 21:44:38 -     WooCommerce Google Analytics Pro by SkyVerge – 1.8.14
08-19-2020 @ 21:44:38 -     WooCommerce Gravity Forms Product Add-Ons by Lucas Stark – 3.3.14
08-19-2020 @ 21:44:38 -     WooCommerce Help Scout by WooCommerce – 2.3
08-19-2020 @ 21:44:38 -     WooCommerce Instagram by Themesquad – 3.3.1
08-19-2020 @ 21:44:38 -     WooCommerce Measurement Price Calculator by SkyVerge – 3.17.5
08-19-2020 @ 21:44:38 -     MailChimp for WooCommerce Memberships by SkyVerge – 1.2.4
08-19-2020 @ 21:44:38 -     WooCommerce Memberships by SkyVerge – 1.17.5
08-19-2020 @ 21:44:38 -     WooCommerce Min/Max Quantities by WooCommerce – 2.4.18
08-19-2020 @ 21:44:38 -     WooCommerce Mix and Match Products by Kathy Darling – 1.10.0
08-19-2020 @ 21:44:38 -     WooCommerce MSRP Pricing by Ademti Software Ltd. – 2.9.16
08-19-2020 @ 21:44:38 -     WooCommerce Nested Category Layout by SkyVerge – 1.14.4
08-19-2020 @ 21:44:38 -     WooCommerce One Page Checkout by Automattic – 1.7.8
08-19-2020 @ 21:44:38 -     WooCommerce Order Barcodes by WooCommerce – 1.3.21
08-19-2020 @ 21:44:38 -     WooCommerce Order Delivery by Themesquad – 1.7.0
08-19-2020 @ 21:44:38 -     WooCommerce Order Status Control by SkyVerge – 1.12.3
08-19-2020 @ 21:44:38 -     WooCommerce Order Status Manager by SkyVerge – 1.11.9
08-19-2020 @ 21:44:38 -     WooCommerce PDF Invoices by Andrew Benbow – 4.7.2
08-19-2020 @ 21:44:38 -     WooCommerce Photography by WooCommerce – 1.0.25
08-19-2020 @ 21:44:38 -     Pinterest for WooCommerce by premmerce – 2.1.7
08-19-2020 @ 21:44:38 -     WooCommerce Print Invoices/Packing Lists by SkyVerge – 3.8.7
08-19-2020 @ 21:44:38 -     WooCommerce Points and Rewards by WooCommerce – 1.6.35
08-19-2020 @ 21:44:38 -     WooCommerce Pre-Orders by WooCommerce – 1.5.27
08-19-2020 @ 21:44:38 -     WooCommerce Product Add-ons by WooCommerce – 3.0.36
08-19-2020 @ 21:44:38 -     WooCommerce Product Bundles by SomewhereWarm – 6.3.3
08-19-2020 @ 21:44:38 -     WooCommerce Product CSV Import Suite by WooCommerce – 1.10.34
08-19-2020 @ 21:44:38 -     WooCommerce Product Documents by SkyVerge – 1.11.3
08-19-2020 @ 21:44:38 -     WooCommerce Product Enquiry Form by WooCommerce – 1.2.14
08-19-2020 @ 21:44:38 -     WooCommerce Google Product Feed by Ademti Software Ltd. – 9.0.2
08-19-2020 @ 21:44:38 -     WooCommerce Product Finder by WooCommerce – 1.2.14
08-19-2020 @ 21:44:38 -     WooCommerce Product Search by itthinx – 3.0.0
08-19-2020 @ 21:44:38 -     WooCommerce Product Vendors by WooCommerce – 2.1.41
08-19-2020 @ 21:44:38 -     WooCommerce Products Compare by WooCommerce – 1.0.20
08-19-2020 @ 21:44:38 -     WooCommerce Quick View by WooCommerce – 1.2.10
08-19-2020 @ 21:44:38 -     WooCommerce Recommendation Engine by Lucas Stark – 3.2.3
08-19-2020 @ 21:44:38 -     WooCommerce Review for Discount by WooCommerce – 1.6.17
08-19-2020 @ 21:44:38 -     WooCommerce Sale Flash Pro by WooCommerce – 1.2.16
08-19-2020 @ 21:44:38 -     WooCommerce Sales Report Email by WooCommerce – 1.1.14
08-19-2020 @ 21:44:38 -     WooCommerce Sequential Order Numbers Pro by SkyVerge – 1.15.3
08-19-2020 @ 21:44:38 -     WooCommerce Shipment Tracking by WooCommerce – 1.6.23
08-19-2020 @ 21:44:38 -     WooCommerce Flat Rate Box Shipping by WooCommerce – 2.0.14
08-19-2020 @ 21:44:38 -     WooCommerce Local Pickup Plus by SkyVerge – 2.8.2
08-19-2020 @ 21:44:38 -     WooCommerce Ship to Multiple Addresses by WooCommerce – 3.6.21
08-19-2020 @ 21:44:38 -     WooCommerce Shipping Per Product v2 by WooCommerce – 2.3.10
08-19-2020 @ 21:44:38 -     WooCommerce Stamps.com API integration by WooCommerce – 1.3.19
08-19-2020 @ 21:44:38 -     WooCommerce Slack by WooCommerce – 1.2.4
08-19-2020 @ 21:44:38 -     WooCommerce Smart Coupons by StoreApps – 4.7.8
08-19-2020 @ 21:44:38 -     WooCommerce Social Login by SkyVerge – 2.8.8
08-19-2020 @ 21:44:38 -     WooCommerce Splash Popup by WooCommerce – 1.2.17
08-19-2020 @ 21:44:38 -     WooCommerce Store Catalog PDF Download by WooCommerce – 1.10.25
08-19-2020 @ 21:44:38 -     WooCommerce Store Credit by Themesquad – 3.2.1
08-19-2020 @ 21:44:38 -     WooCommerce Subscribe to Newsletter by Themesquad – 2.9.0
08-19-2020 @ 21:44:38 -     WooCommerce Subscription Downloads by WooCommerce – 1.1.26
08-19-2020 @ 21:44:38 -     WooCommerce Subscriptions by WooCommerce – 3.0.7
08-19-2020 @ 21:44:38 -     WooCommerce Tab Manager by SkyVerge – 1.12.2
08-19-2020 @ 21:44:38 -     WooCommerce Table Rate Shipping by WooCommerce – 3.0.28
08-19-2020 @ 21:44:38 -     WooCommerce TM Extra Product Options by themeComplete – 5.0.12.8
08-19-2020 @ 21:44:38 -     WooCommerce Waitlist by Neil Pie – 2.1.23
08-19-2020 @ 21:44:38 -     WooCommerce Warranty Requests by WooCommerce – 1.9.18
08-19-2020 @ 21:44:38 -     WooCommerce Xero Integration by WooCommerce – 1.7.32
08-19-2020 @ 21:44:38 -     WooCommerce by Automattic – 4.3.2
08-19-2020 @ 21:44:38 -     WP Database Reset by WebFactory Ltd – 3.15
08-19-2020 @ 21:44:38 -     WordPress GDPR by weLaunch – 1.9.5
08-19-2020 @ 21:44:38 -     Yoast SEO Premium by Team Yoast – 14.8
08-19-2020 @ 21:44:38 -     WP Cerber Security, Anti-spam & Malware Scan by Cerber Tech Inc. – 8.6.6
08-19-2020 @ 21:44:38 -     WP Media Folders by WP Hi-Tech – 1.2.3
08-19-2020 @ 21:44:38 -     WP Rocket by WP Media – 3.6.4
08-19-2020 @ 21:44:38 -     WP Sitemap Page by Tony Archambeau – 1.6.2
08-19-2020 @ 21:44:38 -     Yoast SEO: WooCommerce by Team Yoast – 13.5
08-19-2020 @ 21:44:38 -     MailPoet 2 by MailPoet – 2.14
08-20-2020 @ 06:01:33 - 3.0.7 upgrade complete from Subscriptions v0 while WooCommerce WC_VERSION 4.4.1 and database version 4.4.1 was active.
08-20-2020 @ 06:01:33 - Environment info:
08-20-2020 @ 06:01:33 -     WordPress Version : 5.5
08-20-2020 @ 06:01:33 - Active Plugins:
08-20-2020 @ 06:01:33 -     Admin Columns Pro by AdminColumns.com – 5.3
08-20-2020 @ 06:01:33 -     Dynamic Featured Image by Ankit Pokhrel – 3.7.0
08-20-2020 @ 06:01:33 -     Energy+ by EN.ER.GY – 1.2.2
08-20-2020 @ 06:01:33 -     Force Regenerate Thumbnails by Pedro Elsner – 2.0.6
08-20-2020 @ 06:01:33 -     WPBakery Page Builder by Michael M - WPBakery.com – 6.2.0
08-20-2020 @ 06:01:33 -     MailOptin - Lite by MailOptin Team – 1.2.30.1
08-20-2020 @ 06:01:33 -     MemberPress WooCommerce by Caseproof, LLC – 1.0.5
08-20-2020 @ 06:01:33 -     MemberPress WPBakery Content Protection by Caseproof, LLC – 1.0.0
08-20-2020 @ 06:01:33 -     Permalink Manager Pro by Maciej Bis – 2.2.8.9
08-20-2020 @ 06:01:33 -     Porto Theme - Functionality by P-Themes – 1.7.4
08-20-2020 @ 06:01:33 -     Regenerate Thumbnails by Alex Mills (Viper007Bond) – 3.1.3
08-20-2020 @ 06:01:33 -     Slider Revolution 404 Page Add-On by ThemePunch – 2.0.0
08-20-2020 @ 06:01:33 -     Slider Revolution Backup Add-On by ThemePunch – 2.0.1
08-20-2020 @ 06:01:33 -     Slider Revolution Before/After Add-On by ThemePunch – 2.0.4
08-20-2020 @ 06:01:33 -     Slider Revolution Bubblemorph AddOn by ThemePunch – 2.1.0
08-20-2020 @ 06:01:33 -     Slider Revolution Domain Switch Add-on by ThemePunch – 1.0.1
08-20-2020 @ 06:01:33 -     Slider Revolution Duotone-Filters Add-On by ThemePunch – 2.0.0
08-20-2020 @ 06:01:33 -     Slider Revolution Exploding Layers Add-On by ThemePunch – 2.1.1
08-20-2020 @ 06:01:33 -     Slider Revolution Featured Slider Add-on by ThemePunch – 2.0.1
08-20-2020 @ 06:01:33 -     Slider Revolution FilmStrip Add-On by ThemePunch – 2.0.2
08-20-2020 @ 06:01:33 -     Slider Revolution WP Gallery Add-On by ThemePunch – 2.0.0
08-20-2020 @ 06:01:33 -     Slider Revolution Distortion Effect AddOn by ThemePunch – 2.0.2
08-20-2020 @ 06:01:33 -     Slider Revolution Login Page Add-on by ThemePunch – 2.0.1
08-20-2020 @ 06:01:33 -     Slider Revolution Coming Soon & Maintenance Add-on by ThemePunch – 2.1.1
08-20-2020 @ 06:01:33 -     Slider Revolution Paint-Brush Add-On by ThemePunch – 2.1.6
08-20-2020 @ 06:01:33 -     Slider Revolution Panorama AddOn by ThemePunch – 2.1.1
08-20-2020 @ 06:01:33 -     Slider Revolution Particles Effect by ThemePunch – 2.1.0
08-20-2020 @ 06:01:33 -     Slider Revolution Polyfold Scroll Effect by ThemePunch – 2.0.0
08-20-2020 @ 06:01:33 -     Slider Revolution Previous and Next Posts Add-On by ThemePunch – 2.0.1
08-20-2020 @ 06:01:33 -     Slider Revolution URL Load Add-on by ThemePunch – 2.0.0
08-20-2020 @ 06:01:33 -     Slider Revolution Related Posts Add-On by ThemePunch – 2.0.0
08-20-2020 @ 06:01:33 -     Slider Revolution Reveal Preloaders by ThemePunch – 2.0.0
08-20-2020 @ 06:01:33 -     Slider Revolution Sharing Add-on by ThemePunch – 2.0.5
08-20-2020 @ 06:01:33 -     Slider Revolution Slicey Add-On by ThemePunch – 2.0.4
08-20-2020 @ 06:01:33 -     Slider Revolution Holiday Snow by ThemePunch – 2.0.0
08-20-2020 @ 06:01:33 -     Slider Revolution Typewriter Effect by ThemePunch – 2.0.2
08-20-2020 @ 06:01:33 -     Slider Revolution Weather Add-on by ThemePunch – 2.0.1
08-20-2020 @ 06:01:33 -     Slider Revolution Whiteboard Add-on by ThemePunch – 2.2.0
08-20-2020 @ 06:01:33 -     Slider Revolution by ThemePunch – 6.2.21
08-20-2020 @ 06:01:33 -     SUMO Reward Points by Fantastic Plugins – 25.3
08-20-2020 @ 06:01:33 -     Storefront Parallax Hero by WooCommerce – 1.5.7
08-20-2020 @ 06:01:33 -     WooCommerce Dynamic Pricing & Discounts by RightPress – 2.3.8
08-20-2020 @ 06:01:33 -      by Unknown – Unknown version
08-20-2020 @ 06:01:33 -      by Unknown – Unknown version
08-20-2020 @ 06:01:33 -     WooChimp by RightPress – 2.2.7
08-20-2020 @ 06:01:33 -     WooCommerce 360° Image by WooCommerce – 1.1.17
08-20-2020 @ 06:01:33 -     WooCommerce Account Funds by Themesquad – 2.3.0
08-20-2020 @ 06:01:33 -     WooCommerce Additional Variation Images by WooCommerce – 1.7.23
08-20-2020 @ 06:01:33 -     WooCommerce Address Validation by SkyVerge – 2.6.7
08-20-2020 @ 06:01:33 -     WooCommerce Advanced Notifications by WooCommerce – 1.2.26
08-20-2020 @ 06:01:33 -     WooCommerce Advanced Product Labels by Jeroen Sormani – 1.1.7
08-20-2020 @ 06:01:33 -     WooCommerce Advanced Ajax Layered Navigation by WooCommerce – 1.4.24
08-20-2020 @ 06:01:33 -     WooCommerce All Products For Subscriptions by SomewhereWarm – 3.1.16
08-20-2020 @ 06:01:33 -     WooCommerce Amazon Fulfillment by Never Settle – 3.3.2
08-20-2020 @ 06:01:33 -     WooCommerce Anti Fraud by WooCommerce – 2.7.3
08-20-2020 @ 06:01:33 -     WooCommerce API Manager by Todd Lahman LLC – 2.3.2
08-20-2020 @ 06:01:33 -     WooCommerce Authorize.Net Reporting by SkyVerge – 1.10.3
08-20-2020 @ 06:01:33 -     WooCommerce Bookings by WooCommerce – 1.15.24
08-20-2020 @ 06:01:33 -     WooCommerce Boost Sales Premium by Andy Ha (villatheme.com) – 1.4.2
08-20-2020 @ 06:01:33 -     WooCommerce Box Office by WooCommerce – 1.1.26
08-20-2020 @ 06:01:33 -     WooCommerce Branding by WooCommerce – 1.0.26
08-20-2020 @ 06:01:33 -     WooCommerce Brands by WooCommerce – 1.6.18
08-20-2020 @ 06:01:33 -     WooCommerce Bulk Stock Management by WooCommerce – 2.2.28
08-20-2020 @ 06:01:33 -     WooCommerce Cart Add-Ons by WooCommerce – 1.5.30
08-20-2020 @ 06:01:33 -     WooCommerce Cart Notices by SkyVerge – 1.12.0
08-20-2020 @ 06:01:33 -     Cart Reports for WooCommerce by WooCommerce – 1.2.9
08-20-2020 @ 06:01:33 -     WooCommerce Catalog Visibility Options by Lucas Stark – 3.2.10
08-20-2020 @ 06:01:33 -     WooCommerce Chained Products by StoreApps – 2.9.6
08-20-2020 @ 06:01:33 -     WooCommerce Checkout Add-Ons by SkyVerge – 2.3.0
08-20-2020 @ 06:01:33 -     WooCommerce Checkout Field Editor by WooCommerce – 1.5.36
08-20-2020 @ 06:01:33 -     WooCommerce Composite Products by SomewhereWarm – 7.0.4
08-20-2020 @ 06:01:33 -     WooCommerce Conditional Content by Lucas Stark – 2.1.1
08-20-2020 @ 06:01:33 -     WooCommerce Conditional Shipping and Payments by SomewhereWarm – 1.8.2
08-20-2020 @ 06:01:33 -     WooCommerce Cost of Goods by SkyVerge – 2.9.8
08-20-2020 @ 06:01:33 -     WooCommerce Coupon Campaigns & Tracking by WooCommerce – 1.1.13
08-20-2020 @ 06:01:33 -     WooCommerce Currency Converter by WooCommerce – 1.6.23
08-20-2020 @ 06:01:33 -     WooCommerce Customer/Order/Coupon Export by SkyVerge – 5.0.14
08-20-2020 @ 06:01:33 -     WooCommerce Customer/Order/Coupon CSV Import Suite by SkyVerge – 3.8.8
08-20-2020 @ 06:01:33 -     WooCommerce Customer/Order XML Export Suite by SkyVerge – 2.6.3
08-20-2020 @ 06:01:33 -     WooCommerce Deposits by WooCommerce – 1.5.2
08-20-2020 @ 06:01:33 -     WooCommerce Distance Rate Shipping by Automattic – 1.0.22
08-20-2020 @ 06:01:33 -     WooCommerce Drip by WooCommerce – 1.2.21
08-20-2020 @ 06:01:33 -     WooCommerce Dropshipping by WooCommerce – 2.5
08-20-2020 @ 06:01:33 -     WooCommerce Dynamic Pricing by Lucas Stark – 3.1.19
08-20-2020 @ 06:01:33 -     WooCommerce E-Mail Attachments (by Inoplugs) by InoPlugs – 3.0.11
08-20-2020 @ 06:01:33 -     Follow-Up Emails by WooCommerce – 4.9.4
08-20-2020 @ 06:01:33 -     WooCommerce Force Sells by WooCommerce – 1.1.24
08-20-2020 @ 06:01:33 -     WooCommerce Free Gift Coupons by Kathy Darling – 2.5.2
08-20-2020 @ 06:01:33 -     WooCommerce FreshBooks by SkyVerge – 3.14.1
08-20-2020 @ 06:01:33 -     WooCommerce Freshdesk by Automattic – 1.1.25
08-20-2020 @ 06:01:33 -     WooCommerce Chase Paymentech Gateway by SkyVerge – 1.14.7
08-20-2020 @ 06:01:33 -     WooCommerce Intuit Payments Gateway by SkyVerge – 2.7.5
08-20-2020 @ 06:01:33 -     WooCommerce PayPal Pro (Classic and PayFlow Editions) Gateway by WooCommerce – 4.5.0
08-20-2020 @ 06:01:33 -     WooCommerce Purchase Order Payment Gateway by WooCommerce – 1.2.10
08-20-2020 @ 06:01:33 -     WooCommerce Servired/RedSys Spain Gateway by José Conti – 9.4.0
08-20-2020 @ 06:01:33 -     WooCommerce WorldPay Gateway by Andrew Benbow – 4.1.3
08-20-2020 @ 06:01:33 -     WooCommerce Give Products by WooCommerce – 1.1.9
08-20-2020 @ 06:01:33 -     WooCommerce Google Analytics Pro by SkyVerge – 1.8.14
08-20-2020 @ 06:01:33 -     WooCommerce Gravity Forms Product Add-Ons by Lucas Stark – 3.3.14
08-20-2020 @ 06:01:33 -     WooCommerce Help Scout by WooCommerce – 2.3
08-20-2020 @ 06:01:33 -     WooCommerce Instagram by Themesquad – 3.3.1
08-20-2020 @ 06:01:33 -     WooCommerce Measurement Price Calculator by SkyVerge – 3.17.5
08-20-2020 @ 06:01:33 -     MailChimp for WooCommerce Memberships by SkyVerge – 1.2.4
08-20-2020 @ 06:01:33 -     WooCommerce Memberships by SkyVerge – 1.17.5
08-20-2020 @ 06:01:33 -     WooCommerce Min/Max Quantities by WooCommerce – 2.4.18
08-20-2020 @ 06:01:33 -     WooCommerce Mix and Match Products by Kathy Darling – 1.10.0
08-20-2020 @ 06:01:33 -     WooCommerce MSRP Pricing by Ademti Software Ltd. – 2.9.16
08-20-2020 @ 06:01:33 -     WooCommerce Nested Category Layout by SkyVerge – 1.14.4
08-20-2020 @ 06:01:33 -     WooCommerce One Page Checkout by Automattic – 1.7.8
08-20-2020 @ 06:01:33 -     WooCommerce Order Barcodes by WooCommerce – 1.3.21
08-20-2020 @ 06:01:33 -     WooCommerce Order Delivery by Themesquad – 1.7.0
08-20-2020 @ 06:01:33 -     WooCommerce Order Status Control by SkyVerge – 1.12.3
08-20-2020 @ 06:01:33 -     WooCommerce Order Status Manager by SkyVerge – 1.11.9
08-20-2020 @ 06:01:33 -     WooCommerce PDF Invoices by Andrew Benbow – 4.7.2
08-20-2020 @ 06:01:33 -     WooCommerce Photography by WooCommerce – 1.0.25
08-20-2020 @ 06:01:33 -     WooCommerce Print Invoices/Packing Lists by SkyVerge – 3.8.7
08-20-2020 @ 06:01:33 -     WooCommerce Points and Rewards by WooCommerce – 1.6.35
08-20-2020 @ 06:01:33 -     WooCommerce Pre-Orders by WooCommerce – 1.5.27
08-20-2020 @ 06:01:33 -     WooCommerce Product Add-ons by WooCommerce – 3.0.36
08-20-2020 @ 06:01:33 -     WooCommerce Product Bundles by SomewhereWarm – 6.3.3
08-20-2020 @ 06:01:33 -     WooCommerce Product CSV Import Suite by WooCommerce – 1.10.34
08-20-2020 @ 06:01:33 -     WooCommerce Product Documents by SkyVerge – 1.11.3
08-20-2020 @ 06:01:33 -     WooCommerce Product Enquiry Form by WooCommerce – 1.2.14
08-20-2020 @ 06:01:33 -     WooCommerce Google Product Feed by Ademti Software Ltd. – 9.0.2
08-20-2020 @ 06:01:33 -     WooCommerce Product Finder by WooCommerce – 1.2.14
08-20-2020 @ 06:01:33 -     WooCommerce Product Search by itthinx – 3.0.0
08-20-2020 @ 06:01:33 -     WooCommerce Product Vendors by WooCommerce – 2.1.41
08-20-2020 @ 06:01:33 -     WooCommerce Products Compare by WooCommerce – 1.0.20
08-20-2020 @ 06:01:33 -     WooCommerce Quick View by WooCommerce – 1.2.10
08-20-2020 @ 06:01:33 -     WooCommerce Recommendation Engine by Lucas Stark – 3.2.3
08-20-2020 @ 06:01:33 -     WooCommerce Review for Discount by WooCommerce – 1.6.17
08-20-2020 @ 06:01:33 -     WooCommerce Sale Flash Pro by WooCommerce – 1.2.16
08-20-2020 @ 06:01:33 -     WooCommerce Sales Report Email by WooCommerce – 1.1.14
08-20-2020 @ 06:01:33 -     WooCommerce Sequential Order Numbers Pro by SkyVerge – 1.15.3
08-20-2020 @ 06:01:33 -     WooCommerce Shipment Tracking by WooCommerce – 1.6.23
08-20-2020 @ 06:01:33 -     WooCommerce Flat Rate Box Shipping by WooCommerce – 2.0.14
08-20-2020 @ 06:01:33 -     WooCommerce Local Pickup Plus by SkyVerge – 2.8.2
08-20-2020 @ 06:01:33 -     WooCommerce Ship to Multiple Addresses by WooCommerce – 3.6.21
08-20-2020 @ 06:01:33 -     WooCommerce Shipping Per Product v2 by WooCommerce – 2.3.10
08-20-2020 @ 06:01:33 -     WooCommerce Stamps.com API integration by WooCommerce – 1.3.19
08-20-2020 @ 06:01:33 -     WooCommerce Slack by WooCommerce – 1.2.4
08-20-2020 @ 06:01:33 -     WooCommerce Smart Coupons by StoreApps – 4.7.8
08-20-2020 @ 06:01:33 -     WooCommerce Social Login by SkyVerge – 2.8.8
08-20-2020 @ 06:01:33 -     WooCommerce Splash Popup by WooCommerce – 1.2.17
08-20-2020 @ 06:01:33 -     WooCommerce Store Catalog PDF Download by WooCommerce – 1.10.25
08-20-2020 @ 06:01:33 -     WooCommerce Store Credit by Themesquad – 3.2.1
08-20-2020 @ 06:01:33 -     WooCommerce Subscribe to Newsletter by Themesquad – 2.9.0
08-20-2020 @ 06:01:33 -     WooCommerce Subscription Downloads by WooCommerce – 1.1.26
08-20-2020 @ 06:01:33 -     WooCommerce Subscriptions by WooCommerce – 3.0.7
08-20-2020 @ 06:01:33 -     WooCommerce Tab Manager by SkyVerge – 1.12.2
08-20-2020 @ 06:01:33 -     WooCommerce Table Rate Shipping by WooCommerce – 3.0.28
08-20-2020 @ 06:01:33 -     WooCommerce TM Extra Product Options by themeComplete – 5.0.12.8
08-20-2020 @ 06:01:33 -     WooCommerce Waitlist by Neil Pie – 2.1.23
08-20-2020 @ 06:01:33 -     WooCommerce Warranty Requests by WooCommerce – 1.9.18
08-20-2020 @ 06:01:33 -     WooCommerce Xero Integration by WooCommerce – 1.7.32
08-20-2020 @ 06:01:33 -     WooCommerce by Automattic – 4.4.1
08-20-2020 @ 06:01:33 -     Yoast SEO Premium by Team Yoast – 14.8
08-20-2020 @ 06:01:33 -     WP Rocket by WP Media – 3.6.4
08-20-2020 @ 06:01:33 -     WP Sitemap Page by Tony Archambeau – 1.6.2
08-20-2020 @ 06:01:33 -     Yoast SEO: WooCommerce by Team Yoast – 13.5
08-20-2020 @ 06:01:34 - 3.0.7 upgrade complete from Subscriptions v0 while WooCommerce WC_VERSION 4.4.1 and database version 4.4.1 was active.
08-20-2020 @ 06:01:34 - Environment info:
08-20-2020 @ 06:01:34 -     WordPress Version : 5.5
08-20-2020 @ 06:01:34 - Active Plugins:
08-20-2020 @ 06:01:34 -     Admin Columns Pro by AdminColumns.com – 5.3
08-20-2020 @ 06:01:34 -     Dynamic Featured Image by Ankit Pokhrel – 3.7.0
08-20-2020 @ 06:01:34 -     Energy+ by EN.ER.GY – 1.2.2
08-20-2020 @ 06:01:34 -     Force Regenerate Thumbnails by Pedro Elsner – 2.0.6
08-20-2020 @ 06:01:34 -     WPBakery Page Builder by Michael M - WPBakery.com – 6.2.0
08-20-2020 @ 06:01:34 -     MailOptin - Lite by MailOptin Team – 1.2.30.1
08-20-2020 @ 06:01:34 -     MemberPress WooCommerce by Caseproof, LLC – 1.0.5
08-20-2020 @ 06:01:34 -     MemberPress WPBakery Content Protection by Caseproof, LLC – 1.0.0
08-20-2020 @ 06:01:34 -     Permalink Manager Pro by Maciej Bis – 2.2.8.9
08-20-2020 @ 06:01:34 -     Porto Theme - Functionality by P-Themes – 1.7.4
08-20-2020 @ 06:01:34 -     Regenerate Thumbnails by Alex Mills (Viper007Bond) – 3.1.3
08-20-2020 @ 06:01:34 -     Slider Revolution 404 Page Add-On by ThemePunch – 2.0.0
08-20-2020 @ 06:01:34 -     Slider Revolution Backup Add-On by ThemePunch – 2.0.1
08-20-2020 @ 06:01:34 -     Slider Revolution Before/After Add-On by ThemePunch – 2.0.4
08-20-2020 @ 06:01:34 -     Slider Revolution Bubblemorph AddOn by ThemePunch – 2.1.0
08-20-2020 @ 06:01:34 -     Slider Revolution Domain Switch Add-on by ThemePunch – 1.0.1
08-20-2020 @ 06:01:34 -     Slider Revolution Duotone-Filters Add-On by ThemePunch – 2.0.0
08-20-2020 @ 06:01:34 -     Slider Revolution Exploding Layers Add-On by ThemePunch – 2.1.1
08-20-2020 @ 06:01:34 -     Slider Revolution Featured Slider Add-on by ThemePunch – 2.0.1
08-20-2020 @ 06:01:34 -     Slider Revolution FilmStrip Add-On by ThemePunch – 2.0.2
08-20-2020 @ 06:01:34 -     Slider Revolution WP Gallery Add-On by ThemePunch – 2.0.0
08-20-2020 @ 06:01:34 -     Slider Revolution Distortion Effect AddOn by ThemePunch – 2.0.2
08-20-2020 @ 06:01:34 -     Slider Revolution Login Page Add-on by ThemePunch – 2.0.1
08-20-2020 @ 06:01:34 -     Slider Revolution Coming Soon & Maintenance Add-on by ThemePunch – 2.1.1
08-20-2020 @ 06:01:34 -     Slider Revolution Paint-Brush Add-On by ThemePunch – 2.1.6
08-20-2020 @ 06:01:34 -     Slider Revolution Panorama AddOn by ThemePunch – 2.1.1
08-20-2020 @ 06:01:34 -     Slider Revolution Particles Effect by ThemePunch – 2.1.0
08-20-2020 @ 06:01:34 -     Slider Revolution Polyfold Scroll Effect by ThemePunch – 2.0.0
08-20-2020 @ 06:01:34 -     Slider Revolution Previous and Next Posts Add-On by ThemePunch – 2.0.1
08-20-2020 @ 06:01:34 -     Slider Revolution URL Load Add-on by ThemePunch – 2.0.0
08-20-2020 @ 06:01:34 -     Slider Revolution Related Posts Add-On by ThemePunch – 2.0.0
08-20-2020 @ 06:01:34 -     Slider Revolution Reveal Preloaders by ThemePunch – 2.0.0
08-20-2020 @ 06:01:34 -     Slider Revolution Sharing Add-on by ThemePunch – 2.0.5
08-20-2020 @ 06:01:34 -     Slider Revolution Slicey Add-On by ThemePunch – 2.0.4
08-20-2020 @ 06:01:34 -     Slider Revolution Holiday Snow by ThemePunch – 2.0.0
08-20-2020 @ 06:01:34 -     Slider Revolution Typewriter Effect by ThemePunch – 2.0.2
08-20-2020 @ 06:01:34 -     Slider Revolution Weather Add-on by ThemePunch – 2.0.1
08-20-2020 @ 06:01:34 -     Slider Revolution Whiteboard Add-on by ThemePunch – 2.2.0
08-20-2020 @ 06:01:34 -     Slider Revolution by ThemePunch – 6.2.21
08-20-2020 @ 06:01:34 -     SUMO Reward Points by Fantastic Plugins – 25.3
08-20-2020 @ 06:01:34 -     Storefront Parallax Hero by WooCommerce – 1.5.7
08-20-2020 @ 06:01:34 -     WooCommerce Dynamic Pricing & Discounts by RightPress – 2.3.8
08-20-2020 @ 06:01:34 -      by Unknown – Unknown version
08-20-2020 @ 06:01:34 -      by Unknown – Unknown version
08-20-2020 @ 06:01:34 -     WooChimp by RightPress – 2.2.7
08-20-2020 @ 06:01:34 -     WooCommerce 360° Image by WooCommerce – 1.1.17
08-20-2020 @ 06:01:34 -     WooCommerce Account Funds by Themesquad – 2.3.0
08-20-2020 @ 06:01:34 -     WooCommerce Additional Variation Images by WooCommerce – 1.7.23
08-20-2020 @ 06:01:34 -     WooCommerce Address Validation by SkyVerge – 2.6.7
08-20-2020 @ 06:01:34 -     WooCommerce Advanced Notifications by WooCommerce – 1.2.26
08-20-2020 @ 06:01:34 -     WooCommerce Advanced Product Labels by Jeroen Sormani – 1.1.7
08-20-2020 @ 06:01:34 -     WooCommerce Advanced Ajax Layered Navigation by WooCommerce – 1.4.24
08-20-2020 @ 06:01:34 -     WooCommerce All Products For Subscriptions by SomewhereWarm – 3.1.16
08-20-2020 @ 06:01:34 -     WooCommerce Amazon Fulfillment by Never Settle – 3.3.2
08-20-2020 @ 06:01:34 -     WooCommerce Anti Fraud by WooCommerce – 2.7.3
08-20-2020 @ 06:01:34 -     WooCommerce API Manager by Todd Lahman LLC – 2.3.2
08-20-2020 @ 06:01:34 -     WooCommerce Authorize.Net Reporting by SkyVerge – 1.10.3
08-20-2020 @ 06:01:34 -     WooCommerce Bookings by WooCommerce – 1.15.24
08-20-2020 @ 06:01:34 -     WooCommerce Boost Sales Premium by Andy Ha (villatheme.com) – 1.4.2
08-20-2020 @ 06:01:34 -     WooCommerce Box Office by WooCommerce – 1.1.26
08-20-2020 @ 06:01:34 -     WooCommerce Branding by WooCommerce – 1.0.26
08-20-2020 @ 06:01:34 -     WooCommerce Brands by WooCommerce – 1.6.18
08-20-2020 @ 06:01:34 -     WooCommerce Bulk Stock Management by WooCommerce – 2.2.28
08-20-2020 @ 06:01:34 -     WooCommerce Cart Add-Ons by WooCommerce – 1.5.30
08-20-2020 @ 06:01:34 -     WooCommerce Cart Notices by SkyVerge – 1.12.0
08-20-2020 @ 06:01:34 -     Cart Reports for WooCommerce by WooCommerce – 1.2.9
08-20-2020 @ 06:01:34 -     WooCommerce Catalog Visibility Options by Lucas Stark – 3.2.10
08-20-2020 @ 06:01:34 -     WooCommerce Chained Products by StoreApps – 2.9.6
08-20-2020 @ 06:01:34 -     WooCommerce Checkout Add-Ons by SkyVerge – 2.3.0
08-20-2020 @ 06:01:34 -     WooCommerce Checkout Field Editor by WooCommerce – 1.5.36
08-20-2020 @ 06:01:34 -     WooCommerce Composite Products by SomewhereWarm – 7.0.4
08-20-2020 @ 06:01:34 -     WooCommerce Conditional Content by Lucas Stark – 2.1.1
08-20-2020 @ 06:01:34 -     WooCommerce Conditional Shipping and Payments by SomewhereWarm – 1.8.2
08-20-2020 @ 06:01:34 -     WooCommerce Cost of Goods by SkyVerge – 2.9.8
08-20-2020 @ 06:01:34 -     WooCommerce Coupon Campaigns & Tracking by WooCommerce – 1.1.13
08-20-2020 @ 06:01:34 -     WooCommerce Currency Converter by WooCommerce – 1.6.23
08-20-2020 @ 06:01:34 -     WooCommerce Customer/Order/Coupon Export by SkyVerge – 5.0.14
08-20-2020 @ 06:01:34 -     WooCommerce Customer/Order/Coupon CSV Import Suite by SkyVerge – 3.8.8
08-20-2020 @ 06:01:34 -     WooCommerce Customer/Order XML Export Suite by SkyVerge – 2.6.3
08-20-2020 @ 06:01:34 -     WooCommerce Deposits by WooCommerce – 1.5.2
08-20-2020 @ 06:01:34 -     WooCommerce Distance Rate Shipping by Automattic – 1.0.22
08-20-2020 @ 06:01:34 -     WooCommerce Drip by WooCommerce – 1.2.21
08-20-2020 @ 06:01:34 -     WooCommerce Dropshipping by WooCommerce – 2.5
08-20-2020 @ 06:01:34 -     WooCommerce Dynamic Pricing by Lucas Stark – 3.1.19
08-20-2020 @ 06:01:34 -     WooCommerce E-Mail Attachments (by Inoplugs) by InoPlugs – 3.0.11
08-20-2020 @ 06:01:34 -     Follow-Up Emails by WooCommerce – 4.9.4
08-20-2020 @ 06:01:34 -     WooCommerce Force Sells by WooCommerce – 1.1.24
08-20-2020 @ 06:01:34 -     WooCommerce Free Gift Coupons by Kathy Darling – 2.5.2
08-20-2020 @ 06:01:34 -     WooCommerce FreshBooks by SkyVerge – 3.14.1
08-20-2020 @ 06:01:34 -     WooCommerce Freshdesk by Automattic – 1.1.25
08-20-2020 @ 06:01:34 -     WooCommerce Chase Paymentech Gateway by SkyVerge – 1.14.7
08-20-2020 @ 06:01:34 -     WooCommerce Intuit Payments Gateway by SkyVerge – 2.7.5
08-20-2020 @ 06:01:34 -     WooCommerce PayPal Pro (Classic and PayFlow Editions) Gateway by WooCommerce – 4.5.0
08-20-2020 @ 06:01:34 -     WooCommerce Purchase Order Payment Gateway by WooCommerce – 1.2.10
08-20-2020 @ 06:01:34 -     WooCommerce Servired/RedSys Spain Gateway by José Conti – 9.4.0
08-20-2020 @ 06:01:34 -     WooCommerce WorldPay Gateway by Andrew Benbow – 4.1.3
08-20-2020 @ 06:01:34 -     WooCommerce Give Products by WooCommerce – 1.1.9
08-20-2020 @ 06:01:34 -     WooCommerce Google Analytics Pro by SkyVerge – 1.8.14
08-20-2020 @ 06:01:34 -     WooCommerce Gravity Forms Product Add-Ons by Lucas Stark – 3.3.14
08-20-2020 @ 06:01:34 -     WooCommerce Help Scout by WooCommerce – 2.3
08-20-2020 @ 06:01:34 -     WooCommerce Instagram by Themesquad – 3.3.1
08-20-2020 @ 06:01:34 -     WooCommerce Measurement Price Calculator by SkyVerge – 3.17.5
08-20-2020 @ 06:01:34 -     MailChimp for WooCommerce Memberships by SkyVerge – 1.2.4
08-20-2020 @ 06:01:34 -     WooCommerce Memberships by SkyVerge – 1.17.5
08-20-2020 @ 06:01:34 -     WooCommerce Min/Max Quantities by WooCommerce – 2.4.18
08-20-2020 @ 06:01:34 -     WooCommerce Mix and Match Products by Kathy Darling – 1.10.0
08-20-2020 @ 06:01:34 -     WooCommerce MSRP Pricing by Ademti Software Ltd. – 2.9.16
08-20-2020 @ 06:01:34 -     WooCommerce Nested Category Layout by SkyVerge – 1.14.4
08-20-2020 @ 06:01:34 -     WooCommerce One Page Checkout by Automattic – 1.7.8
08-20-2020 @ 06:01:34 -     WooCommerce Order Barcodes by WooCommerce – 1.3.21
08-20-2020 @ 06:01:34 -     WooCommerce Order Delivery by Themesquad – 1.7.0
08-20-2020 @ 06:01:34 -     WooCommerce Order Status Control by SkyVerge – 1.12.3
08-20-2020 @ 06:01:34 -     WooCommerce Order Status Manager by SkyVerge – 1.11.9
08-20-2020 @ 06:01:34 -     WooCommerce PDF Invoices by Andrew Benbow – 4.7.2
08-20-2020 @ 06:01:34 -     WooCommerce Photography by WooCommerce – 1.0.25
08-20-2020 @ 06:01:34 -     WooCommerce Print Invoices/Packing Lists by SkyVerge – 3.8.7
08-20-2020 @ 06:01:34 -     WooCommerce Points and Rewards by WooCommerce – 1.6.35
08-20-2020 @ 06:01:34 -     WooCommerce Pre-Orders by WooCommerce – 1.5.27
08-20-2020 @ 06:01:34 -     WooCommerce Product Add-ons by WooCommerce – 3.0.36
08-20-2020 @ 06:01:34 -     WooCommerce Product Bundles by SomewhereWarm – 6.3.3
08-20-2020 @ 06:01:34 -     WooCommerce Product CSV Import Suite by WooCommerce – 1.10.34
08-20-2020 @ 06:01:34 -     WooCommerce Product Documents by SkyVerge – 1.11.3
08-20-2020 @ 06:01:34 -     WooCommerce Product Enquiry Form by WooCommerce – 1.2.14
08-20-2020 @ 06:01:34 -     WooCommerce Google Product Feed by Ademti Software Ltd. – 9.0.2
08-20-2020 @ 06:01:34 -     WooCommerce Product Finder by WooCommerce – 1.2.14
08-20-2020 @ 06:01:34 -     WooCommerce Product Search by itthinx – 3.0.0
08-20-2020 @ 06:01:34 -     WooCommerce Product Vendors by WooCommerce – 2.1.41
08-20-2020 @ 06:01:34 -     WooCommerce Products Compare by WooCommerce – 1.0.20
08-20-2020 @ 06:01:34 -     WooCommerce Quick View by WooCommerce – 1.2.10
08-20-2020 @ 06:01:34 -     WooCommerce Recommendation Engine by Lucas Stark – 3.2.3
08-20-2020 @ 06:01:34 -     WooCommerce Review for Discount by WooCommerce – 1.6.17
08-20-2020 @ 06:01:34 -     WooCommerce Sale Flash Pro by WooCommerce – 1.2.16
08-20-2020 @ 06:01:34 -     WooCommerce Sales Report Email by WooCommerce – 1.1.14
08-20-2020 @ 06:01:34 -     WooCommerce Sequential Order Numbers Pro by SkyVerge – 1.15.3
08-20-2020 @ 06:01:34 -     WooCommerce Shipment Tracking by WooCommerce – 1.6.23
08-20-2020 @ 06:01:34 -     WooCommerce Flat Rate Box Shipping by WooCommerce – 2.0.14
08-20-2020 @ 06:01:34 -     WooCommerce Local Pickup Plus by SkyVerge – 2.8.2
08-20-2020 @ 06:01:34 -     WooCommerce Ship to Multiple Addresses by WooCommerce – 3.6.21
08-20-2020 @ 06:01:34 -     WooCommerce Shipping Per Product v2 by WooCommerce – 2.3.10
08-20-2020 @ 06:01:34 -     WooCommerce Stamps.com API integration by WooCommerce – 1.3.19
08-20-2020 @ 06:01:34 -     WooCommerce Slack by WooCommerce – 1.2.4
08-20-2020 @ 06:01:34 -     WooCommerce Smart Coupons by StoreApps – 4.7.8
08-20-2020 @ 06:01:34 -     WooCommerce Social Login by SkyVerge – 2.8.8
08-20-2020 @ 06:01:34 -     WooCommerce Splash Popup by WooCommerce – 1.2.17
08-20-2020 @ 06:01:34 -     WooCommerce Store Catalog PDF Download by WooCommerce – 1.10.25
08-20-2020 @ 06:01:34 -     WooCommerce Store Credit by Themesquad – 3.2.1
08-20-2020 @ 06:01:34 -     WooCommerce Subscribe to Newsletter by Themesquad – 2.9.0
08-20-2020 @ 06:01:34 -     WooCommerce Subscription Downloads by WooCommerce – 1.1.26
08-20-2020 @ 06:01:34 -     WooCommerce Subscriptions by WooCommerce – 3.0.7
08-20-2020 @ 06:01:34 -     WooCommerce Tab Manager by SkyVerge – 1.12.2
08-20-2020 @ 06:01:34 -     WooCommerce Table Rate Shipping by WooCommerce – 3.0.28
08-20-2020 @ 06:01:34 -     WooCommerce TM Extra Product Options by themeComplete – 5.0.12.8
08-20-2020 @ 06:01:34 -     WooCommerce Waitlist by Neil Pie – 2.1.23
08-20-2020 @ 06:01:34 -     WooCommerce Warranty Requests by WooCommerce – 1.9.18
08-20-2020 @ 06:01:34 -     WooCommerce Xero Integration by WooCommerce – 1.7.32
08-20-2020 @ 06:01:34 -     WooCommerce by Automattic – 4.4.1
08-20-2020 @ 06:01:34 -     Yoast SEO Premium by Team Yoast – 14.8
08-20-2020 @ 06:01:34 -     WP Rocket by WP Media – 3.6.4
08-20-2020 @ 06:01:34 -     WP Sitemap Page by Tony Archambeau – 1.6.2
08-20-2020 @ 06:01:34 -     Yoast SEO: WooCommerce by Team Yoast – 13.5
08-20-2020 @ 06:01:36 - 3.0.7 upgrade complete from Subscriptions v0 while WooCommerce WC_VERSION 4.4.1 and database version 4.4.1 was active.
08-20-2020 @ 06:01:36 - Environment info:
08-20-2020 @ 06:01:36 -     WordPress Version : 5.5
08-20-2020 @ 06:01:36 - Active Plugins:
08-20-2020 @ 06:01:36 -     Admin Columns Pro by AdminColumns.com – 5.3
08-20-2020 @ 06:01:36 -     Dynamic Featured Image by Ankit Pokhrel – 3.7.0
08-20-2020 @ 06:01:36 -     Energy+ by EN.ER.GY – 1.2.2
08-20-2020 @ 06:01:36 -     Force Regenerate Thumbnails by Pedro Elsner – 2.0.6
08-20-2020 @ 06:01:36 -     WPBakery Page Builder by Michael M - WPBakery.com – 6.2.0
08-20-2020 @ 06:01:36 -     MailOptin - Lite by MailOptin Team – 1.2.30.1
08-20-2020 @ 06:01:36 -     MemberPress WooCommerce by Caseproof, LLC – 1.0.5
08-20-2020 @ 06:01:36 -     MemberPress WPBakery Content Protection by Caseproof, LLC – 1.0.0
08-20-2020 @ 06:01:36 -     Permalink Manager Pro by Maciej Bis – 2.2.8.9
08-20-2020 @ 06:01:36 -     Porto Theme - Functionality by P-Themes – 1.7.4
08-20-2020 @ 06:01:36 -     Regenerate Thumbnails by Alex Mills (Viper007Bond) – 3.1.3
08-20-2020 @ 06:01:36 -     Slider Revolution 404 Page Add-On by ThemePunch – 2.0.0
08-20-2020 @ 06:01:36 -     Slider Revolution Backup Add-On by ThemePunch – 2.0.1
08-20-2020 @ 06:01:36 -     Slider Revolution Before/After Add-On by ThemePunch – 2.0.4
08-20-2020 @ 06:01:36 -     Slider Revolution Bubblemorph AddOn by ThemePunch – 2.1.0
08-20-2020 @ 06:01:36 -     Slider Revolution Domain Switch Add-on by ThemePunch – 1.0.1
08-20-2020 @ 06:01:36 -     Slider Revolution Duotone-Filters Add-On by ThemePunch – 2.0.0
08-20-2020 @ 06:01:36 -     Slider Revolution Exploding Layers Add-On by ThemePunch – 2.1.1
08-20-2020 @ 06:01:36 -     Slider Revolution Featured Slider Add-on by ThemePunch – 2.0.1
08-20-2020 @ 06:01:36 -     Slider Revolution FilmStrip Add-On by ThemePunch – 2.0.2
08-20-2020 @ 06:01:36 -     Slider Revolution WP Gallery Add-On by ThemePunch – 2.0.0
08-20-2020 @ 06:01:36 -     Slider Revolution Distortion Effect AddOn by ThemePunch – 2.0.2
08-20-2020 @ 06:01:36 -     Slider Revolution Login Page Add-on by ThemePunch – 2.0.1
08-20-2020 @ 06:01:36 -     Slider Revolution Coming Soon & Maintenance Add-on by ThemePunch – 2.1.1
08-20-2020 @ 06:01:36 -     Slider Revolution Paint-Brush Add-On by ThemePunch – 2.1.6
08-20-2020 @ 06:01:36 -     Slider Revolution Panorama AddOn by ThemePunch – 2.1.1
08-20-2020 @ 06:01:36 -     Slider Revolution Particles Effect by ThemePunch – 2.1.0
08-20-2020 @ 06:01:36 -     Slider Revolution Polyfold Scroll Effect by ThemePunch – 2.0.0
08-20-2020 @ 06:01:36 -     Slider Revolution Previous and Next Posts Add-On by ThemePunch – 2.0.1
08-20-2020 @ 06:01:36 -     Slider Revolution URL Load Add-on by ThemePunch – 2.0.0
08-20-2020 @ 06:01:36 -     Slider Revolution Related Posts Add-On by ThemePunch – 2.0.0
08-20-2020 @ 06:01:36 -     Slider Revolution Reveal Preloaders by ThemePunch – 2.0.0
08-20-2020 @ 06:01:36 -     Slider Revolution Sharing Add-on by ThemePunch – 2.0.5
08-20-2020 @ 06:01:36 -     Slider Revolution Slicey Add-On by ThemePunch – 2.0.4
08-20-2020 @ 06:01:36 -     Slider Revolution Holiday Snow by ThemePunch – 2.0.0
08-20-2020 @ 06:01:36 -     Slider Revolution Typewriter Effect by ThemePunch – 2.0.2
08-20-2020 @ 06:01:36 -     Slider Revolution Weather Add-on by ThemePunch – 2.0.1
08-20-2020 @ 06:01:36 -     Slider Revolution Whiteboard Add-on by ThemePunch – 2.2.0
08-20-2020 @ 06:01:36 -     Slider Revolution by ThemePunch – 6.2.21
08-20-2020 @ 06:01:36 -     SUMO Reward Points by Fantastic Plugins – 25.3
08-20-2020 @ 06:01:36 -     Storefront Parallax Hero by WooCommerce – 1.5.7
08-20-2020 @ 06:01:36 -     WooCommerce Dynamic Pricing & Discounts by RightPress – 2.3.8
08-20-2020 @ 06:01:36 -      by Unknown – Unknown version
08-20-2020 @ 06:01:36 -      by Unknown – Unknown version
08-20-2020 @ 06:01:36 -     WooChimp by RightPress – 2.2.7
08-20-2020 @ 06:01:36 -     WooCommerce 360° Image by WooCommerce – 1.1.17
08-20-2020 @ 06:01:36 -     WooCommerce Account Funds by Themesquad – 2.3.0
08-20-2020 @ 06:01:36 -     WooCommerce Additional Variation Images by WooCommerce – 1.7.23
08-20-2020 @ 06:01:36 -     WooCommerce Address Validation by SkyVerge – 2.6.7
08-20-2020 @ 06:01:36 -     WooCommerce Advanced Notifications by WooCommerce – 1.2.26
08-20-2020 @ 06:01:36 -     WooCommerce Advanced Product Labels by Jeroen Sormani – 1.1.7
08-20-2020 @ 06:01:36 -     WooCommerce Advanced Ajax Layered Navigation by WooCommerce – 1.4.24
08-20-2020 @ 06:01:36 -     WooCommerce All Products For Subscriptions by SomewhereWarm – 3.1.16
08-20-2020 @ 06:01:36 -     WooCommerce Amazon Fulfillment by Never Settle – 3.3.2
08-20-2020 @ 06:01:36 -     WooCommerce Anti Fraud by WooCommerce – 2.7.3
08-20-2020 @ 06:01:36 -     WooCommerce API Manager by Todd Lahman LLC – 2.3.2
08-20-2020 @ 06:01:36 -     WooCommerce Authorize.Net Reporting by SkyVerge – 1.10.3
08-20-2020 @ 06:01:36 -     WooCommerce Bookings by WooCommerce – 1.15.24
08-20-2020 @ 06:01:36 -     WooCommerce Boost Sales Premium by Andy Ha (villatheme.com) – 1.4.2
08-20-2020 @ 06:01:36 -     WooCommerce Box Office by WooCommerce – 1.1.26
08-20-2020 @ 06:01:36 -     WooCommerce Branding by WooCommerce – 1.0.26
08-20-2020 @ 06:01:36 -     WooCommerce Brands by WooCommerce – 1.6.18
08-20-2020 @ 06:01:36 -     WooCommerce Bulk Stock Management by WooCommerce – 2.2.28
08-20-2020 @ 06:01:36 -     WooCommerce Cart Add-Ons by WooCommerce – 1.5.30
08-20-2020 @ 06:01:36 -     WooCommerce Cart Notices by SkyVerge – 1.12.0
08-20-2020 @ 06:01:36 -     Cart Reports for WooCommerce by WooCommerce – 1.2.9
08-20-2020 @ 06:01:36 -     WooCommerce Catalog Visibility Options by Lucas Stark – 3.2.10
08-20-2020 @ 06:01:36 -     WooCommerce Chained Products by StoreApps – 2.9.6
08-20-2020 @ 06:01:36 -     WooCommerce Checkout Add-Ons by SkyVerge – 2.3.0
08-20-2020 @ 06:01:36 -     WooCommerce Checkout Field Editor by WooCommerce – 1.5.36
08-20-2020 @ 06:01:36 -     WooCommerce Composite Products by SomewhereWarm – 7.0.4
08-20-2020 @ 06:01:36 -     WooCommerce Conditional Content by Lucas Stark – 2.1.1
08-20-2020 @ 06:01:36 -     WooCommerce Conditional Shipping and Payments by SomewhereWarm – 1.8.2
08-20-2020 @ 06:01:36 -     WooCommerce Cost of Goods by SkyVerge – 2.9.8
08-20-2020 @ 06:01:36 -     WooCommerce Coupon Campaigns & Tracking by WooCommerce – 1.1.13
08-20-2020 @ 06:01:36 -     WooCommerce Currency Converter by WooCommerce – 1.6.23
08-20-2020 @ 06:01:36 -     WooCommerce Customer/Order/Coupon Export by SkyVerge – 5.0.14
08-20-2020 @ 06:01:36 -     WooCommerce Customer/Order/Coupon CSV Import Suite by SkyVerge – 3.8.8
08-20-2020 @ 06:01:36 -     WooCommerce Customer/Order XML Export Suite by SkyVerge – 2.6.3
08-20-2020 @ 06:01:36 -     WooCommerce Deposits by WooCommerce – 1.5.2
08-20-2020 @ 06:01:36 -     WooCommerce Distance Rate Shipping by Automattic – 1.0.22
08-20-2020 @ 06:01:36 -     WooCommerce Drip by WooCommerce – 1.2.21
08-20-2020 @ 06:01:36 -     WooCommerce Dropshipping by WooCommerce – 2.5
08-20-2020 @ 06:01:36 -     WooCommerce Dynamic Pricing by Lucas Stark – 3.1.19
08-20-2020 @ 06:01:36 -     WooCommerce E-Mail Attachments (by Inoplugs) by InoPlugs – 3.0.11
08-20-2020 @ 06:01:36 -     Follow-Up Emails by WooCommerce – 4.9.4
08-20-2020 @ 06:01:36 -     WooCommerce Force Sells by WooCommerce – 1.1.24
08-20-2020 @ 06:01:36 -     WooCommerce Free Gift Coupons by Kathy Darling – 2.5.2
08-20-2020 @ 06:01:36 -     WooCommerce FreshBooks by SkyVerge – 3.14.1
08-20-2020 @ 06:01:36 -     WooCommerce Freshdesk by Automattic – 1.1.25
08-20-2020 @ 06:01:36 -     WooCommerce Chase Paymentech Gateway by SkyVerge – 1.14.7
08-20-2020 @ 06:01:36 -     WooCommerce Intuit Payments Gateway by SkyVerge – 2.7.5
08-20-2020 @ 06:01:36 -     WooCommerce PayPal Pro (Classic and PayFlow Editions) Gateway by WooCommerce – 4.5.0
08-20-2020 @ 06:01:36 -     WooCommerce Purchase Order Payment Gateway by WooCommerce – 1.2.10
08-20-2020 @ 06:01:36 -     WooCommerce Servired/RedSys Spain Gateway by José Conti – 9.4.0
08-20-2020 @ 06:01:36 -     WooCommerce WorldPay Gateway by Andrew Benbow – 4.1.3
08-20-2020 @ 06:01:36 -     WooCommerce Give Products by WooCommerce – 1.1.9
08-20-2020 @ 06:01:36 -     WooCommerce Google Analytics Pro by SkyVerge – 1.8.14
08-20-2020 @ 06:01:36 -     WooCommerce Gravity Forms Product Add-Ons by Lucas Stark – 3.3.14
08-20-2020 @ 06:01:36 -     WooCommerce Help Scout by WooCommerce – 2.3
08-20-2020 @ 06:01:36 -     WooCommerce Instagram by Themesquad – 3.3.1
08-20-2020 @ 06:01:36 -     WooCommerce Measurement Price Calculator by SkyVerge – 3.17.5
08-20-2020 @ 06:01:36 -     MailChimp for WooCommerce Memberships by SkyVerge – 1.2.4
08-20-2020 @ 06:01:36 -     WooCommerce Memberships by SkyVerge – 1.17.5
08-20-2020 @ 06:01:36 -     WooCommerce Min/Max Quantities by WooCommerce – 2.4.18
08-20-2020 @ 06:01:36 -     WooCommerce Mix and Match Products by Kathy Darling – 1.10.0
08-20-2020 @ 06:01:36 -     WooCommerce MSRP Pricing by Ademti Software Ltd. – 2.9.16
08-20-2020 @ 06:01:36 -     WooCommerce Nested Category Layout by SkyVerge – 1.14.4
08-20-2020 @ 06:01:36 -     WooCommerce One Page Checkout by Automattic – 1.7.8
08-20-2020 @ 06:01:36 -     WooCommerce Order Barcodes by WooCommerce – 1.3.21
08-20-2020 @ 06:01:36 -     WooCommerce Order Delivery by Themesquad – 1.7.0
08-20-2020 @ 06:01:36 -     WooCommerce Order Status Control by SkyVerge – 1.12.3
08-20-2020 @ 06:01:36 -     WooCommerce Order Status Manager by SkyVerge – 1.11.9
08-20-2020 @ 06:01:36 -     WooCommerce PDF Invoices by Andrew Benbow – 4.7.2
08-20-2020 @ 06:01:36 -     WooCommerce Photography by WooCommerce – 1.0.25
08-20-2020 @ 06:01:36 -     WooCommerce Print Invoices/Packing Lists by SkyVerge – 3.8.7
08-20-2020 @ 06:01:36 -     WooCommerce Points and Rewards by WooCommerce – 1.6.35
08-20-2020 @ 06:01:36 -     WooCommerce Pre-Orders by WooCommerce – 1.5.27
08-20-2020 @ 06:01:36 -     WooCommerce Product Add-ons by WooCommerce – 3.0.36
08-20-2020 @ 06:01:36 -     WooCommerce Product Bundles by SomewhereWarm – 6.3.3
08-20-2020 @ 06:01:36 -     WooCommerce Product CSV Import Suite by WooCommerce – 1.10.34
08-20-2020 @ 06:01:36 -     WooCommerce Product Documents by SkyVerge – 1.11.3
08-20-2020 @ 06:01:36 -     WooCommerce Product Enquiry Form by WooCommerce – 1.2.14
08-20-2020 @ 06:01:36 -     WooCommerce Google Product Feed by Ademti Software Ltd. – 9.0.2
08-20-2020 @ 06:01:36 -     WooCommerce Product Finder by WooCommerce – 1.2.14
08-20-2020 @ 06:01:36 -     WooCommerce Product Search by itthinx – 3.0.0
08-20-2020 @ 06:01:36 -     WooCommerce Product Vendors by WooCommerce – 2.1.41
08-20-2020 @ 06:01:36 -     WooCommerce Products Compare by WooCommerce – 1.0.20
08-20-2020 @ 06:01:36 -     WooCommerce Quick View by WooCommerce – 1.2.10
08-20-2020 @ 06:01:36 -     WooCommerce Recommendation Engine by Lucas Stark – 3.2.3
08-20-2020 @ 06:01:36 -     WooCommerce Review for Discount by WooCommerce – 1.6.17
08-20-2020 @ 06:01:36 -     WooCommerce Sale Flash Pro by WooCommerce – 1.2.16
08-20-2020 @ 06:01:36 -     WooCommerce Sales Report Email by WooCommerce – 1.1.14
08-20-2020 @ 06:01:36 -     WooCommerce Sequential Order Numbers Pro by SkyVerge – 1.15.3
08-20-2020 @ 06:01:36 -     WooCommerce Shipment Tracking by WooCommerce – 1.6.23
08-20-2020 @ 06:01:36 -     WooCommerce Flat Rate Box Shipping by WooCommerce – 2.0.14
08-20-2020 @ 06:01:36 -     WooCommerce Local Pickup Plus by SkyVerge – 2.8.2
08-20-2020 @ 06:01:36 -     WooCommerce Ship to Multiple Addresses by WooCommerce – 3.6.21
08-20-2020 @ 06:01:36 -     WooCommerce Shipping Per Product v2 by WooCommerce – 2.3.10
08-20-2020 @ 06:01:36 -     WooCommerce Stamps.com API integration by WooCommerce – 1.3.19
08-20-2020 @ 06:01:36 -     WooCommerce Slack by WooCommerce – 1.2.4
08-20-2020 @ 06:01:36 -     WooCommerce Smart Coupons by StoreApps – 4.7.8
08-20-2020 @ 06:01:36 -     WooCommerce Social Login by SkyVerge – 2.8.8
08-20-2020 @ 06:01:36 -     WooCommerce Splash Popup by WooCommerce – 1.2.17
08-20-2020 @ 06:01:36 -     WooCommerce Store Catalog PDF Download by WooCommerce – 1.10.25
08-20-2020 @ 06:01:36 -     WooCommerce Store Credit by Themesquad – 3.2.1
08-20-2020 @ 06:01:36 -     WooCommerce Subscribe to Newsletter by Themesquad – 2.9.0
08-20-2020 @ 06:01:36 -     WooCommerce Subscription Downloads by WooCommerce – 1.1.26
08-20-2020 @ 06:01:36 -     WooCommerce Subscriptions by WooCommerce – 3.0.7
08-20-2020 @ 06:01:36 -     WooCommerce Tab Manager by SkyVerge – 1.12.2
08-20-2020 @ 06:01:36 -     WooCommerce Table Rate Shipping by WooCommerce – 3.0.28
08-20-2020 @ 06:01:36 -     WooCommerce TM Extra Product Options by themeComplete – 5.0.12.8
08-20-2020 @ 06:01:36 -     WooCommerce Waitlist by Neil Pie – 2.1.23
08-20-2020 @ 06:01:36 -     WooCommerce Warranty Requests by WooCommerce – 1.9.18
08-20-2020 @ 06:01:36 -     WooCommerce Xero Integration by WooCommerce – 1.7.32
08-20-2020 @ 06:01:36 -     WooCommerce by Automattic – 4.4.1
08-20-2020 @ 06:01:36 -     Yoast SEO Premium by Team Yoast – 14.8
08-20-2020 @ 06:01:36 -     WP Rocket by WP Media – 3.6.4
08-20-2020 @ 06:01:36 -     WP Sitemap Page by Tony Archambeau – 1.6.2
08-20-2020 @ 06:01:36 -     Yoast SEO: WooCommerce by Team Yoast – 13.5
