#
# There is insufficient memory for the Java Runtime Environment to continue.
# Native memory allocation (malloc) failed to allocate 32744 bytes for ChunkPool::allocate
# Possible reasons:
#   The system is out of physical RAM or swap space
#   The process is running with CompressedOops enabled, and the Java Heap may be blocking the growth of the native heap
# Possible solutions:
#   Reduce memory load on the system
#   Increase physical memory or swap space
#   Check if swap backing store is full
#   Decrease Java heap size (-Xmx/-Xms)
#   Decrease number of Java threads
#   Decrease Java thread stack sizes (-Xss)
#   Set larger code cache with -XX:ReservedCodeCacheSize=
#
#  
#
# 
]nmethod 66 0x0000000002b8ddd0 code [0x0000000002b8df40, 0x0000000002b8e0c8]
Event: 11.749 Thread 0x000000001e24d000   67       3       java.lang.String::startsWith (72 bytes)
Event: 11.750 Thread 0x000000001e24d000 nmethod 67 0x0000000002b8e150 code [0x0000000002b8e2c0, 0x0000000002b8e5f0]
Event: 11.750 Thread 0x000000001e24d000   70       3       sun.misc.MetaIndex::mayContain (51 bytes)
Event: 11.750 Thread 0x000000001e24d000 nmethod 70 0x0000000002b8e7d0 code [0x0000000002b8e980, 0x0000000002b8f018]
Event: 11.750 Thread 0x000000001e24d000   69  s!   3       sun.misc.URLClassPath::getLoader (243 bytes)

GC Heap History (0 events):
No events

Deoptimization events (0 events):
No events

Classes redefined (0 events):
No events

Internal exceptions (10 events):
Event: 11.744 Thread 0x000000000295e000 Exception <a 'java/security/PrivilegedActionException'> (0x000000076bbad098) thrown at [C:\BuildAgent\work\d169a5271ee8d3d2\hotspot\src\share\vm\prims\jvm.cpp, line 1508]
Event: 11.746 Thread 0x000000000295e000 Exception <a 'java/security/PrivilegedActionException'> (0x000000076bbb1218) thrown at [C:\BuildAgent\work\d169a5271ee8d3d2\hotspot\src\share\vm\prims\jvm.cpp, line 1508]
Event: 11.746 Thread 0x000000000295e000 Exception <a 'java/security/PrivilegedActionException'> (0x000000076bbb1610) thrown at [C:\BuildAgent\work\d169a5271ee8d3d2\hotspot\src\share\vm\prims\jvm.cpp, line 1508]
Event: 11.746 Thread 0x000000000295e000 Exception <a 'java/security/PrivilegedActionException'> (0x000000076bbb2fa8) thrown at [C:\BuildAgent\work\d169a5271ee8d3d2\hotspot\src\share\vm\prims\jvm.cpp, line 1508]
Event: 11.746 Thread 0x000000000295e000 Exception <a 'java/security/PrivilegedActionException'> (0x000000076bbb33a0) thrown at [C:\BuildAgent\work\d169a5271ee8d3d2\hotspot\src\share\vm\prims\jvm.cpp, line 1508]
Event: 11.753 Thread 0x000000000295e000 Exception <a 'java/lang/OutOfMemoryError'> (0x000000076bbb8b60) thrown at [C:\BuildAgent\work\d169a5271ee8d3d2\hotspot\src\share\vm\prims\jni.cpp, line 736]
Event: 11.753 Thread 0x000000000295e000 Exception <a 'java/lang/OutOfMemoryError'> (0x000000076bbb8b60) thrown at [C:\BuildAgent\work\d169a5271ee8d3d2\hotspot\src\share\vm\prims\jvm.cpp, line 1512]
Event: 11.753 Thread 0x000000000295e000 Exception <a 'java/lang/OutOfMemoryError'> (0x000000076bbb8b60) thrown at [C:\BuildAgent\work\d169a5271ee8d3d2\hotspot\src\share\vm\prims\jvm.cpp, line 1512]
Event: 11.753 Thread 0x000000000295e000 Exception <a 'java/lang/OutOfMemoryError'> (0x000000076bbb8b60) thrown at [C:\BuildAgent\work\d169a5271ee8d3d2\hotspot\src\share\vm\prims\jvm.cpp, line 1512]
Event: 11.753 Thread 0x000000000295e000 Exception <a 'java/lang/OutOfMemoryError'> (0x000000076bbb8b60) thrown at [C:\BuildAgent\work\d169a5271ee8d3d2\hotspot\src\share\vm\oops\instanceKlass.cpp, line 959]

Events (10 events):
Event: 11.752 loading class sun/util/resources/LocaleNamesBundle
Event: 11.752 loading class sun/util/resources/OpenListResourceBundle
Event: 11.752 loading class sun/util/resources/OpenListResourceBundle done
Event: 11.752 loading class sun/util/resources/LocaleNamesBundle done
Event: 11.752 loading class sun/util/resources/CalendarData done
Event: 11.752 loading class java/util/ResourceBundle$BundleReference
Event: 11.752 loading class java/util/ResourceBundle$BundleReference done
Event: 11.752 loading class sun/util/resources/it/CalendarData_it
Event: 11.752 loading class sun/util/resources/it/CalendarData_it done
Event: 11.754 loading class java/lang/Throwable$WrappedPrintStream


Dynamic libraries:
0x00007ff7a3340000 - 0x00007ff7a3371000 	C:\Program Files\JetBrains\PhpStorm 2018.3.1\jre64\bin\java.exe
0x00007ffca9ec0000 - 0x00007ffcaa0b0000 	C:\WINDOWS\SYSTEM32\ntdll.dll
0x00007ffca7f70000 - 0x00007ffca8022000 	C:\WINDOWS\System32\KERNEL32.DLL
0x00007ffca7b20000 - 0x00007ffca7dc3000 	C:\WINDOWS\System32\KERNELBASE.dll
0x00007ffca8770000 - 0x00007ffca8813000 	C:\WINDOWS\System32\ADVAPI32.dll
0x00007ffca8860000 - 0x00007ffca88fe000 	C:\WINDOWS\System32\msvcrt.dll
0x00007ffca9ab0000 - 0x00007ffca9b47000 	C:\WINDOWS\System32\sechost.dll
0x00007ffca8650000 - 0x00007ffca8770000 	C:\WINDOWS\System32\RPCRT4.dll
0x00007ffca8450000 - 0x00007ffca85e4000 	C:\WINDOWS\System32\USER32.dll
0x00007ffca7970000 - 0x00007ffca7991000 	C:\WINDOWS\System32\win32u.dll
0x00007ffca8830000 - 0x00007ffca8856000 	C:\WINDOWS\System32\GDI32.dll
0x00007ffca7dd0000 - 0x00007ffca7f64000 	C:\WINDOWS\System32\gdi32full.dll
0x00007ffca79a0000 - 0x00007ffca7a3e000 	C:\WINDOWS\System32\msvcp_win.dll
0x00007ffca7700000 - 0x00007ffca77fa000 	C:\WINDOWS\System32\ucrtbase.dll
0x00007ffc8ab10000 - 0x00007ffc8ad95000 	C:\WINDOWS\WinSxS\amd64_microsoft.windows.common-controls_6595b64144ccf1df_6.0.18362.418_none_e6c6b287130d565d\COMCTL32.dll
0x00007ffca8920000 - 0x00007ffca8c56000 	C:\WINDOWS\System32\combase.dll
0x00007ffca6f00000 - 0x00007ffca6f80000 	C:\WINDOWS\System32\bcryptPrimitives.dll
0x00007ffca8c60000 - 0x00007ffca8c8e000 	C:\WINDOWS\System32\IMM32.DLL
0x000000005ec80000 - 0x000000005ed52000 	C:\Program Files\JetBrains\PhpStorm 2018.3.1\jre64\bin\msvcr100.dll
0x000000005ed60000 - 0x000000005f5a6000 	C:\Program Files\JetBrains\PhpStorm 2018.3.1\jre64\bin\server\jvm.dll
0x00007ffca8df0000 - 0x00007ffca8df8000 	C:\WINDOWS\System32\PSAPI.DLL
0x00007ffc93910000 - 0x00007ffc93919000 	C:\WINDOWS\SYSTEM32\WSOCK32.dll
0x00007ffca4530000 - 0x00007ffca4554000 	C:\WINDOWS\SYSTEM32\WINMM.dll
0x00007ffca95d0000 - 0x00007ffca963f000 	C:\WINDOWS\System32\WS2_32.dll
0x00007ffc98840000 - 0x00007ffc9884a000 	C:\WINDOWS\SYSTEM32\VERSION.dll
0x00007ffca40b0000 - 0x00007ffca40dd000 	C:\WINDOWS\SYSTEM32\winmmbase.dll
0x00007ffca7a40000 - 0x00007ffca7a8a000 	C:\WINDOWS\System32\cfgmgr32.dll
0x00007ffca23f0000 - 0x00007ffca23ff000 	C:\Program Files\JetBrains\PhpStorm 2018.3.1\jre64\bin\verify.dll
0x00007ffc944c0000 - 0x00007ffc944e9000 	C:\Program Files\JetBrains\PhpStorm 2018.3.1\jre64\bin\java.dll
0x00007ffc99bf0000 - 0x00007ffc99c06000 	C:\Program Files\JetBrains\PhpStorm 2018.3.1\jre64\bin\zip.dll
0x00007ffca8e60000 - 0x00007ffca9545000 	C:\WINDOWS\System32\SHELL32.dll
0x00007ffca8100000 - 0x00007ffca81a9000 	C:\WINDOWS\System32\shcore.dll
0x00007ffca6f80000 - 0x00007ffca76ff000 	C:\WINDOWS\System32\windows.storage.dll
0x00007ffca6da0000 - 0x00007ffca6dbf000 	C:\WINDOWS\System32\profapi.dll
0x00007ffca6e00000 - 0x00007ffca6e4a000 	C:\WINDOWS\System32\powrprof.dll
0x00007ffca6d90000 - 0x00007ffca6da0000 	C:\WINDOWS\System32\UMPDC.dll
0x00007ffca85f0000 - 0x00007ffca8642000 	C:\WINDOWS\System32\shlwapi.dll
0x00007ffca6dc0000 - 0x00007ffca6dd1000 	C:\WINDOWS\System32\kernel.appcore.dll
0x00007ffca7950000 - 0x00007ffca7967000 	C:\WINDOWS\System32\cryptsp.dll

VM Arguments:
java_command: org.jetbrains.git4idea.http.GitAskPassApp Username for 'https://bitbucket.org': 
java_class_path (initial): C:/Program Files/JetBrains/PhpStorm 2018.3.1/plugins/git4idea/lib/git4idea-rt.jar;C:/Program Files/JetBrains/PhpStorm 2018.3.1/lib/xmlrpc-2.0.1.jar;C:/Program Files/JetBrains/PhpStorm 2018.3.1/lib/commons-codec-1.10.jar;C:/Program Files/JetBrains/PhpStorm 2018.3.1/lib/util.jar
Launcher Type: SUN_STANDARD

Environment Variables:
PATH=C:\Program Files\Git\mingw64/libexec/git-core;C:\Program Files\Git\mingw64/libexec/git-core;C:\Program Files\Git\mingw64\bin;C:\Program Files\Git\usr\bin;C:\Users\Salvo\bin;C:\WINDOWS\system32;C:\WINDOWS;C:\WINDOWS\System32\Wbem;C:\WINDOWS\System32\WindowsPowerShell\v1.0\;C:\WINDOWS\System32\OpenSSH\;C:\Program Files\Git\cmd;C:\Program Files (x86)\GnuWin32\bin;C:\Program Files\TortoiseSVN\bin;C:\Program Files\PuTTY\;C:\Program Files\nodejs\;C:\HashiCorp\Vagrant\bin;C:\Program Files (x86)\Intel\Intel(R) Management Engine Components\DAL;C:\Program Files\Intel\Intel(R) Management Engine Components\DAL;C:\Program Files\Intel\WiFi\bin\;C:\Program Files\Common Files\Intel\WirelessCommon\;C:\Users\Salvo\AppData\Local\Microsoft\WindowsApps;C:\Program Files\Intel\WiFi\bin\;C:\Program Files\Common Files\Intel\WirelessCommon\;C:\Users\Salvo\AppData\Roaming\npm;
USERNAME=Salvo
DISPLAY=:0.0
OS=Windows_NT
PROCESSOR_IDENTIFIER=Intel64 Family 6 Model 142 Stepping 10, GenuineIntel



---------------  S Y S T E M  ---------------

OS: Windows 10.0 , 64 bit Build 18362 (10.0.18362.329)

CPU:total 8 (initial active 8) (4 cores per cpu, 2 threads per core) family 6 model 142 stepping 10, cmov, cx8, fxsr, mmx, sse, sse2, sse3, ssse3, sse4.1, sse4.2, popcnt, avx, avx2, aes, clmul, erms, 3dnowpref, lzcnt, ht, tsc, tscinvbit, bmi1, bmi2, adx

Memory: 4k page, physical 16607252k(2306192k free), swap 66938900k(66696k free)

vm_info: OpenJDK 64-Bit Server VM (25.202-b44) for windows-amd64 JRE (1.8.0_202-release-1483-b44), built on Mar 29 2019 17:15:10 by "builduser" with MS VC++ 10.0 (VS2010)

time: Thu Oct 31 16:10:34 2019
timezone: ora solare Europa occidentale
elapsed time: 11 seconds (0d 0h 0m 11s)

